===============================  
starting... : build_Trans_String (20210618_101357_159107)

[process-trans-sentences_arabic.php : 89] $fpath_Trans_Dat : C:\WORKS_2\shortcuts_docs\log-session_JVE_70.[CO2].[trans-sentences].dat 
===============================  
starting... : build_Trans_String (20210618_101519_870451)

[process-trans-sentences_arabic.php : 89] $fpath_Trans_Dat : C:\WORKS_2\shortcuts_docs\log-session_JVE_70.[CO2].[trans-sentences].dat[process-trans-sentences_arabic.php : 103] $linesOf_File =>

Array
(
    [0] => وأطلق[wa'at^laqa:and-fired جنود[dhunuwd:soldiers الاحتلال خلال[xilaala:during المواجهات[muwaadhahaat:confrontations الرصاص[al'ras^aasa:dumdum-bullet الحي[al'xayu:live والمطاطي وقنابل الغاز المسيل للدموع تجاه المواطنين.
)
 
===============================  
starting... : build_Trans_String (20210618_101642_659795)

[process-trans-sentences_arabic.php : 89] $fpath_Trans_Dat : C:\WORKS_2\shortcuts_docs\log-session_JVE_70.[CO2].[trans-sentences].dat[process-trans-sentences_arabic.php : 103] $linesOf_File =>

Array
(
    [0] => وأطلق[wa'at^laqa:and-fired جنود[dhunuwd:soldiers الاحتلال خلال[xilaala:during المواجهات[muwaadhahaat:confrontations الرصاص[al'ras^aasa:dumdum-bullet الحي[al'xayu:live والمطاطي وقنابل الغاز المسيل للدموع تجاه المواطنين.
)
[process-trans-sentences_arabic.php : 127] $linesOf_File__Trimmed =>

Array
(
    [0] => وأطلق[wa'at^laqa:and-fired جنود[dhunuwd:soldiers الاحتلال خلال[xilaala:during المواجهات[muwaadhahaat:confrontations الرصاص[al'ras^aasa:dumdum-bullet الحي[al'xayu:live والمطاطي وقنابل الغاز المسيل للدموع تجاه المواطنين.
)
 
===============================  
starting... : build_Trans_String (20210618_101824_731774)

[process-trans-sentences_arabic.php : 89] $fpath_Trans_Dat : C:\WORKS_2\shortcuts_docs\log-session_JVE_70.[CO2].[trans-sentences].dat[process-trans-sentences_arabic.php : 103] $linesOf_File =>

Array
(
    [0] => وأطلق[wa'at^laqa:and-fired جنود[dhunuwd:soldiers الاحتلال خلال[xilaala:during المواجهات[muwaadhahaat:confrontations الرصاص[al'ras^aasa:dumdum-bullet الحي[al'xayu:live والمطاطي وقنابل الغاز المسيل للدموع تجاه المواطنين.

    [1] => المواجهات[muwaadhahaat:confrontations الرصاص[al'ras^aasa:dumdum-bullet الحي[al'xayu:live والمطاطي وقنابل الغاز 

)
[process-trans-sentences_arabic.php : 127] $linesOf_File__Trimmed =>

Array
(
    [0] => وأطلق[wa'at^laqa:and-fired جنود[dhunuwd:soldiers الاحتلال خلال[xilaala:during المواجهات[muwaadhahaat:confrontations الرصاص[al'ras^aasa:dumdum-bullet الحي[al'xayu:live والمطاطي وقنابل الغاز المسيل للدموع تجاه المواطنين.
    [1] => المواجهات[muwaadhahaat:confrontations الرصاص[al'ras^aasa:dumdum-bullet الحي[al'xayu:live والمطاطي وقنابل الغاز
)
 
===============================  
starting... : build_Trans_String (20210618_101946_648516)

[process-trans-sentences_arabic.php : 89] $fpath_Trans_Dat : C:\WORKS_2\shortcuts_docs\log-session_JVE_70.[CO2].[trans-sentences].dat[process-trans-sentences_arabic.php : 103] $linesOf_File =>

Array
(
    [0] => وأطلق[wa'at^laqa:and-fired جنود[dhunuwd:soldiers الاحتلال خلال[xilaala:during المواجهات[muwaadhahaat:confrontations الرصاص[al'ras^aasa:dumdum-bullet الحي[al'xayu:live والمطاطي وقنابل الغاز المسيل للدموع تجاه المواطنين.

    [1] => المواجهات[muwaadhahaat:confrontations الرصاص[al'ras^aasa:dumdum-bullet الحي[al'xayu:live والمطاطي وقنابل الغاز 

)
[process-trans-sentences_arabic.php : 127] $linesOf_File__Trimmed =>

Array
(
    [0] => وأطلق[wa'at^laqa:and-fired جنود[dhunuwd:soldiers الاحتلال خلال[xilaala:during المواجهات[muwaadhahaat:confrontations الرصاص[al'ras^aasa:dumdum-bullet الحي[al'xayu:live والمطاطي وقنابل الغاز المسيل للدموع تجاه المواطنين.
    [1] => المواجهات[muwaadhahaat:confrontations الرصاص[al'ras^aasa:dumdum-bullet الحي[al'xayu:live والمطاطي وقنابل الغاز
)
[process-trans-sentences_arabic.php : 143] $stringOf_Joined_Lines =>

وأطلق[wa'at^laqa:and-fired جنود[dhunuwd:soldiers الاحتلال خلال[xilaala:during المواجهات[muwaadhahaat:confrontations الرصاص[al'ras^aasa:dumdum-bullet الحي[al'xayu:live والمطاطي وقنابل الغاز المسيل للدموع تجاه المواطنين. المواجهات[muwaadhahaat:confrontations الرصاص[al'ras^aasa:dumdum-bullet الحي[al'xayu:live والمطاطي وقنابل الغاز 
===============================  
starting... : build_Trans_String (20210618_102052_669831)

[process-trans-sentences_arabic.php : 89] $fpath_Trans_Dat : C:\WORKS_2\shortcuts_docs\log-session_JVE_70.[CO2].[trans-sentences].dat[process-trans-sentences_arabic.php : 103] $linesOf_File =>

Array
(
    [0] => وأطلق[wa'at^laqa:and-fired جنود[dhunuwd:soldiers الاحتلال خلال[xilaala:during المواجهات[muwaadhahaat:confrontations الرصاص[al'ras^aasa:dumdum-bullet الحي[al'xayu:live والمطاطي وقنابل الغاز المسيل للدموع تجاه المواطنين.

    [1] => المواجهات[muwaadhahaat:confrontations الرصاص[al'ras^aasa:dumdum-bullet الحي[al'xayu:live والمطاطي وقنابل الغاز 

)
[process-trans-sentences_arabic.php : 127] $linesOf_File__Trimmed =>

Array
(
    [0] => وأطلق[wa'at^laqa:and-fired جنود[dhunuwd:soldiers الاحتلال خلال[xilaala:during المواجهات[muwaadhahaat:confrontations الرصاص[al'ras^aasa:dumdum-bullet الحي[al'xayu:live والمطاطي وقنابل الغاز المسيل للدموع تجاه المواطنين.
    [1] => المواجهات[muwaadhahaat:confrontations الرصاص[al'ras^aasa:dumdum-bullet الحي[al'xayu:live والمطاطي وقنابل الغاز
)
[process-trans-sentences_arabic.php : 143] $stringOf_Joined_Lines =>

وأطلق[wa'at^laqa:and-fired جنود[dhunuwd:soldiers الاحتلال خلال[xilaala:during المواجهات[muwaadhahaat:confrontations الرصاص[al'ras^aasa:dumdum-bullet الحي[al'xayu:live والمطاطي وقنابل الغاز المسيل للدموع تجاه المواطنين. المواجهات[muwaadhahaat:confrontations الرصاص[al'ras^aasa:dumdum-bullet الحي[al'xayu:live والمطاطي وقنابل الغاز[process-trans-sentences_arabic.php : 158] $tokensOf_Split =>

Array
(
    [0] => وأطلق[wa'at^laqa:and-fired
    [1] => جنود[dhunuwd:soldiers
    [2] => الاحتلال
    [3] => خلال[xilaala:during
    [4] => المواجهات[muwaadhahaat:confrontations
    [5] => الرصاص[al'ras^aasa:dumdum-bullet
    [6] => الحي[al'xayu:live
    [7] => والمطاطي
    [8] => وقنابل
    [9] => الغاز
    [10] => المسيل
    [11] => للدموع
    [12] => تجاه
    [13] => المواطنين.
    [14] => المواجهات[muwaadhahaat:confrontations
    [15] => الرصاص[al'ras^aasa:dumdum-bullet
    [16] => الحي[al'xayu:live
    [17] => والمطاطي
    [18] => وقنابل
    [19] => الغاز
)
 
===============================  
starting... : build_Trans_String (20210618_102633_616029)

[process-trans-sentences_arabic.php : 89] $fpath_Trans_Dat : C:\WORKS_2\shortcuts_docs\log-session_JVE_70.[CO2].[trans-sentences].dat[process-trans-sentences_arabic.php : 103] $linesOf_File =>

Array
(
    [0] => وأطلق[wa'at^laqa:and-fired جنود[dhunuwd:soldiers الاحتلال خلال[xilaala:during المواجهات[muwaadhahaat:confrontations الرصاص[al'ras^aasa:dumdum-bullet الحي[al'xayu:live والمطاطي وقنابل الغاز المسيل للدموع تجاه المواطنين.

    [1] => المواجهات[muwaadhahaat:confrontations الرصاص[al'ras^aasa:dumdum-bullet الحي[al'xayu:live والمطاطي وقنابل الغاز 

)
[process-trans-sentences_arabic.php : 127] $linesOf_File__Trimmed =>

Array
(
    [0] => وأطلق[wa'at^laqa:and-fired جنود[dhunuwd:soldiers الاحتلال خلال[xilaala:during المواجهات[muwaadhahaat:confrontations الرصاص[al'ras^aasa:dumdum-bullet الحي[al'xayu:live والمطاطي وقنابل الغاز المسيل للدموع تجاه المواطنين.
    [1] => المواجهات[muwaadhahaat:confrontations الرصاص[al'ras^aasa:dumdum-bullet الحي[al'xayu:live والمطاطي وقنابل الغاز
)
[process-trans-sentences_arabic.php : 143] $stringOf_Joined_Lines =>

وأطلق[wa'at^laqa:and-fired جنود[dhunuwd:soldiers الاحتلال خلال[xilaala:during المواجهات[muwaadhahaat:confrontations الرصاص[al'ras^aasa:dumdum-bullet الحي[al'xayu:live والمطاطي وقنابل الغاز المسيل للدموع تجاه المواطنين. المواجهات[muwaadhahaat:confrontations الرصاص[al'ras^aasa:dumdum-bullet الحي[al'xayu:live والمطاطي وقنابل الغاز[process-trans-sentences_arabic.php : 158] $tokensOf_Split =>

Array
(
    [0] => وأطلق[wa'at^laqa:and-fired
    [1] => جنود[dhunuwd:soldiers
    [2] => الاحتلال
    [3] => خلال[xilaala:during
    [4] => المواجهات[muwaadhahaat:confrontations
    [5] => الرصاص[al'ras^aasa:dumdum-bullet
    [6] => الحي[al'xayu:live
    [7] => والمطاطي
    [8] => وقنابل
    [9] => الغاز
    [10] => المسيل
    [11] => للدموع
    [12] => تجاه
    [13] => المواطنين.
    [14] => المواجهات[muwaadhahaat:confrontations
    [15] => الرصاص[al'ras^aasa:dumdum-bullet
    [16] => الحي[al'xayu:live
    [17] => والمطاطي
    [18] => وقنابل
    [19] => الغاز
)
[process-trans-sentences_arabic.php : 184] filtering.. : pattern = '/^.+\[.+/i'[process-trans-sentences_arabic.php : 237] $aryOf_Tokens__Filtered_In =>

Array
(
    [0] => وأطلق[wa'at^laqa:and-fired
    [1] => جنود[dhunuwd:soldiers
    [2] => خلال[xilaala:during
    [3] => المواجهات[muwaadhahaat:confrontations
    [4] => الرصاص[al'ras^aasa:dumdum-bullet
    [5] => الحي[al'xayu:live
    [6] => المواجهات[muwaadhahaat:confrontations
    [7] => الرصاص[al'ras^aasa:dumdum-bullet
    [8] => الحي[al'xayu:live
)
 
===============================  
starting... : build_Trans_String (20210618_102738_418541)

[process-trans-sentences_arabic.php : 89] $fpath_Trans_Dat : C:\WORKS_2\shortcuts_docs\log-session_JVE_70.[CO2].[trans-sentences].dat[process-trans-sentences_arabic.php : 103] $linesOf_File =>

Array
(
    [0] => وأطلق[wa'at^laqa:and-fired جنود[dhunuwd:soldiers الاحتلال خلال[xilaala:during المواجهات[muwaadhahaat:confrontations الرصاص[al'ras^aasa:dumdum-bullet الحي[al'xayu:live والمطاطي وقنابل الغاز المسيل للدموع تجاه المواطنين.

    [1] => المواجهات[muwaadhahaat:confrontations الرصاص[al'ras^aasa:dumdum-bullet الحي[al'xayu:live والمطاطي وقنابل الغاز 

)
[process-trans-sentences_arabic.php : 127] $linesOf_File__Trimmed =>

Array
(
    [0] => وأطلق[wa'at^laqa:and-fired جنود[dhunuwd:soldiers الاحتلال خلال[xilaala:during المواجهات[muwaadhahaat:confrontations الرصاص[al'ras^aasa:dumdum-bullet الحي[al'xayu:live والمطاطي وقنابل الغاز المسيل للدموع تجاه المواطنين.
    [1] => المواجهات[muwaadhahaat:confrontations الرصاص[al'ras^aasa:dumdum-bullet الحي[al'xayu:live والمطاطي وقنابل الغاز
)
[process-trans-sentences_arabic.php : 143] $stringOf_Joined_Lines =>

وأطلق[wa'at^laqa:and-fired جنود[dhunuwd:soldiers الاحتلال خلال[xilaala:during المواجهات[muwaadhahaat:confrontations الرصاص[al'ras^aasa:dumdum-bullet الحي[al'xayu:live والمطاطي وقنابل الغاز المسيل للدموع تجاه المواطنين. المواجهات[muwaadhahaat:confrontations الرصاص[al'ras^aasa:dumdum-bullet الحي[al'xayu:live والمطاطي وقنابل الغاز[process-trans-sentences_arabic.php : 158] $tokensOf_Split =>

Array
(
    [0] => وأطلق[wa'at^laqa:and-fired
    [1] => جنود[dhunuwd:soldiers
    [2] => الاحتلال
    [3] => خلال[xilaala:during
    [4] => المواجهات[muwaadhahaat:confrontations
    [5] => الرصاص[al'ras^aasa:dumdum-bullet
    [6] => الحي[al'xayu:live
    [7] => والمطاطي
    [8] => وقنابل
    [9] => الغاز
    [10] => المسيل
    [11] => للدموع
    [12] => تجاه
    [13] => المواطنين.
    [14] => المواجهات[muwaadhahaat:confrontations
    [15] => الرصاص[al'ras^aasa:dumdum-bullet
    [16] => الحي[al'xayu:live
    [17] => والمطاطي
    [18] => وقنابل
    [19] => الغاز
)
[process-trans-sentences_arabic.php : 184] filtering.. : pattern = '/^.+\[.+/i'[process-trans-sentences_arabic.php : 237] $aryOf_Tokens__Filtered_In =>

Array
(
    [0] => وأطلق[wa'at^laqa:and-fired
    [1] => جنود[dhunuwd:soldiers
    [2] => خلال[xilaala:during
    [3] => المواجهات[muwaadhahaat:confrontations
    [4] => الرصاص[al'ras^aasa:dumdum-bullet
    [5] => الحي[al'xayu:live
    [6] => المواجهات[muwaadhahaat:confrontations
    [7] => الرصاص[al'ras^aasa:dumdum-bullet
    [8] => الحي[al'xayu:live
)
[process-trans-sentences_arabic.php : 250] $stringOf_Trans_Strings =>
الاحتلال,والمطاطي,وقنابل,الغاز,المسيل,للدموع,تجاه,المواطنين.,والمطاطي,وقنابل,الغاز
 
===============================  
starting... : build_Trans_String (20210618_102757_232175)

[process-trans-sentences_arabic.php : 89] $fpath_Trans_Dat : C:\WORKS_2\shortcuts_docs\log-session_JVE_70.[CO2].[trans-sentences].dat[process-trans-sentences_arabic.php : 103] $linesOf_File =>

Array
(
    [0] => وأطلق[wa'at^laqa:and-fired جنود[dhunuwd:soldiers الاحتلال خلال[xilaala:during المواجهات[muwaadhahaat:confrontations الرصاص[al'ras^aasa:dumdum-bullet الحي[al'xayu:live والمطاطي وقنابل الغاز المسيل للدموع تجاه المواطنين.

    [1] => المواجهات[muwaadhahaat:confrontations الرصاص[al'ras^aasa:dumdum-bullet الحي[al'xayu:live والمطاطي وقنابل الغاز 

)
[process-trans-sentences_arabic.php : 127] $linesOf_File__Trimmed =>

Array
(
    [0] => وأطلق[wa'at^laqa:and-fired جنود[dhunuwd:soldiers الاحتلال خلال[xilaala:during المواجهات[muwaadhahaat:confrontations الرصاص[al'ras^aasa:dumdum-bullet الحي[al'xayu:live والمطاطي وقنابل الغاز المسيل للدموع تجاه المواطنين.
    [1] => المواجهات[muwaadhahaat:confrontations الرصاص[al'ras^aasa:dumdum-bullet الحي[al'xayu:live والمطاطي وقنابل الغاز
)
[process-trans-sentences_arabic.php : 143] $stringOf_Joined_Lines =>

وأطلق[wa'at^laqa:and-fired جنود[dhunuwd:soldiers الاحتلال خلال[xilaala:during المواجهات[muwaadhahaat:confrontations الرصاص[al'ras^aasa:dumdum-bullet الحي[al'xayu:live والمطاطي وقنابل الغاز المسيل للدموع تجاه المواطنين. المواجهات[muwaadhahaat:confrontations الرصاص[al'ras^aasa:dumdum-bullet الحي[al'xayu:live والمطاطي وقنابل الغاز[process-trans-sentences_arabic.php : 158] $tokensOf_Split =>

Array
(
    [0] => وأطلق[wa'at^laqa:and-fired
    [1] => جنود[dhunuwd:soldiers
    [2] => الاحتلال
    [3] => خلال[xilaala:during
    [4] => المواجهات[muwaadhahaat:confrontations
    [5] => الرصاص[al'ras^aasa:dumdum-bullet
    [6] => الحي[al'xayu:live
    [7] => والمطاطي
    [8] => وقنابل
    [9] => الغاز
    [10] => المسيل
    [11] => للدموع
    [12] => تجاه
    [13] => المواطنين.
    [14] => المواجهات[muwaadhahaat:confrontations
    [15] => الرصاص[al'ras^aasa:dumdum-bullet
    [16] => الحي[al'xayu:live
    [17] => والمطاطي
    [18] => وقنابل
    [19] => الغاز
)
[process-trans-sentences_arabic.php : 184] filtering.. : pattern = '/^.+\[.+/i'[process-trans-sentences_arabic.php : 237] $aryOf_Tokens__Filtered_In =>

Array
(
    [0] => وأطلق[wa'at^laqa:and-fired
    [1] => جنود[dhunuwd:soldiers
    [2] => خلال[xilaala:during
    [3] => المواجهات[muwaadhahaat:confrontations
    [4] => الرصاص[al'ras^aasa:dumdum-bullet
    [5] => الحي[al'xayu:live
    [6] => المواجهات[muwaadhahaat:confrontations
    [7] => الرصاص[al'ras^aasa:dumdum-bullet
    [8] => الحي[al'xayu:live
)
[process-trans-sentences_arabic.php : 251] $stringOf_Trans_Strings =>
وأطلق[wa'at^laqa:and-fired,جنود[dhunuwd:soldiers,خلال[xilaala:during,المواجهات[muwaadhahaat:confrontations,الرصاص[al'ras^aasa:dumdum-bullet,الحي[al'xayu:live,المواجهات[muwaadhahaat:confrontations,الرصاص[al'ras^aasa:dumdum-bullet,الحي[al'xayu:live
 
===============================  
starting... : build_Trans_String (20210618_102922_704724)

[process-trans-sentences_arabic.php : 89] $fpath_Trans_Dat : C:\WORKS_2\shortcuts_docs\log-session_JVE_70.[CO2].[trans-sentences].dat[process-trans-sentences_arabic.php : 103] $linesOf_File =>

Array
(
    [0] => وأطلق[wa'at^laqa:and-fired جنود[dhunuwd:soldiers الاحتلال خلال[xilaala:during المواجهات[muwaadhahaat:confrontations الرصاص[al'ras^aasa:dumdum-bullet الحي[al'xayu:live والمطاطي وقنابل الغاز المسيل للدموع تجاه المواطنين.

    [1] => المواجهات[muwaadhahaat:confrontations الرصاص[al'ras^aasa:dumdum-bullet الحي[al'xayu:live والمطاطي وقنابل الغاز 

)
[process-trans-sentences_arabic.php : 127] $linesOf_File__Trimmed =>

Array
(
    [0] => وأطلق[wa'at^laqa:and-fired جنود[dhunuwd:soldiers الاحتلال خلال[xilaala:during المواجهات[muwaadhahaat:confrontations الرصاص[al'ras^aasa:dumdum-bullet الحي[al'xayu:live والمطاطي وقنابل الغاز المسيل للدموع تجاه المواطنين.
    [1] => المواجهات[muwaadhahaat:confrontations الرصاص[al'ras^aasa:dumdum-bullet الحي[al'xayu:live والمطاطي وقنابل الغاز
)
[process-trans-sentences_arabic.php : 143] $stringOf_Joined_Lines =>

وأطلق[wa'at^laqa:and-fired جنود[dhunuwd:soldiers الاحتلال خلال[xilaala:during المواجهات[muwaadhahaat:confrontations الرصاص[al'ras^aasa:dumdum-bullet الحي[al'xayu:live والمطاطي وقنابل الغاز المسيل للدموع تجاه المواطنين. المواجهات[muwaadhahaat:confrontations الرصاص[al'ras^aasa:dumdum-bullet الحي[al'xayu:live والمطاطي وقنابل الغاز[process-trans-sentences_arabic.php : 158] $tokensOf_Split =>

Array
(
    [0] => وأطلق[wa'at^laqa:and-fired
    [1] => جنود[dhunuwd:soldiers
    [2] => الاحتلال
    [3] => خلال[xilaala:during
    [4] => المواجهات[muwaadhahaat:confrontations
    [5] => الرصاص[al'ras^aasa:dumdum-bullet
    [6] => الحي[al'xayu:live
    [7] => والمطاطي
    [8] => وقنابل
    [9] => الغاز
    [10] => المسيل
    [11] => للدموع
    [12] => تجاه
    [13] => المواطنين.
    [14] => المواجهات[muwaadhahaat:confrontations
    [15] => الرصاص[al'ras^aasa:dumdum-bullet
    [16] => الحي[al'xayu:live
    [17] => والمطاطي
    [18] => وقنابل
    [19] => الغاز
)
[process-trans-sentences_arabic.php : 184] filtering.. : pattern = '/^.+\[.+/i'[process-trans-sentences_arabic.php : 237] $aryOf_Tokens__Filtered_In =>

Array
(
    [0] => وأطلق[wa'at^laqa:and-fired
    [1] => جنود[dhunuwd:soldiers
    [2] => خلال[xilaala:during
    [3] => المواجهات[muwaadhahaat:confrontations
    [4] => الرصاص[al'ras^aasa:dumdum-bullet
    [5] => الحي[al'xayu:live
    [6] => المواجهات[muwaadhahaat:confrontations
    [7] => الرصاص[al'ras^aasa:dumdum-bullet
    [8] => الحي[al'xayu:live
)
[process-trans-sentences_arabic.php : 251] $stringOf_Trans_Strings =>
وأطلق[wa'at^laqa:and-fired,جنود[dhunuwd:soldiers,خلال[xilaala:during,المواجهات[muwaadhahaat:confrontations,الرصاص[al'ras^aasa:dumdum-bullet,الحي[al'xayu:live,المواجهات[muwaadhahaat:confrontations,الرصاص[al'ras^aasa:dumdum-bullet,الحي[al'xayu:live
[process-trans-sentences_arabic.php : 285] file written =>
C:\WORKS_2\WS\WS_Others.JVEMV6\JVEMV6\70_co2\trans\trans_20210618_102922_720324.txt
[process-trans-sentences_arabic.php : 302] opening file... 'C:\WORKS_2\WS\WS_Others.JVEMV6\JVEMV6\70_co2\trans\trans_20210618_102922_720324.txt'
 
===============================  
starting... : build_Trans_String (20210618_103249_016083)

[process-trans-sentences_arabic.php : 89] $fpath_Trans_Dat : C:\WORKS_2\shortcuts_docs\log-session_JVE_70.[CO2].[trans-sentences].dat[process-trans-sentences_arabic.php : 103] $linesOf_File =>

Array
(
    [0] => وأطلق[wa'at^laqa:and-fired جنود[dhunuwd:soldiers الاحتلال خلال[xilaala:during المواجهات[muwaadhahaat:confrontations الرصاص[al'ras^aasa:dumdum-bullet الحي[al'xayu:live والمطاطي وقنابل الغاز المسيل للدموع تجاه المواطنين.

    [1] => المواجهات[muwaadhahaat:confrontations الرصاص[al'ras^aasa:dumdum-bullet الحي[al'xayu:live والمطاطي وقنابل الغاز 

)
[process-trans-sentences_arabic.php : 127] $linesOf_File__Trimmed =>

Array
(
    [0] => وأطلق[wa'at^laqa:and-fired جنود[dhunuwd:soldiers الاحتلال خلال[xilaala:during المواجهات[muwaadhahaat:confrontations الرصاص[al'ras^aasa:dumdum-bullet الحي[al'xayu:live والمطاطي وقنابل الغاز المسيل للدموع تجاه المواطنين.
    [1] => المواجهات[muwaadhahaat:confrontations الرصاص[al'ras^aasa:dumdum-bullet الحي[al'xayu:live والمطاطي وقنابل الغاز
)
[process-trans-sentences_arabic.php : 143] $stringOf_Joined_Lines =>

وأطلق[wa'at^laqa:and-fired جنود[dhunuwd:soldiers الاحتلال خلال[xilaala:during المواجهات[muwaadhahaat:confrontations الرصاص[al'ras^aasa:dumdum-bullet الحي[al'xayu:live والمطاطي وقنابل الغاز المسيل للدموع تجاه المواطنين. المواجهات[muwaadhahaat:confrontations الرصاص[al'ras^aasa:dumdum-bullet الحي[al'xayu:live والمطاطي وقنابل الغاز[process-trans-sentences_arabic.php : 158] $tokensOf_Split =>

Array
(
    [0] => وأطلق[wa'at^laqa:and-fired
    [1] => جنود[dhunuwd:soldiers
    [2] => الاحتلال
    [3] => خلال[xilaala:during
    [4] => المواجهات[muwaadhahaat:confrontations
    [5] => الرصاص[al'ras^aasa:dumdum-bullet
    [6] => الحي[al'xayu:live
    [7] => والمطاطي
    [8] => وقنابل
    [9] => الغاز
    [10] => المسيل
    [11] => للدموع
    [12] => تجاه
    [13] => المواطنين.
    [14] => المواجهات[muwaadhahaat:confrontations
    [15] => الرصاص[al'ras^aasa:dumdum-bullet
    [16] => الحي[al'xayu:live
    [17] => والمطاطي
    [18] => وقنابل
    [19] => الغاز
)
[process-trans-sentences_arabic.php : 184] filtering.. : pattern = '/^.+\[.+/i'[process-trans-sentences_arabic.php : 237] $aryOf_Tokens__Filtered_In =>

Array
(
    [0] => وأطلق[wa'at^laqa:and-fired
    [1] => جنود[dhunuwd:soldiers
    [2] => خلال[xilaala:during
    [3] => المواجهات[muwaadhahaat:confrontations
    [4] => الرصاص[al'ras^aasa:dumdum-bullet
    [5] => الحي[al'xayu:live
    [6] => المواجهات[muwaadhahaat:confrontations
    [7] => الرصاص[al'ras^aasa:dumdum-bullet
    [8] => الحي[al'xayu:live
)
[process-trans-sentences_arabic.php : 251] $stringOf_Trans_Strings =>
وأطلق[wa'at^laqa:and-fired,جنود[dhunuwd:soldiers,خلال[xilaala:during,المواجهات[muwaadhahaat:confrontations,الرصاص[al'ras^aasa:dumdum-bullet,الحي[al'xayu:live,المواجهات[muwaadhahaat:confrontations,الرصاص[al'ras^aasa:dumdum-bullet,الحي[al'xayu:live
[process-trans-sentences_arabic.php : 285] file written =>
C:\WORKS_2\WS\WS_Others.JVEMV6\JVEMV6\70_co2\trans\trans_20210618_103249_016083.txt
[process-trans-sentences_arabic.php : 302] opening file... 'C:\WORKS_2\WS\WS_Others.JVEMV6\JVEMV6\70_co2\trans\trans_20210618_103249_016083.txt'
 
