===============================  
[process-texts-for-reading_korean.php : 70] starting... : build_Texts_For_Reading (20210517_153248_008101)
[process-texts-for-reading_korean.php : 99]
$fpath_Trans_Dat : C:\WORKS_2\shortcuts_docs\log-session_JVE_70.[CO2].[trans-sentences].dat
[process-texts-for-reading_korean.php : 143]
pattern --> /\.\r\n/
[process-texts-for-reading_korean.php : 161]
match : line --> 'ë¥¼ ë‚˜íƒ€ë‚¸ë‹¤ê³  ë³´ê³ ëœë‹¤.
'Array
(
    [0] => .

)

[process-texts-for-reading_korean.php : 161]
match : line --> 'ì´ ë˜ë¯€ë¡œ ì‹í’ˆë³´ì¡°ì œë¡œì„œì˜ ì•½íš¨ì‹í’ˆ(nutraceu-tical)ìœ¼ë¡œ ìƒì‚°ë˜ê³  ìžˆë‹¤.
'Array
(
    [0] => .

)

[process-texts-for-reading_korean.php : 193]
$aryOf_Matched_Lines__Paragraph_End_Return ==>Array
(
    [0] => 2.3. ê±´ê°•ë³´ì¡° ì‹í’ˆ

    [1] =>  Chlorella ë°”ì´ì˜¤ë§¤ìŠ¤ëŠ” ì „ ì„¸ê³„ 70ê°œ ì´ìƒì˜

    [2] => ì œì¡°ì‚¬ì— ì˜í•´ ê±´ê°• ë‹¤ì´ì–´íŠ¸ ì‹í’ˆìœ¼ë¡œ ìƒì‚°ë˜ê³ 

    [3] => ìžˆëŠ”ë° ëŒ€ë§Œì—ì„œëŠ” ë…„ê°„ 400í†¤ì˜ ë°”ì´ì˜¤ë§¤ìŠ¤ë¥¼

    [4] => ìƒì‚°í•˜ê³  ìžˆë‹¤. Chlorella ë°”ì´ì˜¤ë§¤ìŠ¤ëŠ” ìœ„ê¶¤ì–‘,

    [5] => ìƒì²˜, ë³€ë¹„ ì¹˜ë£Œ, ë™ë§¥ê²½í™”ì¦ ë°©ì§€, ì½œë ˆìŠ¤í…Œë¡¤

    [6] => ì €í•˜, í•­ì•” íš¨ê³¼ì™€ ê°™ì€ ë‹¤ì–‘í•œ ìž ìž¬ì  ì¹˜ë£Œíš¨ê³¼

    [7] => ë¥¼ ë‚˜íƒ€ë‚¸ë‹¤ê³  ë³´ê³ ëœë‹¤.
    [8] => ë¯¸ì„¸ì¡°ë¥˜ ìœ ëž˜ì˜ Î²1,3-glucanì€ ë¹„ë¡ í•™ë¬¸ì ìœ¼ë¡œ ê·œëª…ë˜ì§€ëŠ” ì•Šì•˜ì§€

    [9] => ë§Œ active immuno-stimulator, free radical scavenger, blood lipids reducerì™€ ê°™ì€ í™œì„±ì„ ë‚˜íƒ€ë‚¸

    [10] => ë‹¤. Spirulina (Arthrospira)ëŠ” ë†’ì€ ë‹¨ë°±ì§ˆ í•¨ëŸ‰

    [11] => ë•Œë¬¸ì— ì˜ì–‘ì œë¡œì„œ ì‚¬ìš©ë˜ê±°ë‚˜ ì¸ì²´ê°€ ë§Œë“¤ì§€ ëª»

    [12] => í•˜ëŠ” linolenic acidì™€ ê°™ì€ í•„ìˆ˜ ì§€ë°©ì‚°ì˜ ê³µê¸‰ì›

    [13] => ì´ ë˜ë¯€ë¡œ ì‹í’ˆë³´ì¡°ì œë¡œì„œì˜ ì•½íš¨ì‹í’ˆ(nutraceu-tical)ìœ¼ë¡œ ìƒì‚°ë˜ê³  ìžˆë‹¤.
)

[process-texts-for-reading_korean.php : 213]
pattern --> /([^\.])\r\n/
[process-texts-for-reading_korean.php : 227]
match : line --> '2.3. ê±´ê°•ë³´ì¡° ì‹í’ˆ
'Array
(
    [0] => ˆ

    [1] => ˆ
)

[process-texts-for-reading_korean.php : 227]
match : line --> ' Chlorella ë°”ì´ì˜¤ë§¤ìŠ¤ëŠ” ì „ ì„¸ê³„ 70ê°œ ì´ìƒì˜
'Array
(
    [0] => ˜

    [1] => ˜
)

[process-texts-for-reading_korean.php : 227]
match : line --> 'ì œì¡°ì‚¬ì— ì˜í•´ ê±´ê°• ë‹¤ì´ì–´íŠ¸ ì‹í’ˆìœ¼ë¡œ ìƒì‚°ë˜ê³ 
'Array
(
    [0] =>  

    [1] =>  
)

[process-texts-for-reading_korean.php : 227]
match : line --> 'ìžˆëŠ”ë° ëŒ€ë§Œì—ì„œëŠ” ë…„ê°„ 400í†¤ì˜ ë°”ì´ì˜¤ë§¤ìŠ¤ë¥¼
'Array
(
    [0] => ¼

    [1] => ¼
)

[process-texts-for-reading_korean.php : 227]
match : line --> 'ìƒì‚°í•˜ê³  ìžˆë‹¤. Chlorella ë°”ì´ì˜¤ë§¤ìŠ¤ëŠ” ìœ„ê¶¤ì–‘,
'Array
(
    [0] => ,

    [1] => ,
)

[process-texts-for-reading_korean.php : 227]
match : line --> 'ìƒì²˜, ë³€ë¹„ ì¹˜ë£Œ, ë™ë§¥ê²½í™”ì¦ ë°©ì§€, ì½œë ˆìŠ¤í…Œë¡¤
'Array
(
    [0] => ¤

    [1] => ¤
)

[process-texts-for-reading_korean.php : 227]
match : line --> 'ì €í•˜, í•­ì•” íš¨ê³¼ì™€ ê°™ì€ ë‹¤ì–‘í•œ ìž ìž¬ì  ì¹˜ë£Œíš¨ê³¼
'Array
(
    [0] => ¼

    [1] => ¼
)

[process-texts-for-reading_korean.php : 227]
match : line --> 'ë¯¸ì„¸ì¡°ë¥˜ ìœ ëž˜ì˜ Î²1,3-glucanì€ ë¹„ë¡ í•™ë¬¸ì ìœ¼ë¡œ ê·œëª…ë˜ì§€ëŠ” ì•Šì•˜ì§€
'Array
(
    [0] => €

    [1] => €
)

[process-texts-for-reading_korean.php : 227]
match : line --> 'ë§Œ active immuno-stimulator, free radical scavenger, blood lipids reducerì™€ ê°™ì€ í™œì„±ì„ ë‚˜íƒ€ë‚¸
'Array
(
    [0] => ¸

    [1] => ¸
)

[process-texts-for-reading_korean.php : 227]
match : line --> 'ë‹¤. Spirulina (Arthrospira)ëŠ” ë†’ì€ ë‹¨ë°±ì§ˆ í•¨ëŸ‰
'Array
(
    [0] => ‰

    [1] => ‰
)

[process-texts-for-reading_korean.php : 227]
match : line --> 'ë•Œë¬¸ì— ì˜ì–‘ì œë¡œì„œ ì‚¬ìš©ë˜ê±°ë‚˜ ì¸ì²´ê°€ ë§Œë“¤ì§€ ëª»
'Array
(
    [0] => »

    [1] => »
)

[process-texts-for-reading_korean.php : 227]
match : line --> 'í•˜ëŠ” linolenic acidì™€ ê°™ì€ í•„ìˆ˜ ì§€ë°©ì‚°ì˜ ê³µê¸‰ì›
'Array
(
    [0] => 

    [1] => 
)

[process-texts-for-reading_korean.php : 259]
$aryOf_Matched_Lines__Nonsentence_End_Return ==>Array
(
    [0] => 2.3. ê±´ê°•ë³´ì¡° ì‹í’ˆ 
    [1] =>  Chlorella ë°”ì´ì˜¤ë§¤ìŠ¤ëŠ” ì „ ì„¸ê³„ 70ê°œ ì´ìƒì˜ 
    [2] => ì œì¡°ì‚¬ì— ì˜í•´ ê±´ê°• ë‹¤ì´ì–´íŠ¸ ì‹í’ˆìœ¼ë¡œ ìƒì‚°ë˜ê³  
    [3] => ìžˆëŠ”ë° ëŒ€ë§Œì—ì„œëŠ” ë…„ê°„ 400í†¤ì˜ ë°”ì´ì˜¤ë§¤ìŠ¤ë¥¼ 
    [4] => ìƒì‚°í•˜ê³  ìžˆë‹¤. Chlorella ë°”ì´ì˜¤ë§¤ìŠ¤ëŠ” ìœ„ê¶¤ì–‘, 
    [5] => ìƒì²˜, ë³€ë¹„ ì¹˜ë£Œ, ë™ë§¥ê²½í™”ì¦ ë°©ì§€, ì½œë ˆìŠ¤í…Œë¡¤ 
    [6] => ì €í•˜, í•­ì•” íš¨ê³¼ì™€ ê°™ì€ ë‹¤ì–‘í•œ ìž ìž¬ì  ì¹˜ë£Œíš¨ê³¼ 
    [7] => ë¥¼ ë‚˜íƒ€ë‚¸ë‹¤ê³  ë³´ê³ ëœë‹¤.
    [8] => ë¯¸ì„¸ì¡°ë¥˜ ìœ ëž˜ì˜ Î²1,3-glucanì€ ë¹„ë¡ í•™ë¬¸ì ìœ¼ë¡œ ê·œëª…ë˜ì§€ëŠ” ì•Šì•˜ì§€ 
    [9] => ë§Œ active immuno-stimulator, free radical scavenger, blood lipids reducerì™€ ê°™ì€ í™œì„±ì„ ë‚˜íƒ€ë‚¸ 
    [10] => ë‹¤. Spirulina (Arthrospira)ëŠ” ë†’ì€ ë‹¨ë°±ì§ˆ í•¨ëŸ‰ 
    [11] => ë•Œë¬¸ì— ì˜ì–‘ì œë¡œì„œ ì‚¬ìš©ë˜ê±°ë‚˜ ì¸ì²´ê°€ ë§Œë“¤ì§€ ëª» 
    [12] => í•˜ëŠ” linolenic acidì™€ ê°™ì€ í•„ìˆ˜ ì§€ë°©ì‚°ì˜ ê³µê¸‰ì› 
    [13] => ì´ ë˜ë¯€ë¡œ ì‹í’ˆë³´ì¡°ì œë¡œì„œì˜ ì•½íš¨ì‹í’ˆ(nutraceu-tical)ìœ¼ë¡œ ìƒì‚°ë˜ê³  ìžˆë‹¤.
)

[process-texts-for-reading_korean.php : 286] $stringOf_Replaeced_Lines ==>2.3. ê±´ê°•ë³´ì¡° ì‹í’ˆ  Chlorella ë°”ì´ì˜¤ë§¤ìŠ¤ëŠ” ì „ ì„¸ê³„ 70ê°œ ì´ìƒì˜ ì œì¡°ì‚¬ì— ì˜í•´ ê±´ê°• ë‹¤ì´ì–´íŠ¸ ì‹í’ˆìœ¼ë¡œ ìƒì‚°ë˜ê³  ìžˆëŠ”ë° ëŒ€ë§Œì—ì„œëŠ” ë…„ê°„ 400í†¤ì˜ ë°”ì´ì˜¤ë§¤ìŠ¤ë¥¼ ìƒì‚°í•˜ê³  ìžˆë‹¤. Chlorella ë°”ì´ì˜¤ë§¤ìŠ¤ëŠ” ìœ„ê¶¤ì–‘, ìƒì²˜, ë³€ë¹„ ì¹˜ë£Œ, ë™ë§¥ê²½í™”ì¦ ë°©ì§€, ì½œë ˆìŠ¤í…Œë¡¤ ì €í•˜, í•­ì•” íš¨ê³¼ì™€ ê°™ì€ ë‹¤ì–‘í•œ ìž ìž¬ì  ì¹˜ë£Œíš¨ê³¼ ë¥¼ ë‚˜íƒ€ë‚¸ë‹¤ê³  ë³´ê³ ëœë‹¤.ë¯¸ì„¸ì¡°ë¥˜ ìœ ëž˜ì˜ Î²1,3-glucanì€ ë¹„ë¡ í•™ë¬¸ì ìœ¼ë¡œ ê·œëª…ë˜ì§€ëŠ” ì•Šì•˜ì§€ ë§Œ active immuno-stimulator, free radical scavenger, blood lipids reducerì™€ ê°™ì€ í™œì„±ì„ ë‚˜íƒ€ë‚¸ ë‹¤. Spirulina (Arthrospira)ëŠ” ë†’ì€ ë‹¨ë°±ì§ˆ í•¨ëŸ‰ ë•Œë¬¸ì— ì˜ì–‘ì œë¡œì„œ ì‚¬ìš©ë˜ê±°ë‚˜ ì¸ì²´ê°€ ë§Œë“¤ì§€ ëª» í•˜ëŠ” linolenic acidì™€ ê°™ì€ í•„ìˆ˜ ì§€ë°©ì‚°ì˜ ê³µê¸‰ì› ì´ ë˜ë¯€ë¡œ ì‹í’ˆë³´ì¡°ì œë¡œì„œì˜ ì•½íš¨ì‹í’ˆ(nutraceu-tical)ìœ¼ë¡œ ìƒì‚°ë˜ê³  ìžˆë‹¤.
[process-texts-for-reading_korean.php : 326] file written ==>C:\WORKS_2\WS\WS_Others.JVEMV6\JVEMV6\70_co2\texts-for-reading\out.20210517_153248_008101.txt
[process-texts-for-reading_korean.php : 335] returning...
 
