===============================  
starting... : build_Trans_String (20210511_121758_095375)

CONS::$charOf_Sort_Delimiter_CSV_Line => ;

DIRECTORY_SEPARATOR => \

[process-trans-sentences.php : 117] $fpath_Trans_Dat : C:\WORKS_2\shortcuts_docs\log-session_JVE_70.[CO2].[trans-sentences].dat[process-trans-sentences.php : 130] $linesOf_File =>

Array
(
    [0] => образуется[형성하고 отходящий[폐기물 синтез-газ, синтез-газ содержащий[comprising оксиды углерода и водород,

    [1] => образуется[형성하고 отходящий[폐기물 синтез-газ, содержащий[comprising оксиды углерода и водород, abc def ghi jk'l ааа аадаа вод водо рр окс ПАВапв ДЛО

)
[process-trans-sentences.php : 161] $stringOf_Joined_Lines =>

образуется[형성하고 отходящий[폐기물 синтез-газ, синтез-газ содержащий[comprising оксиды углерода и водород, образуется[형성하고 отходящий[폐기물 синтез-газ, содержащий[comprising оксиды углерода и водород, abc def ghi jk'l ааа аадаа вод водо рр окс ПАВапв ДЛО[process-trans-sentences.php : 176] $tokensOf_Split =>

Array
(
    [0] => образуется[형성하고
    [1] => отходящий[폐기물
    [2] => синтез-газ,
    [3] => синтез-газ
    [4] => содержащий[comprising
    [5] => оксиды
    [6] => углерода
    [7] => и
    [8] => водород,
    [9] => образуется[형성하고
    [10] => отходящий[폐기물
    [11] => синтез-газ,
    [12] => содержащий[comprising
    [13] => оксиды
    [14] => углерода
    [15] => и
    [16] => водород,
    [17] => abc
    [18] => def
    [19] => ghi
    [20] => jk'l
    [21] => ааа
    [22] => аадаа
    [23] => вод
    [24] => водо
    [25] => рр
    [26] => окс
    [27] => ПАВапв
    [28] => ДЛО
)
[process-trans-sentences.php : 208] filtering.. : pattern = '/^[ЙЦУКЕНГШЩЗХЪФЫВАПРОЛДЖЭЯЧСМИТЬБЮйцукенгшщзхъфывапролджэячсмитьбю0-9a-zA-Z\s\-,']*$/i'[process-trans-sentences.php : 240] NOT match => ($result = 0)образуется[형성하고
[process-trans-sentences.php : 240] NOT match => ($result = 0)отходящий[폐기물
[process-trans-sentences.php : 224] match => синтез-газ,
[process-trans-sentences.php : 224] match => синтез-газ
[process-trans-sentences.php : 240] NOT match => ($result = 0)содержащий[comprising
[process-trans-sentences.php : 224] match => оксиды
[process-trans-sentences.php : 224] match => углерода
[process-trans-sentences.php : 224] match => и
[process-trans-sentences.php : 224] match => водород,
[process-trans-sentences.php : 240] NOT match => ($result = 0)образуется[형성하고
[process-trans-sentences.php : 240] NOT match => ($result = 0)отходящий[폐기물
[process-trans-sentences.php : 224] match => синтез-газ,
[process-trans-sentences.php : 240] NOT match => ($result = 0)содержащий[comprising
[process-trans-sentences.php : 224] match => оксиды
[process-trans-sentences.php : 224] match => углерода
[process-trans-sentences.php : 224] match => и
[process-trans-sentences.php : 224] match => водород,
[process-trans-sentences.php : 224] match => abc
[process-trans-sentences.php : 224] match => def
[process-trans-sentences.php : 224] match => ghi
[process-trans-sentences.php : 224] match => jk'l
[process-trans-sentences.php : 224] match => ааа
[process-trans-sentences.php : 224] match => аадаа
[process-trans-sentences.php : 224] match => вод
[process-trans-sentences.php : 224] match => водо
[process-trans-sentences.php : 224] match => рр
[process-trans-sentences.php : 224] match => окс
[process-trans-sentences.php : 224] match => ПАВапв
[process-trans-sentences.php : 224] match => ДЛО
[process-trans-sentences.php : 258] $aryOf_Tokens__Filtered_In =>
Array
(
    [0] => синтез-газ,
    [1] => синтез-газ
    [2] => оксиды
    [3] => углерода
    [4] => и
    [5] => водород,
    [6] => синтез-газ,
    [7] => оксиды
    [8] => углерода
    [9] => и
    [10] => водород,
    [11] => abc
    [12] => def
    [13] => ghi
    [14] => jk'l
    [15] => ааа
    [16] => аадаа
    [17] => вод
    [18] => водо
    [19] => рр
    [20] => окс
    [21] => ПАВапв
    [22] => ДЛО
)

[process-trans-sentences.php : 266] $aryOf_Tokens__Filtered_Out =>
Array
(
    [0] => образуется[형성하고
    [1] => отходящий[폐기물
    [2] => содержащий[comprising
    [3] => образуется[형성하고
    [4] => отходящий[폐기물
    [5] => содержащий[comprising
)

[process-trans-sentences.php : 280] $stringOf_Trans_Strings =>
образуется[형성하고,отходящий[폐기물,содержащий[comprising,образуется[형성하고,отходящий[폐기물,содержащий[comprising
[process-trans-sentences.php : 314] file written =>
C:\WORKS_2\WS\WS_Others.JVEMV6\JVEMV6\70_co2\trans\trans_20210511_121758_110975.txt
[process-trans-sentences.php : 330] opening file... 'C:\WORKS_2\WS\WS_Others.JVEMV6\JVEMV6\70_co2\trans\trans_20210511_121758_110975.txt'
 
===============================  
starting... : build_Trans_String (20210511_122339_699438)

[process-trans-sentences.php : 130] $linesOf_File =>

Array
(
    [0] => образуется[형성하고 отходящий[폐기물 синтез-газ, синтез-газ содержащий[comprising оксиды углерода и водород,

    [1] => образуется[형성하고 отходящий[폐기물 синтез-газ, содержащий[comprising оксиды углерода и водород, abc def ghi jk'l ааа аадаа вод водо рр окс ПАВапв ДЛО

)
[process-trans-sentences.php : 208] filtering.. : pattern = '/^[ЙЦУКЕНГШЩЗХЪФЫВАПРОЛДЖЭЯЧСМИТЬБЮйцукенгшщзхъфывапролджэячсмитьбю0-9a-zA-Z\s\-,']*$/i'[process-trans-sentences.php : 314] file written =>
C:\WORKS_2\WS\WS_Others.JVEMV6\JVEMV6\70_co2\trans\trans_20210511_122339_699438.txt
[process-trans-sentences.php : 330] opening file... 'C:\WORKS_2\WS\WS_Others.JVEMV6\JVEMV6\70_co2\trans\trans_20210511_122339_699438.txt'
 
