===============================  
starting... : build_Trans_String__Chinese (20210519_153702_041363)

[process-trans-sentences_chinese.php : 176] $tokensOf_Split =>

Array
(
    [0] => 北极星大气网讯:面对不断恶化的温室效应所带来的危机，各国同意采取措施减少二氧化碳排放量，中国也已经承诺2030年左右碳排放达到峰值。
    [1] => 
    [2] => 然而，二氧化碳的排放控制和捕获（CCS）仍是全球环境的一大挑战，而
    [3] => 碳[dan
    [4] => 捕集的高成本和地质埋存的高生态环境风险是阻碍CCS大规模应用的瓶颈。近年来。将二
    [5] => 氧
    [6] => 化
    [7] => 碳封存和固定一直是学者们努力的方向和研究重点。并试图为实现更加彻底高效的碳捕获和封存引入新的方法——二氧化碳捕集、封存与利用（CCUS）。
    [8] => 
    [9] => 国际能源署（IEA）曾表示，要实现升温不超过2
    [10] => ℃的目标，CCUS技术需要在2015—2020年贡
    [11] => 献
    [12] => 全
    [13] => 球
    [14] => 碳
    [15] => 减
    [16] => 排
    [17] => 总
    [18] => 量的13%。下图是的主要CCUS技术的示意图。包括CO2捕获、储存、利用（直接使用）和转化为化学品或燃料。
)
[process-trans-sentences_chinese.php : 182] returning...
 
===============================  
starting... : build_Trans_String__Chinese (20210519_154248_914230)

[process-trans-sentences_chinese.php : 176] $tokensOf_Split =>

Array
(
    [0] => 北极星大气网讯:面对不断恶化的温室效应所带来的危机，各国同意采取措施减少二氧化碳排放量，中国也已经承诺2030年左右碳排放达到峰值。
    [1] => 
    [2] => 然而，二氧化碳的排放控制和捕获（CCS）仍是全球环境的一大挑战，而
    [3] => 碳[dan
    [4] => 捕集的高成本和地质埋存的高生态环境风险是阻碍CCS大规模应用的瓶颈。近年来。将二
    [5] => 氧
    [6] => 化
    [7] => 碳封存和固定一直是学者们努力的方向和研究重点。并试图为实现更加彻底高效的碳捕获和封存引入新的方法——二氧化碳捕集、封存与利用（CCUS）。
    [8] => 
    [9] => 国际能源署（IEA）曾表示，要实现升温不超过2
    [10] => ℃的目标，CCUS技术需要在2015—2020年贡
    [11] => 献
    [12] => 全
    [13] => 球
    [14] => 碳
    [15] => 减
    [16] => 排
    [17] => 总
    [18] => 量的13%。下图是的主要CCUS技术的示意图。包括CO2捕获、储存、利用（直接使用）和转化为化学品或燃料。
)
[process-trans-sentences_chinese.php : 197] filtering.. : pattern = '/\p{Han}/'[process-trans-sentences_chinese.php : 229] NOT match => ($result = 0)北极星大气网讯:面对不断恶化的温室效应所带来的危机，各国同意采取措施减少二氧化碳排放量，中国也已经承诺2030年左右碳排放达到峰值。
[process-trans-sentences_chinese.php : 229] NOT match => ($result = 0)
[process-trans-sentences_chinese.php : 229] NOT match => ($result = 0)然而，二氧化碳的排放控制和捕获（CCS）仍是全球环境的一大挑战，而
[process-trans-sentences_chinese.php : 229] NOT match => ($result = 0)碳[dan
[process-trans-sentences_chinese.php : 229] NOT match => ($result = 0)捕集的高成本和地质埋存的高生态环境风险是阻碍CCS大规模应用的瓶颈。近年来。将二
[process-trans-sentences_chinese.php : 229] NOT match => ($result = 0)氧
[process-trans-sentences_chinese.php : 229] NOT match => ($result = 0)化
[process-trans-sentences_chinese.php : 229] NOT match => ($result = 0)碳封存和固定一直是学者们努力的方向和研究重点。并试图为实现更加彻底高效的碳捕获和封存引入新的方法——二氧化碳捕集、封存与利用（CCUS）。
[process-trans-sentences_chinese.php : 229] NOT match => ($result = 0)
[process-trans-sentences_chinese.php : 229] NOT match => ($result = 0)国际能源署（IEA）曾表示，要实现升温不超过2
[process-trans-sentences_chinese.php : 229] NOT match => ($result = 0)℃的目标，CCUS技术需要在2015—2020年贡
[process-trans-sentences_chinese.php : 229] NOT match => ($result = 0)献
[process-trans-sentences_chinese.php : 229] NOT match => ($result = 0)全
[process-trans-sentences_chinese.php : 229] NOT match => ($result = 0)球
[process-trans-sentences_chinese.php : 229] NOT match => ($result = 0)碳
[process-trans-sentences_chinese.php : 229] NOT match => ($result = 0)减
[process-trans-sentences_chinese.php : 229] NOT match => ($result = 0)排
[process-trans-sentences_chinese.php : 229] NOT match => ($result = 0)总
[process-trans-sentences_chinese.php : 229] NOT match => ($result = 0)量的13%。下图是的主要CCUS技术的示意图。包括CO2捕获、储存、利用（直接使用）和转化为化学品或燃料。
[process-trans-sentences_chinese.php : 246] returning...
 
===============================  
starting... : build_Trans_String__Chinese (20210519_154419_834399)

[process-trans-sentences_chinese.php : 176] $tokensOf_Split =>

Array
(
    [0] => 北极星大气网讯:面对不断恶化的温室效应所带来的危机，各国同意采取措施减少二氧化碳排放量，中国也已经承诺2030年左右碳排放达到峰值。
    [1] => 
    [2] => 然而，二氧化碳的排放控制和捕获（CCS）仍是全球环境的一大挑战，而
    [3] => 碳[dan
    [4] => 捕集的高成本和地质埋存的高生态环境风险是阻碍CCS大规模应用的瓶颈。近年来。将二
    [5] => 氧
    [6] => 化
    [7] => 碳封存和固定一直是学者们努力的方向和研究重点。并试图为实现更加彻底高效的碳捕获和封存引入新的方法——二氧化碳捕集、封存与利用（CCUS）。
    [8] => 
    [9] => 国际能源署（IEA）曾表示，要实现升温不超过2
    [10] => ℃的目标，CCUS技术需要在2015—2020年贡
    [11] => 献
    [12] => 全
    [13] => 球
    [14] => 碳
    [15] => 减
    [16] => 排
    [17] => 总
    [18] => 量的13%。下图是的主要CCUS技术的示意图。包括CO2捕获、储存、利用（直接使用）和转化为化学品或燃料。
)
[process-trans-sentences_chinese.php : 198] filtering.. : pattern = '/.+\[.+/'
[process-trans-sentences_chinese.php : 232] NOT match => ($result = 0)北极星大气网讯:面对不断恶化的温室效应所带来的危机，各国同意采取措施减少二氧化碳排放量，中国也已经承诺2030年左右碳排放达到峰值。
[process-trans-sentences_chinese.php : 232] NOT match => ($result = 0)
[process-trans-sentences_chinese.php : 232] NOT match => ($result = 0)然而，二氧化碳的排放控制和捕获（CCS）仍是全球环境的一大挑战，而
[process-trans-sentences_chinese.php : 216] match => 碳[dan
[process-trans-sentences_chinese.php : 232] NOT match => ($result = 0)捕集的高成本和地质埋存的高生态环境风险是阻碍CCS大规模应用的瓶颈。近年来。将二
[process-trans-sentences_chinese.php : 232] NOT match => ($result = 0)氧
[process-trans-sentences_chinese.php : 232] NOT match => ($result = 0)化
[process-trans-sentences_chinese.php : 232] NOT match => ($result = 0)碳封存和固定一直是学者们努力的方向和研究重点。并试图为实现更加彻底高效的碳捕获和封存引入新的方法——二氧化碳捕集、封存与利用（CCUS）。
[process-trans-sentences_chinese.php : 232] NOT match => ($result = 0)
[process-trans-sentences_chinese.php : 232] NOT match => ($result = 0)国际能源署（IEA）曾表示，要实现升温不超过2
[process-trans-sentences_chinese.php : 232] NOT match => ($result = 0)℃的目标，CCUS技术需要在2015—2020年贡
[process-trans-sentences_chinese.php : 232] NOT match => ($result = 0)献
[process-trans-sentences_chinese.php : 232] NOT match => ($result = 0)全
[process-trans-sentences_chinese.php : 232] NOT match => ($result = 0)球
[process-trans-sentences_chinese.php : 232] NOT match => ($result = 0)碳
[process-trans-sentences_chinese.php : 232] NOT match => ($result = 0)减
[process-trans-sentences_chinese.php : 232] NOT match => ($result = 0)排
[process-trans-sentences_chinese.php : 232] NOT match => ($result = 0)总
[process-trans-sentences_chinese.php : 232] NOT match => ($result = 0)量的13%。下图是的主要CCUS技术的示意图。包括CO2捕获、储存、利用（直接使用）和转化为化学品或燃料。
[process-trans-sentences_chinese.php : 249] returning...
 
===============================  
starting... : build_Trans_String__Chinese (20210519_154808_393251)

[process-trans-sentences_chinese.php : 176] $tokensOf_Split =>

Array
(
    [0] => 北极星大气网讯:面对不断恶化的温室效应所带来的危机，各国同意采取措施减少二氧化碳排放量，中国也已经承诺2030年左右碳排放达到峰值。
    [1] => 
    [2] => 然而，二氧化碳的排放控制和捕获（CCS）仍是全球环境的一大挑战，而
    [3] => 碳[dan
    [4] => 捕集的高成本和地质埋存的高生态环境风险是阻碍CCS大规模应用的瓶颈。近年来。将二
    [5] => 氧
    [6] => 化
    [7] => 碳封存和固定一直是学者们努力的方向和研究重点。并试图为实现更加彻底高效的碳捕获和封存引入新的方法——二氧化碳捕集、封存与利用（CCUS）。
    [8] => 
    [9] => 国际能源署（IEA）曾表示，要实现升温不超过2
    [10] => ℃的目标，CCUS技术需要在2015—2020年贡
    [11] => 献
    [12] => 全
    [13] => 球
    [14] => 碳
    [15] => 减
    [16] => 排
    [17] => 总
    [18] => 量的13%。下图是的主要CCUS技术的示意图。包括CO2捕获、储存、利用（直接使用）和转化为化学品或燃料。
)
[process-trans-sentences_chinese.php : 198] filtering.. : pattern = '/.+\[.+/'
[process-trans-sentences_chinese.php : 232] NOT match => ($result = 0)北极星大气网讯:面对不断恶化的温室效应所带来的危机，各国同意采取措施减少二氧化碳排放量，中国也已经承诺2030年左右碳排放达到峰值。
[process-trans-sentences_chinese.php : 232] NOT match => ($result = 0)
[process-trans-sentences_chinese.php : 232] NOT match => ($result = 0)然而，二氧化碳的排放控制和捕获（CCS）仍是全球环境的一大挑战，而
[process-trans-sentences_chinese.php : 216] match => 碳[dan
[process-trans-sentences_chinese.php : 232] NOT match => ($result = 0)捕集的高成本和地质埋存的高生态环境风险是阻碍CCS大规模应用的瓶颈。近年来。将二
[process-trans-sentences_chinese.php : 232] NOT match => ($result = 0)氧
[process-trans-sentences_chinese.php : 232] NOT match => ($result = 0)化
[process-trans-sentences_chinese.php : 232] NOT match => ($result = 0)碳封存和固定一直是学者们努力的方向和研究重点。并试图为实现更加彻底高效的碳捕获和封存引入新的方法——二氧化碳捕集、封存与利用（CCUS）。
[process-trans-sentences_chinese.php : 232] NOT match => ($result = 0)
[process-trans-sentences_chinese.php : 232] NOT match => ($result = 0)国际能源署（IEA）曾表示，要实现升温不超过2
[process-trans-sentences_chinese.php : 232] NOT match => ($result = 0)℃的目标，CCUS技术需要在2015—2020年贡
[process-trans-sentences_chinese.php : 232] NOT match => ($result = 0)献
[process-trans-sentences_chinese.php : 232] NOT match => ($result = 0)全
[process-trans-sentences_chinese.php : 232] NOT match => ($result = 0)球
[process-trans-sentences_chinese.php : 232] NOT match => ($result = 0)碳
[process-trans-sentences_chinese.php : 232] NOT match => ($result = 0)减
[process-trans-sentences_chinese.php : 232] NOT match => ($result = 0)排
[process-trans-sentences_chinese.php : 232] NOT match => ($result = 0)总
[process-trans-sentences_chinese.php : 232] NOT match => ($result = 0)量的13%。下图是的主要CCUS技术的示意图。包括CO2捕获、储存、利用（直接使用）和转化为化学品或燃料。
[process-trans-sentences_chinese.php : 299] file written =>
C:\WORKS_2\WS\WS_Others.JVEMV6\JVEMV6\70_co2\trans\trans_20210519_154808_393251.txt
[process-trans-sentences_chinese.php : 316] opening file... 'C:\WORKS_2\WS\WS_Others.JVEMV6\JVEMV6\70_co2\trans\trans_20210519_154808_393251.txt'
 
===============================  
starting... : build_Trans_String__Chinese (20210519_154909_569761)

[process-trans-sentences_chinese.php : 176] $tokensOf_Split =>

Array
(
    [0] => 北极星大气网讯:面对不断恶化的温室效应所带来的危机，各国同意采取措施减少二氧化碳排放量，中国也已经承诺2030年左右碳排放达到
    [1] => 峰值[feng1zhi2
    [2] => 。
    [3] => 
    [4] => 然而，二氧化碳的排放控制和捕获（CCS）仍是全球环境的一大挑战，而
    [5] => 碳[dan
    [6] => 捕集的高成本和地质埋存的高生态环境风险是阻碍CCS大规模应用的瓶颈。近年来。将二
    [7] => 氧
    [8] => 化
    [9] => 碳封存和固定一直是学者们努力的方向和研究重点。并试图为实现更加彻底高效的碳捕获和封存引入新的方法——二氧化碳捕集、封存与利用（CCUS）。
    [10] => 
    [11] => 国际能源署（IEA）曾表示，要实现升温不超过2
    [12] => ℃的目标，CCUS技术需要在2015—2020年贡
    [13] => 献
    [14] => 全
    [15] => 球
    [16] => 碳
    [17] => 减
    [18] => 排
    [19] => 总
    [20] => 量的13%。下图是的主要CCUS技术的示意图。包括CO2
    [21] => 捕获[bu3huo4
    [22] => 、储存、利用（直接使用）和转化为化学品或燃料。
)
[process-trans-sentences_chinese.php : 198] filtering.. : pattern = '/.+\[.+/'
[process-trans-sentences_chinese.php : 232] NOT match => ($result = 0)北极星大气网讯:面对不断恶化的温室效应所带来的危机，各国同意采取措施减少二氧化碳排放量，中国也已经承诺2030年左右碳排放达到
[process-trans-sentences_chinese.php : 216] match => 峰值[feng1zhi2
[process-trans-sentences_chinese.php : 232] NOT match => ($result = 0)。
[process-trans-sentences_chinese.php : 232] NOT match => ($result = 0)
[process-trans-sentences_chinese.php : 232] NOT match => ($result = 0)然而，二氧化碳的排放控制和捕获（CCS）仍是全球环境的一大挑战，而
[process-trans-sentences_chinese.php : 216] match => 碳[dan
[process-trans-sentences_chinese.php : 232] NOT match => ($result = 0)捕集的高成本和地质埋存的高生态环境风险是阻碍CCS大规模应用的瓶颈。近年来。将二
[process-trans-sentences_chinese.php : 232] NOT match => ($result = 0)氧
[process-trans-sentences_chinese.php : 232] NOT match => ($result = 0)化
[process-trans-sentences_chinese.php : 232] NOT match => ($result = 0)碳封存和固定一直是学者们努力的方向和研究重点。并试图为实现更加彻底高效的碳捕获和封存引入新的方法——二氧化碳捕集、封存与利用（CCUS）。
[process-trans-sentences_chinese.php : 232] NOT match => ($result = 0)
[process-trans-sentences_chinese.php : 232] NOT match => ($result = 0)国际能源署（IEA）曾表示，要实现升温不超过2
[process-trans-sentences_chinese.php : 232] NOT match => ($result = 0)℃的目标，CCUS技术需要在2015—2020年贡
[process-trans-sentences_chinese.php : 232] NOT match => ($result = 0)献
[process-trans-sentences_chinese.php : 232] NOT match => ($result = 0)全
[process-trans-sentences_chinese.php : 232] NOT match => ($result = 0)球
[process-trans-sentences_chinese.php : 232] NOT match => ($result = 0)碳
[process-trans-sentences_chinese.php : 232] NOT match => ($result = 0)减
[process-trans-sentences_chinese.php : 232] NOT match => ($result = 0)排
[process-trans-sentences_chinese.php : 232] NOT match => ($result = 0)总
[process-trans-sentences_chinese.php : 232] NOT match => ($result = 0)量的13%。下图是的主要CCUS技术的示意图。包括CO2
[process-trans-sentences_chinese.php : 216] match => 捕获[bu3huo4
[process-trans-sentences_chinese.php : 232] NOT match => ($result = 0)、储存、利用（直接使用）和转化为化学品或燃料。
[process-trans-sentences_chinese.php : 299] file written =>
C:\WORKS_2\WS\WS_Others.JVEMV6\JVEMV6\70_co2\trans\trans_20210519_154909_569761.txt
[process-trans-sentences_chinese.php : 316] opening file... 'C:\WORKS_2\WS\WS_Others.JVEMV6\JVEMV6\70_co2\trans\trans_20210519_154909_569761.txt'
 
===============================  
starting... : build_Trans_String__Chinese (20210519_155124_059006)

[process-trans-sentences_chinese.php : 176] $tokensOf_Split =>

Array
(
    [0] => 北极星大气网讯:面对不断恶化的温室效应所带来的危机，各国同意采取措施减少二氧化碳排放量，中国也已经承诺2030年左右碳排放达到
    [1] => 峰值[feng1zhi2
    [2] => 。
    [3] => 
    [4] => 然而，二氧化碳的排放控制和捕获（CCS）仍是全球环境的一大挑战，而
    [5] => 碳[dan
    [6] => 捕集的高成本和地质埋存的高生态环境风险是阻碍CCS大规模应用的瓶颈。近年来。将二
    [7] => 氧
    [8] => 化
    [9] => 碳封存和固定一直是学者们努力的方向和研究重点。并试图为实现更加彻底高效的碳捕获和封存引入新的方法——二氧化碳捕集、封存与利用（CCUS）。
    [10] => 
    [11] => 国际能源署（IEA）曾表示，要实现升温不超过2
    [12] => ℃的目标，CCUS技术需要在2015—2020年贡
    [13] => 献
    [14] => 全
    [15] => 球
    [16] => 碳
    [17] => 减
    [18] => 排
    [19] => 总
    [20] => 量的13%。下图是的主要CCUS技术的示意图。包括CO2
    [21] => 捕获[bu3huo4
    [22] => 、储存、利用（直接使用）和转化为化学品或燃料。
)
[process-trans-sentences_chinese.php : 198] filtering.. : pattern = '/.+\[.+/'
[process-trans-sentences_chinese.php : 232] NOT match => ($result = 0)北极星大气网讯:面对不断恶化的温室效应所带来的危机，各国同意采取措施减少二氧化碳排放量，中国也已经承诺2030年左右碳排放达到
[process-trans-sentences_chinese.php : 216] match => 峰值[feng1zhi2
[process-trans-sentences_chinese.php : 232] NOT match => ($result = 0)。
[process-trans-sentences_chinese.php : 232] NOT match => ($result = 0)
[process-trans-sentences_chinese.php : 232] NOT match => ($result = 0)然而，二氧化碳的排放控制和捕获（CCS）仍是全球环境的一大挑战，而
[process-trans-sentences_chinese.php : 216] match => 碳[dan
[process-trans-sentences_chinese.php : 232] NOT match => ($result = 0)捕集的高成本和地质埋存的高生态环境风险是阻碍CCS大规模应用的瓶颈。近年来。将二
[process-trans-sentences_chinese.php : 232] NOT match => ($result = 0)氧
[process-trans-sentences_chinese.php : 232] NOT match => ($result = 0)化
[process-trans-sentences_chinese.php : 232] NOT match => ($result = 0)碳封存和固定一直是学者们努力的方向和研究重点。并试图为实现更加彻底高效的碳捕获和封存引入新的方法——二氧化碳捕集、封存与利用（CCUS）。
[process-trans-sentences_chinese.php : 232] NOT match => ($result = 0)
[process-trans-sentences_chinese.php : 232] NOT match => ($result = 0)国际能源署（IEA）曾表示，要实现升温不超过2
[process-trans-sentences_chinese.php : 232] NOT match => ($result = 0)℃的目标，CCUS技术需要在2015—2020年贡
[process-trans-sentences_chinese.php : 232] NOT match => ($result = 0)献
[process-trans-sentences_chinese.php : 232] NOT match => ($result = 0)全
[process-trans-sentences_chinese.php : 232] NOT match => ($result = 0)球
[process-trans-sentences_chinese.php : 232] NOT match => ($result = 0)碳
[process-trans-sentences_chinese.php : 232] NOT match => ($result = 0)减
[process-trans-sentences_chinese.php : 232] NOT match => ($result = 0)排
[process-trans-sentences_chinese.php : 232] NOT match => ($result = 0)总
[process-trans-sentences_chinese.php : 232] NOT match => ($result = 0)量的13%。下图是的主要CCUS技术的示意图。包括CO2
[process-trans-sentences_chinese.php : 216] match => 捕获[bu3huo4
[process-trans-sentences_chinese.php : 232] NOT match => ($result = 0)、储存、利用（直接使用）和转化为化学品或燃料。
[process-trans-sentences_chinese.php : 299] file written =>
C:\WORKS_2\WS\WS_Others.JVEMV6\JVEMV6\70_co2\trans\trans_20210519_155124_059006.txt
[process-trans-sentences_chinese.php : 316] opening file... 'C:\WORKS_2\WS\WS_Others.JVEMV6\JVEMV6\70_co2\trans\trans_20210519_155124_059006.txt'
  
===============================  
starting... : build_Trans_String__Chinese (20210519_155309_193198)

[process-trans-sentences_chinese.php : 176] $tokensOf_Split =>

Array
(
    [0] => 北极星大气网讯:面对不断恶化的温室效应所带来的危机，各国同意采取措施减少二氧化碳排放量，中国也已经承诺2030年左右碳排放达到
    [1] => 峰值[feng1zhi2
    [2] => 。
    [3] => 
    [4] => 然而，二氧化碳的排放控制和捕获（CCS）仍是全球环境的一大挑战，而
    [5] => 碳[dan
    [6] => 捕集的高成本和地质埋存的高生态环境风险是阻碍CCS大规模应用的瓶颈。近年来。将二
    [7] => 氧
    [8] => 化
    [9] => 碳封存和固定一直是学者们努力的方向和研究重点。并试图为实现更加彻底高效的碳捕获和封存引入新的方法——二氧化碳捕集、封存与利用（CCUS）。
    [10] => 
    [11] => 国际能源署（IEA）曾表示，要实现升温不超过2
    [12] => ℃的目标，CCUS技术需要在2015—2020年贡
    [13] => 献
    [14] => 全
    [15] => 球
    [16] => 碳
    [17] => 减
    [18] => 排
    [19] => 总
    [20] => 量的13%。下图是的主要CCUS技术的示意图。包括CO2
    [21] => 捕获[bu3huo4
    [22] => 、储存、利用（直接使用）和转化为化学品或燃料。
)
[process-trans-sentences_chinese.php : 198] filtering.. : pattern = '/.+\[.+/'
[process-trans-sentences_chinese.php : 232] NOT match => ($result = 0)北极星大气网讯:面对不断恶化的温室效应所带来的危机，各国同意采取措施减少二氧化碳排放量，中国也已经承诺2030年左右碳排放达到
[process-trans-sentences_chinese.php : 216] match => 峰值[feng1zhi2
[process-trans-sentences_chinese.php : 232] NOT match => ($result = 0)。
[process-trans-sentences_chinese.php : 232] NOT match => ($result = 0)
[process-trans-sentences_chinese.php : 232] NOT match => ($result = 0)然而，二氧化碳的排放控制和捕获（CCS）仍是全球环境的一大挑战，而
[process-trans-sentences_chinese.php : 216] match => 碳[dan
[process-trans-sentences_chinese.php : 232] NOT match => ($result = 0)捕集的高成本和地质埋存的高生态环境风险是阻碍CCS大规模应用的瓶颈。近年来。将二
[process-trans-sentences_chinese.php : 232] NOT match => ($result = 0)氧
[process-trans-sentences_chinese.php : 232] NOT match => ($result = 0)化
[process-trans-sentences_chinese.php : 232] NOT match => ($result = 0)碳封存和固定一直是学者们努力的方向和研究重点。并试图为实现更加彻底高效的碳捕获和封存引入新的方法——二氧化碳捕集、封存与利用（CCUS）。
[process-trans-sentences_chinese.php : 232] NOT match => ($result = 0)
[process-trans-sentences_chinese.php : 232] NOT match => ($result = 0)国际能源署（IEA）曾表示，要实现升温不超过2
[process-trans-sentences_chinese.php : 232] NOT match => ($result = 0)℃的目标，CCUS技术需要在2015—2020年贡
[process-trans-sentences_chinese.php : 232] NOT match => ($result = 0)献
[process-trans-sentences_chinese.php : 232] NOT match => ($result = 0)全
[process-trans-sentences_chinese.php : 232] NOT match => ($result = 0)球
[process-trans-sentences_chinese.php : 232] NOT match => ($result = 0)碳
[process-trans-sentences_chinese.php : 232] NOT match => ($result = 0)减
[process-trans-sentences_chinese.php : 232] NOT match => ($result = 0)排
[process-trans-sentences_chinese.php : 232] NOT match => ($result = 0)总
[process-trans-sentences_chinese.php : 232] NOT match => ($result = 0)量的13%。下图是的主要CCUS技术的示意图。包括CO2
[process-trans-sentences_chinese.php : 216] match => 捕获[bu3huo4
[process-trans-sentences_chinese.php : 232] NOT match => ($result = 0)、储存、利用（直接使用）和转化为化学品或燃料。
[process-trans-sentences_chinese.php : 299] file written =>
C:\WORKS_2\WS\WS_Others.JVEMV6\JVEMV6\70_co2\trans\trans_20210519_155309_224399.txt
[process-trans-sentences_chinese.php : 316] opening file... 'C:\WORKS_2\WS\WS_Others.JVEMV6\JVEMV6\70_co2\trans\trans_20210519_155309_224399.txt'
  
