[01/17/2020 12:43:59 : \app\Lib\utils\fx\lib_ea_tester.php : 727] 
(* step : B : j2 : Y : 3) calc ==> comp
$pr_Open = 75.94199999999999
$pr_TP = 76.052
$pr_SL = 75.882
$val_TP = 0.1
$val_SL = 0.05
$val_SPREAD = 0.01
[01/17/2020 12:43:59 : \app\Lib\utils\fx\lib_ea_tester.php : 518] 
(step : B : j2 : Y : 4) Pos ==> init comp. !!
$pos->st_idx	0	$pos->st_pr	75.942
$pos->val_TP	0.100	$pos->val_SL	0.050
$pos->pr_TP	76.052	$pos->pr_SL	75.882
$pos->trail_starting_idx	-1	$pos->trail_starting_pr	75.982

[01/17/2020 12:43:59 : \app\Lib\utils\fx\lib_ea_tester.php : 758] 
(show_Basic_Pos_Data)
$pos->st_idx	0	$pos->st_pr	75.942
$pos->cu_idx	0	$pos->cu_pr	75.955
$pos->rf_idx	0	$pos->rf_pr	75.970
$pos->ext_idx	-1	$pos->ext_pr	0.000
$pos->val_TP	0.100	$pos->val_SL	0.050	$pos->val_SPREAD	0.010
$pos->pr_TP	76.052	$pos->pr_SL	75.882
$pos->trail_starting_idx	-1	$pos->trail_starting_pr	75.982

[01/17/2020 12:43:59 : \app\Lib\utils\fx\lib_ea_tester.php : 407] 
(get_Bar_Type : step : j1 : A2 : BUY)
$typeOf_Position => BUY

[01/17/2020 12:43:59 : \app\Lib\utils\fx\lib_ea_tester.php : 103] 
(get_Bar_Type : step : j1 : N : 1) $bd->price_Low > $pos->pr_SL (not SL)
$bd->price_Low	75.933
$pos->pr_SL	75.882
$bd->price_Low - $pos->pr_SL	0.051

[01/17/2020 12:43:59 : \app\Lib\utils\fx\lib_ea_tester.php : 167] 
(get_Bar_Type : step : j2 : Y : 1) $bd->price_High < $pos->pr_TP (not TP)
$bd->price_High	75.970
$pos->pr_TP	76.052
$bd->price_High - $pos->pr_TP	-0.082

[01/17/2020 12:43:59 : \app\Lib\utils\fx\lib_ea_tester.php : 230] 
(step : j3 : N : 1) $bd->price_High < $pos->trail_starting_pr (trail ==> NOT start)
$bd->price_High	75.970
$pos->trail_starting_pr	75.982

[01/17/2020 12:43:59 : \app\Lib\utils\fx\lib_ea_tester.php : 307] $bd->price_High <> $bd->price_Close
$bd->price_High	75.970
$bd->price_Close	75.955
$bd->price_Close - $bd->price_High	-0.015

[01/17/2020 12:43:59 : \app\Lib\utils\fx\lib_ea_tester.php : 420] $typeOf_Bar => C4

[01/17/2020 12:43:59 : \app\Lib\utils\fx\lib_ea_tester.php : 779] 
(loop_J1_N :: step : B : j2 : Y : 5) get ==> bar type ; C4

[01/17/2020 12:43:59 : \app\Lib\utils\fx\lib_ea_tester.php : 819] 
(loop_J1_N :: step : C : X : 1) TESTING... ==> $typeOf_Bar set to --> C8(CONS::$strOf_BarType__SL)
[01/17/2020 12:43:59 : \app\Lib\utils\fx\lib_ea_tester.php : 1007] 
(step : C : post-j1 : 1) LibEaTester::loop_J1_N ==> returned
$flg_Position	true
$pos : st_idx = 0(2020.01.16 10:00)) / $pos->st_pr = 75.94199999999999
$typeOf_Bar	C8

[01/17/2020 12:43:59 : \app\Lib\utils\fx\lib_ea_tester.php : 1040] (step : D : 1 : 1) for-loop : continue admin

[01/17/2020 12:43:59 : \app\Lib\utils\fx\lib_ea_tester.php : 1087] (step : D : 1 : 2-4 : 1) SL

[01/17/2020 12:43:59 : \app\Lib\utils\fx\lib_ea_tester.php : 1089] 
(show_Basic_Pos_Data)
$pos->st_idx	0	$pos->st_pr	75.942
$pos->cu_idx	0	$pos->cu_pr	75.955
$pos->rf_idx	0	$pos->rf_pr	75.970
$pos->ext_idx	-1	$pos->ext_pr	0.000
$pos->val_TP	0.100	$pos->val_SL	0.050	$pos->val_SPREAD	0.010
$pos->pr_TP	76.052	$pos->pr_SL	75.882
$pos->trail_starting_idx	-1	$pos->trail_starting_pr	75.982

[01/17/2020 12:43:59 : \app\Lib\utils\fx\lib_ea_tester.php : 1100] (step : D : 1 : 2-4 : 2) set val : loop num

[01/17/2020 12:43:59 : \app\Lib\utils\fx\lib_ea_tester.php : 1113] (step : D : 1 : 2-4 : 3) for-loop ==> breaking... ($i = 0)

[01/17/2020 12:43:59 : \app\Controller\FxTestController.php : 152] (controller::fx_tester_T_1 : step : D : 1 : 2-4 : 2)
tester ==> exec ==> comp
$flg_Position	true
$typeOf_Bar	C8
$0	0


[01/17/2020 12:45:06 : \app\Controller\FxTestController.php : 71] 

******************************** fx_tester_T_1() ********************************


[01/17/2020 12:45:06 : \app\Lib\utils\libfx.php : 170] file opened => C:\WORKS_2\WS\WS_Others.prog\prog\D-7\2_2\VIRTUAL\Admin_Projects\curr\data\csv_raw\44_5.1_10_rawdata.(AUDJPY).(Period-M15).(NumOfUnits-18000).(Bars-18000).20200116_171429.[SLICE-30].csv
[01/17/2020 12:45:06 : \app\Lib\utils\fx\lib_ea_tester.php : 898] (step : B : 1) ========================= [loop : $i = 0]

[01/17/2020 12:45:06 : \app\Lib\utils\fx\lib_ea_tester.php : 661] 
(loop_J1_N :: step : B : j1 : N : 1) position ==> NOT taken
[01/17/2020 12:45:06 : \app\Lib\utils\fx\lib_ea_tester.php : 689] 
(loop_J1_N :: step : B : j2 : Y : 1) pattern ==> detected
[01/17/2020 12:45:06 : \app\Lib\utils\fx\lib_ea_tester.php : 727] 
(* step : B : j2 : Y : 3) calc ==> comp
$pr_Open = 75.94199999999999
$pr_TP = 76.052
$pr_SL = 75.882
$val_TP = 0.1
$val_SL = 0.05
$val_SPREAD = 0.01
[01/17/2020 12:45:06 : \app\Lib\utils\fx\lib_ea_tester.php : 518] 
(step : B : j2 : Y : 4) Pos ==> init comp. !!
$pos->st_idx	0	$pos->st_pr	75.942
$pos->val_TP	0.100	$pos->val_SL	0.050
$pos->pr_TP	76.052	$pos->pr_SL	75.882
$pos->trail_starting_idx	-1	$pos->trail_starting_pr	75.982

[01/17/2020 12:45:06 : \app\Lib\utils\fx\lib_ea_tester.php : 758] 
(show_Basic_Pos_Data)
$pos->st_idx	0	$pos->st_pr	75.942
$pos->cu_idx	0	$pos->cu_pr	75.955
$pos->rf_idx	0	$pos->rf_pr	75.970
$pos->ext_idx	-1	$pos->ext_pr	0.000
$pos->val_TP	0.100	$pos->val_SL	0.050	$pos->val_SPREAD	0.010
$pos->pr_TP	76.052	$pos->pr_SL	75.882
$pos->trail_starting_idx	-1	$pos->trail_starting_pr	75.982

[01/17/2020 12:45:06 : \app\Lib\utils\fx\lib_ea_tester.php : 407] 
(get_Bar_Type : step : j1 : A2 : BUY)
$typeOf_Position => BUY

[01/17/2020 12:45:06 : \app\Lib\utils\fx\lib_ea_tester.php : 103] 
(get_Bar_Type : step : j1 : N : 1) $bd->price_Low > $pos->pr_SL (not SL)
$bd->price_Low	75.933
$pos->pr_SL	75.882
$bd->price_Low - $pos->pr_SL	0.051

[01/17/2020 12:45:06 : \app\Lib\utils\fx\lib_ea_tester.php : 167] 
(get_Bar_Type : step : j2 : Y : 1) $bd->price_High < $pos->pr_TP (not TP)
$bd->price_High	75.970
$pos->pr_TP	76.052
$bd->price_High - $pos->pr_TP	-0.082

[01/17/2020 12:45:06 : \app\Lib\utils\fx\lib_ea_tester.php : 230] 
(step : j3 : N : 1) $bd->price_High < $pos->trail_starting_pr (trail ==> NOT start)
$bd->price_High	75.970
$pos->trail_starting_pr	75.982

[01/17/2020 12:45:06 : \app\Lib\utils\fx\lib_ea_tester.php : 307] $bd->price_High <> $bd->price_Close
$bd->price_High	75.970
$bd->price_Close	75.955
$bd->price_Close - $bd->price_High	-0.015

[01/17/2020 12:45:06 : \app\Lib\utils\fx\lib_ea_tester.php : 420] $typeOf_Bar => C4

[01/17/2020 12:45:06 : \app\Lib\utils\fx\lib_ea_tester.php : 779] 
(loop_J1_N :: step : B : j2 : Y : 5) get ==> bar type ; C4

[01/17/2020 12:45:06 : \app\Lib\utils\fx\lib_ea_tester.php : 819] 
(loop_J1_N :: step : C : X : 1) TESTING... ==> $typeOf_Bar set to --> C8(CONS::$strOf_BarType__SL)
[01/17/2020 12:45:06 : \app\Lib\utils\fx\lib_ea_tester.php : 1007] 
(step : C : post-j1 : 1) LibEaTester::loop_J1_N ==> returned
$flg_Position	true
$pos : st_idx = 0(2020.01.16 10:00)) / $pos->st_pr = 75.94199999999999
$typeOf_Bar	C8

[01/17/2020 12:45:06 : \app\Lib\utils\fx\lib_ea_tester.php : 1040] (step : D : 1 : 1) for-loop : continue admin

[01/17/2020 12:45:06 : \app\Lib\utils\fx\lib_ea_tester.php : 1087] (step : D : 1 : 2-4 : 1) SL

[01/17/2020 12:45:06 : \app\Lib\utils\fx\lib_ea_tester.php : 1089] 
(show_Basic_Pos_Data)
$pos->st_idx	0	$pos->st_pr	75.942
$pos->cu_idx	0	$pos->cu_pr	75.955
$pos->rf_idx	0	$pos->rf_pr	75.970
$pos->ext_idx	-1	$pos->ext_pr	0.000
$pos->val_TP	0.100	$pos->val_SL	0.050	$pos->val_SPREAD	0.010
$pos->pr_TP	76.052	$pos->pr_SL	75.882
$pos->trail_starting_idx	-1	$pos->trail_starting_pr	75.982

[01/17/2020 12:45:06 : \app\Lib\utils\fx\lib_ea_tester.php : 1100] (step : D : 1 : 2-4 : 2) set val : loop num

[01/17/2020 12:45:06 : \app\Lib\utils\fx\lib_ea_tester.php : 1113] (step : D : 1 : 2-4 : 3) for-loop ==> breaking... ($i = 0)

[01/17/2020 12:45:06 : \app\Controller\FxTestController.php : 154] (controller::fx_tester_T_1 : step : D : 1 : 2-4 : 2)
tester ==> exec ==> comp
$flg_Position	true
$typeOf_Bar	C8
$	
$0	0


[01/17/2020 12:45:17 : \app\Controller\FxTestController.php : 71] 

******************************** fx_tester_T_1() ********************************


[01/17/2020 12:45:17 : \app\Lib\utils\libfx.php : 170] file opened => C:\WORKS_2\WS\WS_Others.prog\prog\D-7\2_2\VIRTUAL\Admin_Projects\curr\data\csv_raw\44_5.1_10_rawdata.(AUDJPY).(Period-M15).(NumOfUnits-18000).(Bars-18000).20200116_171429.[SLICE-30].csv
[01/17/2020 12:45:17 : \app\Lib\utils\fx\lib_ea_tester.php : 898] (step : B : 1) ========================= [loop : $i = 0]

[01/17/2020 12:45:17 : \app\Lib\utils\fx\lib_ea_tester.php : 661] 
(loop_J1_N :: step : B : j1 : N : 1) position ==> NOT taken
[01/17/2020 12:45:17 : \app\Lib\utils\fx\lib_ea_tester.php : 689] 
(loop_J1_N :: step : B : j2 : Y : 1) pattern ==> detected
[01/17/2020 12:45:17 : \app\Lib\utils\fx\lib_ea_tester.php : 727] 
(* step : B : j2 : Y : 3) calc ==> comp
$pr_Open = 75.94199999999999
$pr_TP = 76.052
$pr_SL = 75.882
$val_TP = 0.1
$val_SL = 0.05
$val_SPREAD = 0.01
[01/17/2020 12:45:17 : \app\Lib\utils\fx\lib_ea_tester.php : 518] 
(step : B : j2 : Y : 4) Pos ==> init comp. !!
$pos->st_idx	0	$pos->st_pr	75.942
$pos->val_TP	0.100	$pos->val_SL	0.050
$pos->pr_TP	76.052	$pos->pr_SL	75.882
$pos->trail_starting_idx	-1	$pos->trail_starting_pr	75.982

[01/17/2020 12:45:17 : \app\Lib\utils\fx\lib_ea_tester.php : 758] 
(show_Basic_Pos_Data)
$pos->st_idx	0	$pos->st_pr	75.942
$pos->cu_idx	0	$pos->cu_pr	75.955
$pos->rf_idx	0	$pos->rf_pr	75.970
$pos->ext_idx	-1	$pos->ext_pr	0.000
$pos->val_TP	0.100	$pos->val_SL	0.050	$pos->val_SPREAD	0.010
$pos->pr_TP	76.052	$pos->pr_SL	75.882
$pos->trail_starting_idx	-1	$pos->trail_starting_pr	75.982

[01/17/2020 12:45:17 : \app\Lib\utils\fx\lib_ea_tester.php : 407] 
(get_Bar_Type : step : j1 : A2 : BUY)
$typeOf_Position => BUY

[01/17/2020 12:45:17 : \app\Lib\utils\fx\lib_ea_tester.php : 103] 
(get_Bar_Type : step : j1 : N : 1) $bd->price_Low > $pos->pr_SL (not SL)
$bd->price_Low	75.933
$pos->pr_SL	75.882
$bd->price_Low - $pos->pr_SL	0.051

[01/17/2020 12:45:17 : \app\Lib\utils\fx\lib_ea_tester.php : 167] 
(get_Bar_Type : step : j2 : Y : 1) $bd->price_High < $pos->pr_TP (not TP)
$bd->price_High	75.970
$pos->pr_TP	76.052
$bd->price_High - $pos->pr_TP	-0.082

[01/17/2020 12:45:17 : \app\Lib\utils\fx\lib_ea_tester.php : 230] 
(step : j3 : N : 1) $bd->price_High < $pos->trail_starting_pr (trail ==> NOT start)
$bd->price_High	75.970
$pos->trail_starting_pr	75.982

[01/17/2020 12:45:17 : \app\Lib\utils\fx\lib_ea_tester.php : 307] $bd->price_High <> $bd->price_Close
$bd->price_High	75.970
$bd->price_Close	75.955
$bd->price_Close - $bd->price_High	-0.015

[01/17/2020 12:45:17 : \app\Lib\utils\fx\lib_ea_tester.php : 420] $typeOf_Bar => C4

[01/17/2020 12:45:17 : \app\Lib\utils\fx\lib_ea_tester.php : 779] 
(loop_J1_N :: step : B : j2 : Y : 5) get ==> bar type ; C4

[01/17/2020 12:45:17 : \app\Lib\utils\fx\lib_ea_tester.php : 819] 
(loop_J1_N :: step : C : X : 1) TESTING... ==> $typeOf_Bar set to --> C8(CONS::$strOf_BarType__SL)
[01/17/2020 12:45:17 : \app\Lib\utils\fx\lib_ea_tester.php : 1007] 
(step : C : post-j1 : 1) LibEaTester::loop_J1_N ==> returned
$flg_Position	true
$pos : st_idx = 0(2020.01.16 10:00)) / $pos->st_pr = 75.94199999999999
$typeOf_Bar	C8

[01/17/2020 12:45:17 : \app\Lib\utils\fx\lib_ea_tester.php : 1040] (step : D : 1 : 1) for-loop : continue admin

[01/17/2020 12:45:17 : \app\Lib\utils\fx\lib_ea_tester.php : 1087] (step : D : 1 : 2-4 : 1) SL

[01/17/2020 12:45:17 : \app\Lib\utils\fx\lib_ea_tester.php : 1089] 
(show_Basic_Pos_Data)
$pos->st_idx	0	$pos->st_pr	75.942
$pos->cu_idx	0	$pos->cu_pr	75.955
$pos->rf_idx	0	$pos->rf_pr	75.970
$pos->ext_idx	-1	$pos->ext_pr	0.000
$pos->val_TP	0.100	$pos->val_SL	0.050	$pos->val_SPREAD	0.010
$pos->pr_TP	76.052	$pos->pr_SL	75.882
$pos->trail_starting_idx	-1	$pos->trail_starting_pr	75.982

[01/17/2020 12:45:17 : \app\Lib\utils\fx\lib_ea_tester.php : 1100] (step : D : 1 : 2-4 : 2) set val : loop num

[01/17/2020 12:45:17 : \app\Lib\utils\fx\lib_ea_tester.php : 1113] (step : D : 1 : 2-4 : 3) for-loop ==> breaking... ($i = 0)

[01/17/2020 12:45:17 : \app\Controller\FxTestController.php : 154] (controller::fx_tester_T_1 : step : D : 1 : 2-4 : 2)
tester ==> exec ==> comp
$flg_Position	true
$typeOf_Bar	C8
$pos->dateTime	
$numOf_Loop	0


[01/17/2020 12:47:13 : \app\Controller\FxTestController.php : 71] 

******************************** fx_tester_T_1() ********************************


[01/17/2020 12:47:13 : \app\Lib\utils\libfx.php : 170] file opened => C:\WORKS_2\WS\WS_Others.prog\prog\D-7\2_2\VIRTUAL\Admin_Projects\curr\data\csv_raw\44_5.1_10_rawdata.(AUDJPY).(Period-M15).(NumOfUnits-18000).(Bars-18000).20200116_171429.[SLICE-30].csv
[01/17/2020 12:47:13 : \app\Lib\utils\fx\lib_ea_tester.php : 898] (step : B : 1) ========================= [loop : $i = 0]

[01/17/2020 12:47:13 : \app\Lib\utils\fx\lib_ea_tester.php : 661] 
(loop_J1_N :: step : B : j1 : N : 1) position ==> NOT taken
[01/17/2020 12:47:13 : \app\Lib\utils\fx\lib_ea_tester.php : 689] 
(loop_J1_N :: step : B : j2 : Y : 1) pattern ==> detected
[01/17/2020 12:47:13 : \app\Lib\utils\fx\lib_ea_tester.php : 727] 
(* step : B : j2 : Y : 3) calc ==> comp
$pr_Open = 75.94199999999999
$pr_TP = 76.052
$pr_SL = 75.882
$val_TP = 0.1
$val_SL = 0.05
$val_SPREAD = 0.01
[01/17/2020 12:47:13 : \app\Lib\utils\fx\lib_ea_tester.php : 518] 
(step : B : j2 : Y : 4) Pos ==> init comp. !!
$pos->st_idx	0	$pos->st_pr	75.942
$pos->val_TP	0.100	$pos->val_SL	0.050
$pos->pr_TP	76.052	$pos->pr_SL	75.882
$pos->trail_starting_idx	-1	$pos->trail_starting_pr	75.982

[01/17/2020 12:47:13 : \app\Lib\utils\fx\lib_ea_tester.php : 758] 
(show_Basic_Pos_Data)
$pos->st_idx	0	$pos->st_pr	75.942
$pos->cu_idx	0	$pos->cu_pr	75.955
$pos->rf_idx	0	$pos->rf_pr	75.970
$pos->ext_idx	-1	$pos->ext_pr	0.000
$pos->val_TP	0.100	$pos->val_SL	0.050	$pos->val_SPREAD	0.010
$pos->pr_TP	76.052	$pos->pr_SL	75.882
$pos->trail_starting_idx	-1	$pos->trail_starting_pr	75.982

[01/17/2020 12:47:13 : \app\Lib\utils\fx\lib_ea_tester.php : 407] 
(get_Bar_Type : step : j1 : A2 : BUY)
$typeOf_Position => BUY

[01/17/2020 12:47:13 : \app\Lib\utils\fx\lib_ea_tester.php : 103] 
(get_Bar_Type : step : j1 : N : 1) $bd->price_Low > $pos->pr_SL (not SL)
$bd->price_Low	75.933
$pos->pr_SL	75.882
$bd->price_Low - $pos->pr_SL	0.051

[01/17/2020 12:47:13 : \app\Lib\utils\fx\lib_ea_tester.php : 167] 
(get_Bar_Type : step : j2 : Y : 1) $bd->price_High < $pos->pr_TP (not TP)
$bd->price_High	75.970
$pos->pr_TP	76.052
$bd->price_High - $pos->pr_TP	-0.082

[01/17/2020 12:47:13 : \app\Lib\utils\fx\lib_ea_tester.php : 230] 
(step : j3 : N : 1) $bd->price_High < $pos->trail_starting_pr (trail ==> NOT start)
$bd->price_High	75.970
$pos->trail_starting_pr	75.982

[01/17/2020 12:47:13 : \app\Lib\utils\fx\lib_ea_tester.php : 307] $bd->price_High <> $bd->price_Close
$bd->price_High	75.970
$bd->price_Close	75.955
$bd->price_Close - $bd->price_High	-0.015

[01/17/2020 12:47:13 : \app\Lib\utils\fx\lib_ea_tester.php : 420] $typeOf_Bar => C4

[01/17/2020 12:47:13 : \app\Lib\utils\fx\lib_ea_tester.php : 779] 
(loop_J1_N :: step : B : j2 : Y : 5) get ==> bar type ; C4

[01/17/2020 12:47:13 : \app\Lib\utils\fx\lib_ea_tester.php : 819] 
(loop_J1_N :: step : C : X : 1) TESTING... ==> $typeOf_Bar set to --> C8(CONS::$strOf_BarType__SL)
[01/17/2020 12:47:13 : \app\Lib\utils\fx\lib_ea_tester.php : 1007] 
(step : C : post-j1 : 1) LibEaTester::loop_J1_N ==> returned
$flg_Position	true
$pos : st_idx = 0(2020.01.16 10:00)) / $pos->st_pr = 75.94199999999999
$typeOf_Bar	C8

[01/17/2020 12:47:13 : \app\Lib\utils\fx\lib_ea_tester.php : 1040] (step : D : 1 : 1) for-loop : continue admin

[01/17/2020 12:47:13 : \app\Lib\utils\fx\lib_ea_tester.php : 1087] (step : D : 1 : 2-4 : 1) SL

[01/17/2020 12:47:13 : \app\Lib\utils\fx\lib_ea_tester.php : 1089] 
(show_Basic_Pos_Data)
$pos->st_idx	0	$pos->st_pr	75.942
$pos->cu_idx	0	$pos->cu_pr	75.955
$pos->rf_idx	0	$pos->rf_pr	75.970
$pos->ext_idx	-1	$pos->ext_pr	0.000
$pos->val_TP	0.100	$pos->val_SL	0.050	$pos->val_SPREAD	0.010
$pos->pr_TP	76.052	$pos->pr_SL	75.882
$pos->trail_starting_idx	-1	$pos->trail_starting_pr	75.982

[01/17/2020 12:47:13 : \app\Lib\utils\fx\lib_ea_tester.php : 1100] (step : D : 1 : 2-4 : 2) set val : loop num

[01/17/2020 12:47:13 : \app\Lib\utils\fx\lib_ea_tester.php : 1113] (step : D : 1 : 2-4 : 3) for-loop ==> breaking... ($i = 0)

[01/17/2020 12:47:13 : \app\Controller\FxTestController.php : 156] (controller::fx_tester_T_1 : step : D : 1 : 2-4 : 2)
tester ==> exec ==> comp
$flg_Position	true
$typeOf_Bar	C8
$pos->st_idx	0
$lo_BarDatas[$pos->st_idx]->dateTime	2020.01.16 10:00
$numOf_Loop	0


[01/18/2020 15:29:17 : \app\Controller\FxTestController.php : 71] 

******************************** fx_tester_T_1() ********************************


[01/18/2020 15:29:19 : \app\Lib\utils\libfx.php : 170] file opened => C:\WORKS_2\WS\WS_Others.prog\prog\D-7\2_2\VIRTUAL\Admin_Projects\curr\data\csv_raw\44_5.1_10_rawdata.(AUDJPY).(Period-M15).(NumOfUnits-18000).(Bars-18000).20200116_171429.[SLICE-30].csv
[01/18/2020 15:29:19 : \app\Lib\utils\fx\lib_ea_tester.php : 898] (step : B : 1) ========================= [loop : $i = 0]

[01/18/2020 15:29:19 : \app\Lib\utils\fx\lib_ea_tester.php : 661] 
(loop_J1_N :: step : B : j1 : N : 1) position ==> NOT taken
[01/18/2020 15:29:19 : \app\Lib\utils\fx\lib_ea_tester.php : 689] 
(loop_J1_N :: step : B : j2 : Y : 1) pattern ==> detected
[01/18/2020 15:29:19 : \app\Lib\utils\fx\lib_ea_tester.php : 727] 
(* step : B : j2 : Y : 3) calc ==> comp
$pr_Open = 75.94199999999999
$pr_TP = 76.052
$pr_SL = 75.882
$val_TP = 0.1
$val_SL = 0.05
$val_SPREAD = 0.01
[01/18/2020 15:29:19 : \app\Lib\utils\fx\lib_ea_tester.php : 518] 
(step : B : j2 : Y : 4) Pos ==> init comp. !!
$pos->st_idx	0	$pos->st_pr	75.942
$pos->val_TP	0.100	$pos->val_SL	0.050
$pos->pr_TP	76.052	$pos->pr_SL	75.882
$pos->trail_starting_idx	-1	$pos->trail_starting_pr	75.982

[01/18/2020 15:29:19 : \app\Lib\utils\fx\lib_ea_tester.php : 758] 
(show_Basic_Pos_Data)
$pos->st_idx	0	$pos->st_pr	75.942
$pos->cu_idx	0	$pos->cu_pr	75.955
$pos->rf_idx	0	$pos->rf_pr	75.970
$pos->ext_idx	-1	$pos->ext_pr	0.000
$pos->val_TP	0.100	$pos->val_SL	0.050	$pos->val_SPREAD	0.010
$pos->pr_TP	76.052	$pos->pr_SL	75.882
$pos->trail_starting_idx	-1	$pos->trail_starting_pr	75.982

[01/18/2020 15:29:19 : \app\Lib\utils\fx\lib_ea_tester.php : 407] 
(get_Bar_Type : step : j1 : A2 : BUY)
$typeOf_Position => BUY

[01/18/2020 15:29:19 : \app\Lib\utils\fx\lib_ea_tester.php : 103] 
(get_Bar_Type : step : j1 : N : 1) $bd->price_Low > $pos->pr_SL (not SL)
$bd->price_Low	75.933
$pos->pr_SL	75.882
$bd->price_Low - $pos->pr_SL	0.051

[01/18/2020 15:29:19 : \app\Lib\utils\fx\lib_ea_tester.php : 167] 
(get_Bar_Type : step : j2 : Y : 1) $bd->price_High < $pos->pr_TP (not TP)
$bd->price_High	75.970
$pos->pr_TP	76.052
$bd->price_High - $pos->pr_TP	-0.082

[01/18/2020 15:29:19 : \app\Lib\utils\fx\lib_ea_tester.php : 230] 
(step : j3 : N : 1) $bd->price_High < $pos->trail_starting_pr (trail ==> NOT start)
$bd->price_High	75.970
$pos->trail_starting_pr	75.982

[01/18/2020 15:29:19 : \app\Lib\utils\fx\lib_ea_tester.php : 307] $bd->price_High <> $bd->price_Close
$bd->price_High	75.970
$bd->price_Close	75.955
$bd->price_Close - $bd->price_High	-0.015

[01/18/2020 15:29:19 : \app\Lib\utils\fx\lib_ea_tester.php : 420] $typeOf_Bar => C4

[01/18/2020 15:29:19 : \app\Lib\utils\fx\lib_ea_tester.php : 779] 
(loop_J1_N :: step : B : j2 : Y : 5) get ==> bar type ; C4

[01/18/2020 15:29:19 : \app\Lib\utils\fx\lib_ea_tester.php : 819] 
(loop_J1_N :: step : C : X : 1) TESTING... ==> $typeOf_Bar set to --> C8(CONS::$strOf_BarType__SL)
[01/18/2020 15:29:19 : \app\Lib\utils\fx\lib_ea_tester.php : 1007] 
(step : C : post-j1 : 1) LibEaTester::loop_J1_N ==> returned
$flg_Position	true
$pos : st_idx = 0(2020.01.16 10:00)) / $pos->st_pr = 75.94199999999999
$typeOf_Bar	C8

[01/18/2020 15:29:19 : \app\Lib\utils\fx\lib_ea_tester.php : 1040] (step : D : 1 : 1) for-loop : continue admin

[01/18/2020 15:29:19 : \app\Lib\utils\fx\lib_ea_tester.php : 1087] (step : D : 1 : 2-4 : 1) SL

[01/18/2020 15:29:19 : \app\Lib\utils\fx\lib_ea_tester.php : 1089] 
(show_Basic_Pos_Data)
$pos->st_idx	0	$pos->st_pr	75.942
$pos->cu_idx	0	$pos->cu_pr	75.955
$pos->rf_idx	0	$pos->rf_pr	75.970
$pos->ext_idx	-1	$pos->ext_pr	0.000
$pos->val_TP	0.100	$pos->val_SL	0.050	$pos->val_SPREAD	0.010
$pos->pr_TP	76.052	$pos->pr_SL	75.882
$pos->trail_starting_idx	-1	$pos->trail_starting_pr	75.982

[01/18/2020 15:29:19 : \app\Lib\utils\fx\lib_ea_tester.php : 1100] (step : D : 1 : 2-4 : 2) set val : loop num

[01/18/2020 15:29:19 : \app\Lib\utils\fx\lib_ea_tester.php : 1113] (step : D : 1 : 2-4 : 3) for-loop ==> breaking... ($i = 0)

[01/18/2020 15:29:19 : \app\Controller\FxTestController.php : 157] (controller::fx_tester_T_1 : step : D : 1 : 2-4 : 2)
tester ==> exec ==> comp
$flg_Position	true
$typeOf_Bar	C8
$pos->st_idx	0
$lo_BarDatas[$pos->st_idx]->dateTime	2020.01.16 10:00
$numOf_Loop	0


[01/18/2020 15:40:02 : \app\Controller\FxTestController.php : 71] 

******************************** fx_tester_T_1() ********************************


[01/18/2020 15:40:03 : \app\Lib\utils\libfx.php : 170] file opened => C:\WORKS_2\WS\WS_Others.prog\prog\D-7\2_2\VIRTUAL\Admin_Projects\curr\data\csv_raw\44_5.1_10_rawdata.(AUDJPY).(Period-M15).(NumOfUnits-18000).(Bars-18000).20200116_171429.[SLICE-30].csv
[01/18/2020 15:40:03 : \app\Lib\utils\fx\lib_ea_tester.php : 898] (step : B : 1) ========================= [loop : $i = 0]

[01/18/2020 15:40:03 : \app\Lib\utils\fx\lib_ea_tester.php : 661] 
(loop_J1_N :: step : B : j1 : N : 1) position ==> NOT taken
[01/18/2020 15:40:03 : \app\Lib\utils\fx\lib_ea_tester.php : 689] 
(loop_J1_N :: step : B : j2 : Y : 1) pattern ==> detected
[01/18/2020 15:40:03 : \app\Lib\utils\fx\lib_ea_tester.php : 727] 
(* step : B : j2 : Y : 3) calc ==> comp
$pr_Open = 75.94199999999999
$pr_TP = 76.052
$pr_SL = 75.882
$val_TP = 0.1
$val_SL = 0.05
$val_SPREAD = 0.01
[01/18/2020 15:40:03 : \app\Lib\utils\fx\lib_ea_tester.php : 518] 
(step : B : j2 : Y : 4) Pos ==> init comp. !!
$pos->st_idx	0	$pos->st_pr	75.942
$pos->val_TP	0.100	$pos->val_SL	0.050
$pos->pr_TP	76.052	$pos->pr_SL	75.882
$pos->trail_starting_idx	-1	$pos->trail_starting_pr	75.982

[01/18/2020 15:40:03 : \app\Lib\utils\fx\lib_ea_tester.php : 758] 
(show_Basic_Pos_Data)
$pos->st_idx	0	$pos->st_pr	75.942
$pos->cu_idx	0	$pos->cu_pr	75.955
$pos->rf_idx	0	$pos->rf_pr	75.970
$pos->ext_idx	-1	$pos->ext_pr	0.000
$pos->val_TP	0.100	$pos->val_SL	0.050	$pos->val_SPREAD	0.010
$pos->pr_TP	76.052	$pos->pr_SL	75.882
$pos->trail_starting_idx	-1	$pos->trail_starting_pr	75.982

[01/18/2020 15:40:03 : \app\Lib\utils\fx\lib_ea_tester.php : 407] 
(get_Bar_Type : step : j1 : A2 : BUY)
$typeOf_Position => BUY

[01/18/2020 15:40:03 : \app\Lib\utils\fx\lib_ea_tester.php : 103] 
(get_Bar_Type : step : j1 : N : 1) $bd->price_Low > $pos->pr_SL (not SL)
$bd->price_Low	75.933
$pos->pr_SL	75.882
$bd->price_Low - $pos->pr_SL	0.051

[01/18/2020 15:40:03 : \app\Lib\utils\fx\lib_ea_tester.php : 167] 
(get_Bar_Type : step : j2 : Y : 1) $bd->price_High < $pos->pr_TP (not TP)
$bd->price_High	75.970
$pos->pr_TP	76.052
$bd->price_High - $pos->pr_TP	-0.082

[01/18/2020 15:40:03 : \app\Lib\utils\fx\lib_ea_tester.php : 230] 
(step : j3 : N : 1) $bd->price_High < $pos->trail_starting_pr (trail ==> NOT start)
$bd->price_High	75.970
$pos->trail_starting_pr	75.982

[01/18/2020 15:40:03 : \app\Lib\utils\fx\lib_ea_tester.php : 307] $bd->price_High <> $bd->price_Close
$bd->price_High	75.970
$bd->price_Close	75.955
$bd->price_Close - $bd->price_High	-0.015

[01/18/2020 15:40:03 : \app\Lib\utils\fx\lib_ea_tester.php : 420] $typeOf_Bar => C4

[01/18/2020 15:40:03 : \app\Lib\utils\fx\lib_ea_tester.php : 779] 
(loop_J1_N :: step : B : j2 : Y : 5) get ==> bar type ; C4

[01/18/2020 15:40:03 : \app\Lib\utils\fx\lib_ea_tester.php : 819] 
(loop_J1_N :: step : C : X : 1) TESTING... ==> $typeOf_Bar set to --> C8(CONS::$strOf_BarType__SL)
[01/18/2020 15:40:03 : \app\Lib\utils\fx\lib_ea_tester.php : 1007] 
(step : C : post-j1 : 1) LibEaTester::loop_J1_N ==> returned
$flg_Position	true
$pos : st_idx = 0(2020.01.16 10:00)) / $pos->st_pr = 75.94199999999999
$typeOf_Bar	C8

[01/18/2020 15:40:03 : \app\Lib\utils\fx\lib_ea_tester.php : 1040] (step : D : 1 : 1) for-loop : continue admin

[01/18/2020 15:40:03 : \app\Lib\utils\fx\lib_ea_tester.php : 1087] (step : D : 1 : 2-4 : 1) SL

[01/18/2020 15:40:03 : \app\Lib\utils\fx\lib_ea_tester.php : 1089] 
(show_Basic_Pos_Data)
$pos->st_idx	0	$pos->st_pr	75.942
$pos->cu_idx	0	$pos->cu_pr	75.955
$pos->rf_idx	0	$pos->rf_pr	75.970
$pos->ext_idx	-1	$pos->ext_pr	0.000
$pos->val_TP	0.100	$pos->val_SL	0.050	$pos->val_SPREAD	0.010
$pos->pr_TP	76.052	$pos->pr_SL	75.882
$pos->trail_starting_idx	-1	$pos->trail_starting_pr	75.982

[01/18/2020 15:40:03 : \app\Lib\utils\fx\lib_ea_tester.php : 1100] (step : D : 1 : 2-4 : 2) set val : loop num

[01/18/2020 15:40:03 : \app\Lib\utils\fx\lib_ea_tester.php : 1113] (step : D : 1 : 2-4 : 3) for-loop ==> breaking... ($i = 0)

[01/18/2020 15:40:03 : \app\Controller\FxTestController.php : 162] (controller::fx_tester_T_1 : step : D : 1 : 2-4 : 2)
tester ==> exec ==> comp
$flg_Position	true
$typeOf_Bar	C8
$pos->st_idx	0
$lo_BarDatas[$pos->st_idx]->dateTime	2020.01.16 10:00
$numOf_Loop	0


[01/18/2020 15:40:03 : \app\Controller\FxTestController.php : 175] while ==> comp

[01/18/2020 15:42:48 : \app\Controller\FxTestController.php : 71] 

******************************** fx_tester_T_1() ********************************


[01/18/2020 15:42:48 : \app\Lib\utils\libfx.php : 170] file opened => C:\WORKS_2\WS\WS_Others.prog\prog\D-7\2_2\VIRTUAL\Admin_Projects\curr\data\csv_raw\44_5.1_10_rawdata.(AUDJPY).(Period-M15).(NumOfUnits-18000).(Bars-18000).20200116_171429.[SLICE-30].csv
[01/18/2020 15:42:48 : \app\Lib\utils\fx\lib_ea_tester.php : 898] (step : B : 1) ========================= [loop : $i = 0]

[01/18/2020 15:42:48 : \app\Lib\utils\fx\lib_ea_tester.php : 661] 
(loop_J1_N :: step : B : j1 : N : 1) position ==> NOT taken
[01/18/2020 15:42:48 : \app\Lib\utils\fx\lib_ea_tester.php : 689] 
(loop_J1_N :: step : B : j2 : Y : 1) pattern ==> detected
[01/18/2020 15:42:48 : \app\Lib\utils\fx\lib_ea_tester.php : 727] 
(* step : B : j2 : Y : 3) calc ==> comp
$pr_Open = 75.94199999999999
$pr_TP = 76.052
$pr_SL = 75.882
$val_TP = 0.1
$val_SL = 0.05
$val_SPREAD = 0.01
[01/18/2020 15:42:48 : \app\Lib\utils\fx\lib_ea_tester.php : 518] 
(step : B : j2 : Y : 4) Pos ==> init comp. !!
$pos->st_idx	0	$pos->st_pr	75.942
$pos->val_TP	0.100	$pos->val_SL	0.050
$pos->pr_TP	76.052	$pos->pr_SL	75.882
$pos->trail_starting_idx	-1	$pos->trail_starting_pr	75.982

[01/18/2020 15:42:48 : \app\Lib\utils\fx\lib_ea_tester.php : 758] 
(show_Basic_Pos_Data)
$pos->st_idx	0	$pos->st_pr	75.942
$pos->cu_idx	0	$pos->cu_pr	75.955
$pos->rf_idx	0	$pos->rf_pr	75.970
$pos->ext_idx	-1	$pos->ext_pr	0.000
$pos->val_TP	0.100	$pos->val_SL	0.050	$pos->val_SPREAD	0.010
$pos->pr_TP	76.052	$pos->pr_SL	75.882
$pos->trail_starting_idx	-1	$pos->trail_starting_pr	75.982

[01/18/2020 15:42:48 : \app\Lib\utils\fx\lib_ea_tester.php : 407] 
(get_Bar_Type : step : j1 : A2 : BUY)
$typeOf_Position => BUY

[01/18/2020 15:42:48 : \app\Lib\utils\fx\lib_ea_tester.php : 103] 
(get_Bar_Type : step : j1 : N : 1) $bd->price_Low > $pos->pr_SL (not SL)
$bd->price_Low	75.933
$pos->pr_SL	75.882
$bd->price_Low - $pos->pr_SL	0.051

[01/18/2020 15:42:48 : \app\Lib\utils\fx\lib_ea_tester.php : 167] 
(get_Bar_Type : step : j2 : Y : 1) $bd->price_High < $pos->pr_TP (not TP)
$bd->price_High	75.970
$pos->pr_TP	76.052
$bd->price_High - $pos->pr_TP	-0.082

[01/18/2020 15:42:48 : \app\Lib\utils\fx\lib_ea_tester.php : 230] 
(step : j3 : N : 1) $bd->price_High < $pos->trail_starting_pr (trail ==> NOT start)
$bd->price_High	75.970
$pos->trail_starting_pr	75.982

[01/18/2020 15:42:48 : \app\Lib\utils\fx\lib_ea_tester.php : 307] $bd->price_High <> $bd->price_Close
$bd->price_High	75.970
$bd->price_Close	75.955
$bd->price_Close - $bd->price_High	-0.015

[01/18/2020 15:42:48 : \app\Lib\utils\fx\lib_ea_tester.php : 420] $typeOf_Bar => C4

[01/18/2020 15:42:48 : \app\Lib\utils\fx\lib_ea_tester.php : 779] 
(loop_J1_N :: step : B : j2 : Y : 5) get ==> bar type ; C4

[01/18/2020 15:42:48 : \app\Lib\utils\fx\lib_ea_tester.php : 1007] 
(step : C : post-j1 : 1) LibEaTester::loop_J1_N ==> returned
$flg_Position	true
$pos : st_idx = 0(2020.01.16 10:00)) / $pos->st_pr = 75.94199999999999
$typeOf_Bar	C4

[01/18/2020 15:42:48 : \app\Lib\utils\fx\lib_ea_tester.php : 1040] (step : D : 1 : 1) for-loop : continue admin

[01/18/2020 15:42:48 : \app\Lib\utils\fx\lib_ea_tester.php : 1063] (step : D : 1 : 2-2) C4

[01/18/2020 15:42:48 : \app\Lib\utils\fx\lib_ea_tester.php : 1065] 
(show_Basic_Pos_Data)
$pos->st_idx	0	$pos->st_pr	75.942
$pos->cu_idx	0	$pos->cu_pr	75.955
$pos->rf_idx	0	$pos->rf_pr	75.970
$pos->ext_idx	-1	$pos->ext_pr	0.000
$pos->val_TP	0.100	$pos->val_SL	0.050	$pos->val_SPREAD	0.010
$pos->pr_TP	76.052	$pos->pr_SL	75.882
$pos->trail_starting_idx	-1	$pos->trail_starting_pr	75.982

[01/18/2020 15:42:48 : \app\Lib\utils\fx\lib_ea_tester.php : 898] (step : B : 1) ========================= [loop : $i = 1]

[01/18/2020 15:42:48 : \app\Lib\utils\fx\lib_ea_tester.php : 941] 
(step : B : j1 : Y : 1) position ==> taken
[01/18/2020 15:42:48 : \app\Lib\utils\fx\lib_ea_tester.php : 1040] (step : D : 1 : 1) for-loop : continue admin

[01/18/2020 15:42:48 : \app\Lib\utils\fx\lib_ea_tester.php : 1063] (step : D : 1 : 2-2) C4

[01/18/2020 15:42:48 : \app\Lib\utils\fx\lib_ea_tester.php : 1065] 
(show_Basic_Pos_Data)
$pos->st_idx	0	$pos->st_pr	75.942
$pos->cu_idx	0	$pos->cu_pr	75.955
$pos->rf_idx	0	$pos->rf_pr	75.970
$pos->ext_idx	-1	$pos->ext_pr	0.000
$pos->val_TP	0.100	$pos->val_SL	0.050	$pos->val_SPREAD	0.010
$pos->pr_TP	76.052	$pos->pr_SL	75.882
$pos->trail_starting_idx	-1	$pos->trail_starting_pr	75.982

[01/18/2020 15:42:48 : \app\Lib\utils\fx\lib_ea_tester.php : 898] (step : B : 1) ========================= [loop : $i = 2]

[01/18/2020 15:42:48 : \app\Lib\utils\fx\lib_ea_tester.php : 941] 
(step : B : j1 : Y : 1) position ==> taken
[01/18/2020 15:42:48 : \app\Lib\utils\fx\lib_ea_tester.php : 1040] (step : D : 1 : 1) for-loop : continue admin

[01/18/2020 15:42:48 : \app\Lib\utils\fx\lib_ea_tester.php : 1063] (step : D : 1 : 2-2) C4

[01/18/2020 15:42:48 : \app\Lib\utils\fx\lib_ea_tester.php : 1065] 
(show_Basic_Pos_Data)
$pos->st_idx	0	$pos->st_pr	75.942
$pos->cu_idx	0	$pos->cu_pr	75.955
$pos->rf_idx	0	$pos->rf_pr	75.970
$pos->ext_idx	-1	$pos->ext_pr	0.000
$pos->val_TP	0.100	$pos->val_SL	0.050	$pos->val_SPREAD	0.010
$pos->pr_TP	76.052	$pos->pr_SL	75.882
$pos->trail_starting_idx	-1	$pos->trail_starting_pr	75.982

[01/18/2020 15:42:48 : \app\Lib\utils\fx\lib_ea_tester.php : 898] (step : B : 1) ========================= [loop : $i = 3]

[01/18/2020 15:42:48 : \app\Lib\utils\fx\lib_ea_tester.php : 941] 
(step : B : j1 : Y : 1) position ==> taken
[01/18/2020 15:42:48 : \app\Lib\utils\fx\lib_ea_tester.php : 1040] (step : D : 1 : 1) for-loop : continue admin

[01/18/2020 15:42:48 : \app\Lib\utils\fx\lib_ea_tester.php : 1063] (step : D : 1 : 2-2) C4

[01/18/2020 15:42:48 : \app\Lib\utils\fx\lib_ea_tester.php : 1065] 
(show_Basic_Pos_Data)
$pos->st_idx	0	$pos->st_pr	75.942
$pos->cu_idx	0	$pos->cu_pr	75.955
$pos->rf_idx	0	$pos->rf_pr	75.970
$pos->ext_idx	-1	$pos->ext_pr	0.000
$pos->val_TP	0.100	$pos->val_SL	0.050	$pos->val_SPREAD	0.010
$pos->pr_TP	76.052	$pos->pr_SL	75.882
$pos->trail_starting_idx	-1	$pos->trail_starting_pr	75.982

[01/18/2020 15:42:48 : \app\Lib\utils\fx\lib_ea_tester.php : 898] (step : B : 1) ========================= [loop : $i = 4]

[01/18/2020 15:42:48 : \app\Lib\utils\fx\lib_ea_tester.php : 941] 
(step : B : j1 : Y : 1) position ==> taken
[01/18/2020 15:42:48 : \app\Lib\utils\fx\lib_ea_tester.php : 1040] (step : D : 1 : 1) for-loop : continue admin

[01/18/2020 15:42:48 : \app\Lib\utils\fx\lib_ea_tester.php : 1063] (step : D : 1 : 2-2) C4

[01/18/2020 15:42:48 : \app\Lib\utils\fx\lib_ea_tester.php : 1065] 
(show_Basic_Pos_Data)
$pos->st_idx	0	$pos->st_pr	75.942
$pos->cu_idx	0	$pos->cu_pr	75.955
$pos->rf_idx	0	$pos->rf_pr	75.970
$pos->ext_idx	-1	$pos->ext_pr	0.000
$pos->val_TP	0.100	$pos->val_SL	0.050	$pos->val_SPREAD	0.010
$pos->pr_TP	76.052	$pos->pr_SL	75.882
$pos->trail_starting_idx	-1	$pos->trail_starting_pr	75.982

[01/18/2020 15:42:48 : \app\Lib\utils\fx\lib_ea_tester.php : 898] (step : B : 1) ========================= [loop : $i = 5]

[01/18/2020 15:42:48 : \app\Lib\utils\fx\lib_ea_tester.php : 941] 
(step : B : j1 : Y : 1) position ==> taken
[01/18/2020 15:42:48 : \app\Lib\utils\fx\lib_ea_tester.php : 1040] (step : D : 1 : 1) for-loop : continue admin

[01/18/2020 15:42:48 : \app\Lib\utils\fx\lib_ea_tester.php : 1063] (step : D : 1 : 2-2) C4

[01/18/2020 15:42:48 : \app\Lib\utils\fx\lib_ea_tester.php : 1065] 
(show_Basic_Pos_Data)
$pos->st_idx	0	$pos->st_pr	75.942
$pos->cu_idx	0	$pos->cu_pr	75.955
$pos->rf_idx	0	$pos->rf_pr	75.970
$pos->ext_idx	-1	$pos->ext_pr	0.000
$pos->val_TP	0.100	$pos->val_SL	0.050	$pos->val_SPREAD	0.010
$pos->pr_TP	76.052	$pos->pr_SL	75.882
$pos->trail_starting_idx	-1	$pos->trail_starting_pr	75.982

[01/18/2020 15:42:48 : \app\Lib\utils\fx\lib_ea_tester.php : 898] (step : B : 1) ========================= [loop : $i = 6]

[01/18/2020 15:42:48 : \app\Lib\utils\fx\lib_ea_tester.php : 941] 
(step : B : j1 : Y : 1) position ==> taken
[01/18/2020 15:42:48 : \app\Lib\utils\fx\lib_ea_tester.php : 1040] (step : D : 1 : 1) for-loop : continue admin

[01/18/2020 15:42:48 : \app\Lib\utils\fx\lib_ea_tester.php : 1063] (step : D : 1 : 2-2) C4

[01/18/2020 15:42:48 : \app\Lib\utils\fx\lib_ea_tester.php : 1065] 
(show_Basic_Pos_Data)
$pos->st_idx	0	$pos->st_pr	75.942
$pos->cu_idx	0	$pos->cu_pr	75.955
$pos->rf_idx	0	$pos->rf_pr	75.970
$pos->ext_idx	-1	$pos->ext_pr	0.000
$pos->val_TP	0.100	$pos->val_SL	0.050	$pos->val_SPREAD	0.010
$pos->pr_TP	76.052	$pos->pr_SL	75.882
$pos->trail_starting_idx	-1	$pos->trail_starting_pr	75.982

[01/18/2020 15:42:48 : \app\Lib\utils\fx\lib_ea_tester.php : 898] (step : B : 1) ========================= [loop : $i = 7]

[01/18/2020 15:42:48 : \app\Lib\utils\fx\lib_ea_tester.php : 941] 
(step : B : j1 : Y : 1) position ==> taken
[01/18/2020 15:42:48 : \app\Lib\utils\fx\lib_ea_tester.php : 1040] (step : D : 1 : 1) for-loop : continue admin

[01/18/2020 15:42:48 : \app\Lib\utils\fx\lib_ea_tester.php : 1063] (step : D : 1 : 2-2) C4

[01/18/2020 15:42:48 : \app\Lib\utils\fx\lib_ea_tester.php : 1065] 
(show_Basic_Pos_Data)
$pos->st_idx	0	$pos->st_pr	75.942
$pos->cu_idx	0	$pos->cu_pr	75.955
$pos->rf_idx	0	$pos->rf_pr	75.970
$pos->ext_idx	-1	$pos->ext_pr	0.000
$pos->val_TP	0.100	$pos->val_SL	0.050	$pos->val_SPREAD	0.010
$pos->pr_TP	76.052	$pos->pr_SL	75.882
$pos->trail_starting_idx	-1	$pos->trail_starting_pr	75.982

[01/18/2020 15:42:48 : \app\Lib\utils\fx\lib_ea_tester.php : 898] (step : B : 1) ========================= [loop : $i = 8]

[01/18/2020 15:42:48 : \app\Lib\utils\fx\lib_ea_tester.php : 941] 
(step : B : j1 : Y : 1) position ==> taken
[01/18/2020 15:42:48 : \app\Lib\utils\fx\lib_ea_tester.php : 1040] (step : D : 1 : 1) for-loop : continue admin

[01/18/2020 15:42:48 : \app\Lib\utils\fx\lib_ea_tester.php : 1063] (step : D : 1 : 2-2) C4

[01/18/2020 15:42:48 : \app\Lib\utils\fx\lib_ea_tester.php : 1065] 
(show_Basic_Pos_Data)
$pos->st_idx	0	$pos->st_pr	75.942
$pos->cu_idx	0	$pos->cu_pr	75.955
$pos->rf_idx	0	$pos->rf_pr	75.970
$pos->ext_idx	-1	$pos->ext_pr	0.000
$pos->val_TP	0.100	$pos->val_SL	0.050	$pos->val_SPREAD	0.010
$pos->pr_TP	76.052	$pos->pr_SL	75.882
$pos->trail_starting_idx	-1	$pos->trail_starting_pr	75.982

[01/18/2020 15:42:48 : \app\Lib\utils\fx\lib_ea_tester.php : 898] (step : B : 1) ========================= [loop : $i = 9]

[01/18/2020 15:42:48 : \app\Lib\utils\fx\lib_ea_tester.php : 941] 
(step : B : j1 : Y : 1) position ==> taken
[01/18/2020 15:42:48 : \app\Lib\utils\fx\lib_ea_tester.php : 1040] (step : D : 1 : 1) for-loop : continue admin

[01/18/2020 15:42:48 : \app\Lib\utils\fx\lib_ea_tester.php : 1063] (step : D : 1 : 2-2) C4

[01/18/2020 15:42:48 : \app\Lib\utils\fx\lib_ea_tester.php : 1065] 
(show_Basic_Pos_Data)
$pos->st_idx	0	$pos->st_pr	75.942
$pos->cu_idx	0	$pos->cu_pr	75.955
$pos->rf_idx	0	$pos->rf_pr	75.970
$pos->ext_idx	-1	$pos->ext_pr	0.000
$pos->val_TP	0.100	$pos->val_SL	0.050	$pos->val_SPREAD	0.010
$pos->pr_TP	76.052	$pos->pr_SL	75.882
$pos->trail_starting_idx	-1	$pos->trail_starting_pr	75.982

[01/18/2020 15:42:48 : \app\Lib\utils\fx\lib_ea_tester.php : 898] (step : B : 1) ========================= [loop : $i = 10]

[01/18/2020 15:42:48 : \app\Lib\utils\fx\lib_ea_tester.php : 915] 
(step : B : 2) stopper : loop ==> maxed out : $cntOf_Loop = 11 / $maxOf_Loop = 10
breaking the loop...
[01/18/2020 15:42:48 : \app\Controller\FxTestController.php : 162] (controller::fx_tester_T_1 : step : D : 1 : 2-4 : 2)
tester ==> exec ==> comp
$flg_Position	true
$typeOf_Bar	C4
$pos->st_idx	0
$lo_BarDatas[$pos->st_idx]->dateTime	2020.01.16 10:00
$numOf_Loop	


[01/18/2020 15:42:48 : \app\Controller\FxTestController.php : 175] while ==> comp

[01/18/2020 15:50:31 : \app\Controller\FxTestController.php : 71] 

******************************** fx_tester_T_1() ********************************


[01/18/2020 15:50:31 : \app\Lib\utils\libfx.php : 170] file opened => C:\WORKS_2\WS\WS_Others.prog\prog\D-7\2_2\VIRTUAL\Admin_Projects\curr\data\csv_raw\44_5.1_10_rawdata.(AUDJPY).(Period-M15).(NumOfUnits-18000).(Bars-18000).20200116_171429.[SLICE-30].csv
[01/18/2020 15:50:31 : \app\Lib\utils\fx\lib_ea_tester.php : 908] (step : B : 1) ========================= [loop : $i = 0]

[01/18/2020 15:50:31 : \app\Lib\utils\fx\lib_ea_tester.php : 661] 
(loop_J1_N :: step : B : j1 : N : 1) position ==> NOT taken
[01/18/2020 15:50:31 : \app\Lib\utils\fx\lib_ea_tester.php : 689] 
(loop_J1_N :: step : B : j2 : Y : 1) pattern ==> detected
[01/18/2020 15:50:31 : \app\Lib\utils\fx\lib_ea_tester.php : 727] 
(* step : B : j2 : Y : 3) calc ==> comp
$pr_Open = 75.94199999999999
$pr_TP = 76.052
$pr_SL = 75.882
$val_TP = 0.1
$val_SL = 0.05
$val_SPREAD = 0.01
[01/18/2020 15:50:31 : \app\Lib\utils\fx\lib_ea_tester.php : 518] 
(step : B : j2 : Y : 4) Pos ==> init comp. !!
$pos->st_idx	0	$pos->st_pr	75.942
$pos->val_TP	0.100	$pos->val_SL	0.050
$pos->pr_TP	76.052	$pos->pr_SL	75.882
$pos->trail_starting_idx	-1	$pos->trail_starting_pr	75.982

[01/18/2020 15:50:31 : \app\Lib\utils\fx\lib_ea_tester.php : 758] 
(show_Basic_Pos_Data)
$pos->st_idx	0	$pos->st_pr	75.942
$pos->cu_idx	0	$pos->cu_pr	75.955
$pos->rf_idx	0	$pos->rf_pr	75.970
$pos->ext_idx	-1	$pos->ext_pr	0.000
$pos->val_TP	0.100	$pos->val_SL	0.050	$pos->val_SPREAD	0.010
$pos->pr_TP	76.052	$pos->pr_SL	75.882
$pos->trail_starting_idx	-1	$pos->trail_starting_pr	75.982

[01/18/2020 15:50:31 : \app\Lib\utils\fx\lib_ea_tester.php : 407] 
(get_Bar_Type : step : j1 : A2 : BUY)
$typeOf_Position => BUY

[01/18/2020 15:50:31 : \app\Lib\utils\fx\lib_ea_tester.php : 103] 
(get_Bar_Type : step : j1 : N : 1) $bd->price_Low > $pos->pr_SL (not SL)
$bd->price_Low	75.933
$pos->pr_SL	75.882
$bd->price_Low - $pos->pr_SL	0.051

[01/18/2020 15:50:31 : \app\Lib\utils\fx\lib_ea_tester.php : 167] 
(get_Bar_Type : step : j2 : Y : 1) $bd->price_High < $pos->pr_TP (not TP)
$bd->price_High	75.970
$pos->pr_TP	76.052
$bd->price_High - $pos->pr_TP	-0.082

[01/18/2020 15:50:31 : \app\Lib\utils\fx\lib_ea_tester.php : 230] 
(step : j3 : N : 1) $bd->price_High < $pos->trail_starting_pr (trail ==> NOT start)
$bd->price_High	75.970
$pos->trail_starting_pr	75.982

[01/18/2020 15:50:31 : \app\Lib\utils\fx\lib_ea_tester.php : 307] $bd->price_High <> $bd->price_Close
$bd->price_High	75.970
$bd->price_Close	75.955
$bd->price_Close - $bd->price_High	-0.015

[01/18/2020 15:50:31 : \app\Lib\utils\fx\lib_ea_tester.php : 420] $typeOf_Bar => C4

[01/18/2020 15:50:31 : \app\Lib\utils\fx\lib_ea_tester.php : 779] 
(loop_J1_N :: step : B : j2 : Y : 5) get ==> bar type ; C4

[01/18/2020 15:50:31 : \app\Lib\utils\fx\lib_ea_tester.php : 1017] 
(step : C : post-j1 : 1) LibEaTester::loop_J1_N ==> returned
$flg_Position	true
$pos : st_idx = 0(2020.01.16 10:00)) / $pos->st_pr = 75.94199999999999
$typeOf_Bar	C4

[01/18/2020 15:50:31 : \app\Lib\utils\fx\lib_ea_tester.php : 1050] (step : D : 1 : 1) for-loop : continue admin

[01/18/2020 15:50:31 : \app\Lib\utils\fx\lib_ea_tester.php : 1073] (step : D : 1 : 2-2) C4

[01/18/2020 15:50:31 : \app\Lib\utils\fx\lib_ea_tester.php : 1075] 
(show_Basic_Pos_Data)
$pos->st_idx	0	$pos->st_pr	75.942
$pos->cu_idx	0	$pos->cu_pr	75.955
$pos->rf_idx	0	$pos->rf_pr	75.970
$pos->ext_idx	-1	$pos->ext_pr	0.000
$pos->val_TP	0.100	$pos->val_SL	0.050	$pos->val_SPREAD	0.010
$pos->pr_TP	76.052	$pos->pr_SL	75.882
$pos->trail_starting_idx	-1	$pos->trail_starting_pr	75.982

[01/18/2020 15:50:31 : \app\Lib\utils\fx\lib_ea_tester.php : 908] (step : B : 1) ========================= [loop : $i = 1]

[01/18/2020 15:50:31 : \app\Lib\utils\fx\lib_ea_tester.php : 951] 
(step : B : j1 : Y : 1) position ==> taken
[01/18/2020 15:50:31 : \app\Lib\utils\fx\lib_ea_tester.php : 1050] (step : D : 1 : 1) for-loop : continue admin

[01/18/2020 15:50:31 : \app\Lib\utils\fx\lib_ea_tester.php : 1073] (step : D : 1 : 2-2) C4

[01/18/2020 15:50:31 : \app\Lib\utils\fx\lib_ea_tester.php : 1075] 
(show_Basic_Pos_Data)
$pos->st_idx	0	$pos->st_pr	75.942
$pos->cu_idx	0	$pos->cu_pr	75.955
$pos->rf_idx	0	$pos->rf_pr	75.970
$pos->ext_idx	-1	$pos->ext_pr	0.000
$pos->val_TP	0.100	$pos->val_SL	0.050	$pos->val_SPREAD	0.010
$pos->pr_TP	76.052	$pos->pr_SL	75.882
$pos->trail_starting_idx	-1	$pos->trail_starting_pr	75.982

[01/18/2020 15:50:31 : \app\Lib\utils\fx\lib_ea_tester.php : 908] (step : B : 1) ========================= [loop : $i = 2]

[01/18/2020 15:50:31 : \app\Lib\utils\fx\lib_ea_tester.php : 951] 
(step : B : j1 : Y : 1) position ==> taken
[01/18/2020 15:50:31 : \app\Lib\utils\fx\lib_ea_tester.php : 1050] (step : D : 1 : 1) for-loop : continue admin

[01/18/2020 15:50:31 : \app\Lib\utils\fx\lib_ea_tester.php : 1073] (step : D : 1 : 2-2) C4

[01/18/2020 15:50:31 : \app\Lib\utils\fx\lib_ea_tester.php : 1075] 
(show_Basic_Pos_Data)
$pos->st_idx	0	$pos->st_pr	75.942
$pos->cu_idx	0	$pos->cu_pr	75.955
$pos->rf_idx	0	$pos->rf_pr	75.970
$pos->ext_idx	-1	$pos->ext_pr	0.000
$pos->val_TP	0.100	$pos->val_SL	0.050	$pos->val_SPREAD	0.010
$pos->pr_TP	76.052	$pos->pr_SL	75.882
$pos->trail_starting_idx	-1	$pos->trail_starting_pr	75.982

[01/18/2020 15:50:31 : \app\Lib\utils\fx\lib_ea_tester.php : 908] (step : B : 1) ========================= [loop : $i = 3]

[01/18/2020 15:50:31 : \app\Lib\utils\fx\lib_ea_tester.php : 951] 
(step : B : j1 : Y : 1) position ==> taken
[01/18/2020 15:50:31 : \app\Lib\utils\fx\lib_ea_tester.php : 1050] (step : D : 1 : 1) for-loop : continue admin

[01/18/2020 15:50:31 : \app\Lib\utils\fx\lib_ea_tester.php : 1073] (step : D : 1 : 2-2) C4

[01/18/2020 15:50:31 : \app\Lib\utils\fx\lib_ea_tester.php : 1075] 
(show_Basic_Pos_Data)
$pos->st_idx	0	$pos->st_pr	75.942
$pos->cu_idx	0	$pos->cu_pr	75.955
$pos->rf_idx	0	$pos->rf_pr	75.970
$pos->ext_idx	-1	$pos->ext_pr	0.000
$pos->val_TP	0.100	$pos->val_SL	0.050	$pos->val_SPREAD	0.010
$pos->pr_TP	76.052	$pos->pr_SL	75.882
$pos->trail_starting_idx	-1	$pos->trail_starting_pr	75.982

[01/18/2020 15:50:31 : \app\Lib\utils\fx\lib_ea_tester.php : 908] (step : B : 1) ========================= [loop : $i = 4]

[01/18/2020 15:50:31 : \app\Lib\utils\fx\lib_ea_tester.php : 951] 
(step : B : j1 : Y : 1) position ==> taken
[01/18/2020 15:50:31 : \app\Lib\utils\fx\lib_ea_tester.php : 1050] (step : D : 1 : 1) for-loop : continue admin

[01/18/2020 15:50:31 : \app\Lib\utils\fx\lib_ea_tester.php : 1073] (step : D : 1 : 2-2) C4

[01/18/2020 15:50:31 : \app\Lib\utils\fx\lib_ea_tester.php : 1075] 
(show_Basic_Pos_Data)
$pos->st_idx	0	$pos->st_pr	75.942
$pos->cu_idx	0	$pos->cu_pr	75.955
$pos->rf_idx	0	$pos->rf_pr	75.970
$pos->ext_idx	-1	$pos->ext_pr	0.000
$pos->val_TP	0.100	$pos->val_SL	0.050	$pos->val_SPREAD	0.010
$pos->pr_TP	76.052	$pos->pr_SL	75.882
$pos->trail_starting_idx	-1	$pos->trail_starting_pr	75.982

[01/18/2020 15:50:31 : \app\Lib\utils\fx\lib_ea_tester.php : 908] (step : B : 1) ========================= [loop : $i = 5]

[01/18/2020 15:50:31 : \app\Lib\utils\fx\lib_ea_tester.php : 951] 
(step : B : j1 : Y : 1) position ==> taken
[01/18/2020 15:50:31 : \app\Lib\utils\fx\lib_ea_tester.php : 1050] (step : D : 1 : 1) for-loop : continue admin

[01/18/2020 15:50:31 : \app\Lib\utils\fx\lib_ea_tester.php : 1073] (step : D : 1 : 2-2) C4

[01/18/2020 15:50:31 : \app\Lib\utils\fx\lib_ea_tester.php : 1075] 
(show_Basic_Pos_Data)
$pos->st_idx	0	$pos->st_pr	75.942
$pos->cu_idx	0	$pos->cu_pr	75.955
$pos->rf_idx	0	$pos->rf_pr	75.970
$pos->ext_idx	-1	$pos->ext_pr	0.000
$pos->val_TP	0.100	$pos->val_SL	0.050	$pos->val_SPREAD	0.010
$pos->pr_TP	76.052	$pos->pr_SL	75.882
$pos->trail_starting_idx	-1	$pos->trail_starting_pr	75.982

[01/18/2020 15:50:31 : \app\Lib\utils\fx\lib_ea_tester.php : 908] (step : B : 1) ========================= [loop : $i = 6]

[01/18/2020 15:50:31 : \app\Lib\utils\fx\lib_ea_tester.php : 951] 
(step : B : j1 : Y : 1) position ==> taken
[01/18/2020 15:50:31 : \app\Lib\utils\fx\lib_ea_tester.php : 1050] (step : D : 1 : 1) for-loop : continue admin

[01/18/2020 15:50:31 : \app\Lib\utils\fx\lib_ea_tester.php : 1073] (step : D : 1 : 2-2) C4

[01/18/2020 15:50:31 : \app\Lib\utils\fx\lib_ea_tester.php : 1075] 
(show_Basic_Pos_Data)
$pos->st_idx	0	$pos->st_pr	75.942
$pos->cu_idx	0	$pos->cu_pr	75.955
$pos->rf_idx	0	$pos->rf_pr	75.970
$pos->ext_idx	-1	$pos->ext_pr	0.000
$pos->val_TP	0.100	$pos->val_SL	0.050	$pos->val_SPREAD	0.010
$pos->pr_TP	76.052	$pos->pr_SL	75.882
$pos->trail_starting_idx	-1	$pos->trail_starting_pr	75.982

[01/18/2020 15:50:31 : \app\Lib\utils\fx\lib_ea_tester.php : 908] (step : B : 1) ========================= [loop : $i = 7]

[01/18/2020 15:50:31 : \app\Lib\utils\fx\lib_ea_tester.php : 951] 
(step : B : j1 : Y : 1) position ==> taken
[01/18/2020 15:50:31 : \app\Lib\utils\fx\lib_ea_tester.php : 1050] (step : D : 1 : 1) for-loop : continue admin

[01/18/2020 15:50:31 : \app\Lib\utils\fx\lib_ea_tester.php : 1073] (step : D : 1 : 2-2) C4

[01/18/2020 15:50:31 : \app\Lib\utils\fx\lib_ea_tester.php : 1075] 
(show_Basic_Pos_Data)
$pos->st_idx	0	$pos->st_pr	75.942
$pos->cu_idx	0	$pos->cu_pr	75.955
$pos->rf_idx	0	$pos->rf_pr	75.970
$pos->ext_idx	-1	$pos->ext_pr	0.000
$pos->val_TP	0.100	$pos->val_SL	0.050	$pos->val_SPREAD	0.010
$pos->pr_TP	76.052	$pos->pr_SL	75.882
$pos->trail_starting_idx	-1	$pos->trail_starting_pr	75.982

[01/18/2020 15:50:31 : \app\Lib\utils\fx\lib_ea_tester.php : 908] (step : B : 1) ========================= [loop : $i = 8]

[01/18/2020 15:50:31 : \app\Lib\utils\fx\lib_ea_tester.php : 951] 
(step : B : j1 : Y : 1) position ==> taken
[01/18/2020 15:50:31 : \app\Lib\utils\fx\lib_ea_tester.php : 1050] (step : D : 1 : 1) for-loop : continue admin

[01/18/2020 15:50:31 : \app\Lib\utils\fx\lib_ea_tester.php : 1073] (step : D : 1 : 2-2) C4

[01/18/2020 15:50:31 : \app\Lib\utils\fx\lib_ea_tester.php : 1075] 
(show_Basic_Pos_Data)
$pos->st_idx	0	$pos->st_pr	75.942
$pos->cu_idx	0	$pos->cu_pr	75.955
$pos->rf_idx	0	$pos->rf_pr	75.970
$pos->ext_idx	-1	$pos->ext_pr	0.000
$pos->val_TP	0.100	$pos->val_SL	0.050	$pos->val_SPREAD	0.010
$pos->pr_TP	76.052	$pos->pr_SL	75.882
$pos->trail_starting_idx	-1	$pos->trail_starting_pr	75.982

[01/18/2020 15:50:31 : \app\Lib\utils\fx\lib_ea_tester.php : 908] (step : B : 1) ========================= [loop : $i = 9]

[01/18/2020 15:50:31 : \app\Lib\utils\fx\lib_ea_tester.php : 951] 
(step : B : j1 : Y : 1) position ==> taken
[01/18/2020 15:50:31 : \app\Lib\utils\fx\lib_ea_tester.php : 1050] (step : D : 1 : 1) for-loop : continue admin

[01/18/2020 15:50:31 : \app\Lib\utils\fx\lib_ea_tester.php : 1073] (step : D : 1 : 2-2) C4

[01/18/2020 15:50:31 : \app\Lib\utils\fx\lib_ea_tester.php : 1075] 
(show_Basic_Pos_Data)
$pos->st_idx	0	$pos->st_pr	75.942
$pos->cu_idx	0	$pos->cu_pr	75.955
$pos->rf_idx	0	$pos->rf_pr	75.970
$pos->ext_idx	-1	$pos->ext_pr	0.000
$pos->val_TP	0.100	$pos->val_SL	0.050	$pos->val_SPREAD	0.010
$pos->pr_TP	76.052	$pos->pr_SL	75.882
$pos->trail_starting_idx	-1	$pos->trail_starting_pr	75.982

[01/18/2020 15:50:31 : \app\Lib\utils\fx\lib_ea_tester.php : 908] (step : B : 1) ========================= [loop : $i = 10]

[01/18/2020 15:50:31 : \app\Lib\utils\fx\lib_ea_tester.php : 925] 
(step : B : 2) stopper : loop ==> maxed out : $cntOf_Loop = 11 / $maxOf_Loop = 10
breaking the loop...
[01/18/2020 15:50:31 : \app\Controller\FxTestController.php : 162] (controller::fx_tester_T_1 : step : D : 1 : 2-4 : 2)
tester ==> exec ==> comp
$flg_Position	true
$typeOf_Bar	C4
$pos->st_idx	0
$lo_BarDatas[$pos->st_idx]->dateTime	2020.01.16 10:00
$numOf_Loop	


[01/18/2020 15:50:31 : \app\Controller\FxTestController.php : 175] while ==> comp

[01/18/2020 15:50:51 : \app\Controller\FxTestController.php : 71] 

******************************** fx_tester_T_1() ********************************


[01/18/2020 15:50:51 : \app\Lib\utils\libfx.php : 170] file opened => C:\WORKS_2\WS\WS_Others.prog\prog\D-7\2_2\VIRTUAL\Admin_Projects\curr\data\csv_raw\44_5.1_10_rawdata.(AUDJPY).(Period-M15).(NumOfUnits-18000).(Bars-18000).20200116_171429.[SLICE-30].csv
[01/18/2020 15:50:51 : \app\Lib\utils\fx\lib_ea_tester.php : 908] (step : B : 1) ========================= [loop : $i = 0]

[01/18/2020 15:50:51 : \app\Lib\utils\fx\lib_ea_tester.php : 661] 
(loop_J1_N :: step : B : j1 : N : 1) position ==> NOT taken
[01/18/2020 15:50:51 : \app\Lib\utils\fx\lib_ea_tester.php : 689] 
(loop_J1_N :: step : B : j2 : Y : 1) pattern ==> detected
[01/18/2020 15:50:51 : \app\Lib\utils\fx\lib_ea_tester.php : 727] 
(* step : B : j2 : Y : 3) calc ==> comp
$pr_Open = 75.94199999999999
$pr_TP = 76.052
$pr_SL = 75.882
$val_TP = 0.1
$val_SL = 0.05
$val_SPREAD = 0.01
[01/18/2020 15:50:51 : \app\Lib\utils\fx\lib_ea_tester.php : 518] 
(step : B : j2 : Y : 4) Pos ==> init comp. !!
$pos->st_idx	0	$pos->st_pr	75.942
$pos->val_TP	0.100	$pos->val_SL	0.050
$pos->pr_TP	76.052	$pos->pr_SL	75.882
$pos->trail_starting_idx	-1	$pos->trail_starting_pr	75.982

[01/18/2020 15:50:51 : \app\Lib\utils\fx\lib_ea_tester.php : 758] 
(show_Basic_Pos_Data)
$pos->st_idx	0	$pos->st_pr	75.942
$pos->cu_idx	0	$pos->cu_pr	75.955
$pos->rf_idx	0	$pos->rf_pr	75.970
$pos->ext_idx	-1	$pos->ext_pr	0.000
$pos->val_TP	0.100	$pos->val_SL	0.050	$pos->val_SPREAD	0.010
$pos->pr_TP	76.052	$pos->pr_SL	75.882
$pos->trail_starting_idx	-1	$pos->trail_starting_pr	75.982

[01/18/2020 15:50:51 : \app\Lib\utils\fx\lib_ea_tester.php : 407] 
(get_Bar_Type : step : j1 : A2 : BUY)
$typeOf_Position => BUY

[01/18/2020 15:50:51 : \app\Lib\utils\fx\lib_ea_tester.php : 103] 
(get_Bar_Type : step : j1 : N : 1) $bd->price_Low > $pos->pr_SL (not SL)
$bd->price_Low	75.933
$pos->pr_SL	75.882
$bd->price_Low - $pos->pr_SL	0.051

[01/18/2020 15:50:51 : \app\Lib\utils\fx\lib_ea_tester.php : 167] 
(get_Bar_Type : step : j2 : Y : 1) $bd->price_High < $pos->pr_TP (not TP)
$bd->price_High	75.970
$pos->pr_TP	76.052
$bd->price_High - $pos->pr_TP	-0.082

[01/18/2020 15:50:51 : \app\Lib\utils\fx\lib_ea_tester.php : 230] 
(step : j3 : N : 1) $bd->price_High < $pos->trail_starting_pr (trail ==> NOT start)
$bd->price_High	75.970
$pos->trail_starting_pr	75.982

[01/18/2020 15:50:51 : \app\Lib\utils\fx\lib_ea_tester.php : 307] $bd->price_High <> $bd->price_Close
$bd->price_High	75.970
$bd->price_Close	75.955
$bd->price_Close - $bd->price_High	-0.015

[01/18/2020 15:50:51 : \app\Lib\utils\fx\lib_ea_tester.php : 420] $typeOf_Bar => C4

[01/18/2020 15:50:51 : \app\Lib\utils\fx\lib_ea_tester.php : 779] 
(loop_J1_N :: step : B : j2 : Y : 5) get ==> bar type ; C4

[01/18/2020 15:50:51 : \app\Lib\utils\fx\lib_ea_tester.php : 1017] 
(step : C : post-j1 : 1) LibEaTester::loop_J1_N ==> returned
$flg_Position	true
$pos : st_idx = 0(2020.01.16 10:00)) / $pos->st_pr = 75.94199999999999
$typeOf_Bar	C4

[01/18/2020 15:50:51 : \app\Lib\utils\fx\lib_ea_tester.php : 1050] (step : D : 1 : 1) for-loop : continue admin

[01/18/2020 15:50:51 : \app\Lib\utils\fx\lib_ea_tester.php : 1073] (step : D : 1 : 2-2) C4

[01/18/2020 15:50:51 : \app\Lib\utils\fx\lib_ea_tester.php : 1075] 
(show_Basic_Pos_Data)
$pos->st_idx	0	$pos->st_pr	75.942
$pos->cu_idx	0	$pos->cu_pr	75.955
$pos->rf_idx	0	$pos->rf_pr	75.970
$pos->ext_idx	-1	$pos->ext_pr	0.000
$pos->val_TP	0.100	$pos->val_SL	0.050	$pos->val_SPREAD	0.010
$pos->pr_TP	76.052	$pos->pr_SL	75.882
$pos->trail_starting_idx	-1	$pos->trail_starting_pr	75.982

[01/18/2020 15:50:51 : \app\Lib\utils\fx\lib_ea_tester.php : 908] (step : B : 1) ========================= [loop : $i = 1]

[01/18/2020 15:50:51 : \app\Lib\utils\fx\lib_ea_tester.php : 951] 
(step : B : j1 : Y : 1) position ==> taken
[01/18/2020 15:50:51 : \app\Lib\utils\fx\lib_ea_tester.php : 1050] (step : D : 1 : 1) for-loop : continue admin

[01/18/2020 15:50:51 : \app\Lib\utils\fx\lib_ea_tester.php : 1073] (step : D : 1 : 2-2) C4

[01/18/2020 15:50:51 : \app\Lib\utils\fx\lib_ea_tester.php : 1075] 
(show_Basic_Pos_Data)
$pos->st_idx	0	$pos->st_pr	75.942
$pos->cu_idx	0	$pos->cu_pr	75.955
$pos->rf_idx	0	$pos->rf_pr	75.970
$pos->ext_idx	-1	$pos->ext_pr	0.000
$pos->val_TP	0.100	$pos->val_SL	0.050	$pos->val_SPREAD	0.010
$pos->pr_TP	76.052	$pos->pr_SL	75.882
$pos->trail_starting_idx	-1	$pos->trail_starting_pr	75.982

[01/18/2020 15:50:51 : \app\Lib\utils\fx\lib_ea_tester.php : 908] (step : B : 1) ========================= [loop : $i = 2]

[01/18/2020 15:50:51 : \app\Lib\utils\fx\lib_ea_tester.php : 951] 
(step : B : j1 : Y : 1) position ==> taken
[01/18/2020 15:50:51 : \app\Lib\utils\fx\lib_ea_tester.php : 1050] (step : D : 1 : 1) for-loop : continue admin

[01/18/2020 15:50:51 : \app\Lib\utils\fx\lib_ea_tester.php : 1073] (step : D : 1 : 2-2) C4

[01/18/2020 15:50:51 : \app\Lib\utils\fx\lib_ea_tester.php : 1075] 
(show_Basic_Pos_Data)
$pos->st_idx	0	$pos->st_pr	75.942
$pos->cu_idx	0	$pos->cu_pr	75.955
$pos->rf_idx	0	$pos->rf_pr	75.970
$pos->ext_idx	-1	$pos->ext_pr	0.000
$pos->val_TP	0.100	$pos->val_SL	0.050	$pos->val_SPREAD	0.010
$pos->pr_TP	76.052	$pos->pr_SL	75.882
$pos->trail_starting_idx	-1	$pos->trail_starting_pr	75.982

[01/18/2020 15:50:51 : \app\Lib\utils\fx\lib_ea_tester.php : 908] (step : B : 1) ========================= [loop : $i = 3]

[01/18/2020 15:50:51 : \app\Lib\utils\fx\lib_ea_tester.php : 951] 
(step : B : j1 : Y : 1) position ==> taken
[01/18/2020 15:50:51 : \app\Lib\utils\fx\lib_ea_tester.php : 1050] (step : D : 1 : 1) for-loop : continue admin

[01/18/2020 15:50:51 : \app\Lib\utils\fx\lib_ea_tester.php : 1073] (step : D : 1 : 2-2) C4

[01/18/2020 15:50:51 : \app\Lib\utils\fx\lib_ea_tester.php : 1075] 
(show_Basic_Pos_Data)
$pos->st_idx	0	$pos->st_pr	75.942
$pos->cu_idx	0	$pos->cu_pr	75.955
$pos->rf_idx	0	$pos->rf_pr	75.970
$pos->ext_idx	-1	$pos->ext_pr	0.000
$pos->val_TP	0.100	$pos->val_SL	0.050	$pos->val_SPREAD	0.010
$pos->pr_TP	76.052	$pos->pr_SL	75.882
$pos->trail_starting_idx	-1	$pos->trail_starting_pr	75.982

[01/18/2020 15:50:51 : \app\Lib\utils\fx\lib_ea_tester.php : 908] (step : B : 1) ========================= [loop : $i = 4]

[01/18/2020 15:50:51 : \app\Lib\utils\fx\lib_ea_tester.php : 951] 
(step : B : j1 : Y : 1) position ==> taken
[01/18/2020 15:50:51 : \app\Lib\utils\fx\lib_ea_tester.php : 1050] (step : D : 1 : 1) for-loop : continue admin

[01/18/2020 15:50:51 : \app\Lib\utils\fx\lib_ea_tester.php : 1073] (step : D : 1 : 2-2) C4

[01/18/2020 15:50:51 : \app\Lib\utils\fx\lib_ea_tester.php : 1075] 
(show_Basic_Pos_Data)
$pos->st_idx	0	$pos->st_pr	75.942
$pos->cu_idx	0	$pos->cu_pr	75.955
$pos->rf_idx	0	$pos->rf_pr	75.970
$pos->ext_idx	-1	$pos->ext_pr	0.000
$pos->val_TP	0.100	$pos->val_SL	0.050	$pos->val_SPREAD	0.010
$pos->pr_TP	76.052	$pos->pr_SL	75.882
$pos->trail_starting_idx	-1	$pos->trail_starting_pr	75.982

[01/18/2020 15:50:51 : \app\Lib\utils\fx\lib_ea_tester.php : 908] (step : B : 1) ========================= [loop : $i = 5]

[01/18/2020 15:50:51 : \app\Lib\utils\fx\lib_ea_tester.php : 951] 
(step : B : j1 : Y : 1) position ==> taken
[01/18/2020 15:50:51 : \app\Lib\utils\fx\lib_ea_tester.php : 1050] (step : D : 1 : 1) for-loop : continue admin

[01/18/2020 15:50:51 : \app\Lib\utils\fx\lib_ea_tester.php : 1073] (step : D : 1 : 2-2) C4

[01/18/2020 15:50:51 : \app\Lib\utils\fx\lib_ea_tester.php : 1075] 
(show_Basic_Pos_Data)
$pos->st_idx	0	$pos->st_pr	75.942
$pos->cu_idx	0	$pos->cu_pr	75.955
$pos->rf_idx	0	$pos->rf_pr	75.970
$pos->ext_idx	-1	$pos->ext_pr	0.000
$pos->val_TP	0.100	$pos->val_SL	0.050	$pos->val_SPREAD	0.010
$pos->pr_TP	76.052	$pos->pr_SL	75.882
$pos->trail_starting_idx	-1	$pos->trail_starting_pr	75.982

[01/18/2020 15:50:51 : \app\Lib\utils\fx\lib_ea_tester.php : 908] (step : B : 1) ========================= [loop : $i = 6]

[01/18/2020 15:50:51 : \app\Lib\utils\fx\lib_ea_tester.php : 951] 
(step : B : j1 : Y : 1) position ==> taken
[01/18/2020 15:50:51 : \app\Lib\utils\fx\lib_ea_tester.php : 1050] (step : D : 1 : 1) for-loop : continue admin

[01/18/2020 15:50:51 : \app\Lib\utils\fx\lib_ea_tester.php : 1073] (step : D : 1 : 2-2) C4

[01/18/2020 15:50:51 : \app\Lib\utils\fx\lib_ea_tester.php : 1075] 
(show_Basic_Pos_Data)
$pos->st_idx	0	$pos->st_pr	75.942
$pos->cu_idx	0	$pos->cu_pr	75.955
$pos->rf_idx	0	$pos->rf_pr	75.970
$pos->ext_idx	-1	$pos->ext_pr	0.000
$pos->val_TP	0.100	$pos->val_SL	0.050	$pos->val_SPREAD	0.010
$pos->pr_TP	76.052	$pos->pr_SL	75.882
$pos->trail_starting_idx	-1	$pos->trail_starting_pr	75.982

[01/18/2020 15:50:51 : \app\Lib\utils\fx\lib_ea_tester.php : 908] (step : B : 1) ========================= [loop : $i = 7]

[01/18/2020 15:50:51 : \app\Lib\utils\fx\lib_ea_tester.php : 951] 
(step : B : j1 : Y : 1) position ==> taken
[01/18/2020 15:50:51 : \app\Lib\utils\fx\lib_ea_tester.php : 1050] (step : D : 1 : 1) for-loop : continue admin

[01/18/2020 15:50:51 : \app\Lib\utils\fx\lib_ea_tester.php : 1073] (step : D : 1 : 2-2) C4

[01/18/2020 15:50:51 : \app\Lib\utils\fx\lib_ea_tester.php : 1075] 
(show_Basic_Pos_Data)
$pos->st_idx	0	$pos->st_pr	75.942
$pos->cu_idx	0	$pos->cu_pr	75.955
$pos->rf_idx	0	$pos->rf_pr	75.970
$pos->ext_idx	-1	$pos->ext_pr	0.000
$pos->val_TP	0.100	$pos->val_SL	0.050	$pos->val_SPREAD	0.010
$pos->pr_TP	76.052	$pos->pr_SL	75.882
$pos->trail_starting_idx	-1	$pos->trail_starting_pr	75.982

[01/18/2020 15:50:51 : \app\Lib\utils\fx\lib_ea_tester.php : 908] (step : B : 1) ========================= [loop : $i = 8]

[01/18/2020 15:50:51 : \app\Lib\utils\fx\lib_ea_tester.php : 951] 
(step : B : j1 : Y : 1) position ==> taken
[01/18/2020 15:50:51 : \app\Lib\utils\fx\lib_ea_tester.php : 1050] (step : D : 1 : 1) for-loop : continue admin

[01/18/2020 15:50:51 : \app\Lib\utils\fx\lib_ea_tester.php : 1073] (step : D : 1 : 2-2) C4

[01/18/2020 15:50:51 : \app\Lib\utils\fx\lib_ea_tester.php : 1075] 
(show_Basic_Pos_Data)
$pos->st_idx	0	$pos->st_pr	75.942
$pos->cu_idx	0	$pos->cu_pr	75.955
$pos->rf_idx	0	$pos->rf_pr	75.970
$pos->ext_idx	-1	$pos->ext_pr	0.000
$pos->val_TP	0.100	$pos->val_SL	0.050	$pos->val_SPREAD	0.010
$pos->pr_TP	76.052	$pos->pr_SL	75.882
$pos->trail_starting_idx	-1	$pos->trail_starting_pr	75.982

[01/18/2020 15:50:51 : \app\Lib\utils\fx\lib_ea_tester.php : 908] (step : B : 1) ========================= [loop : $i = 9]

[01/18/2020 15:50:51 : \app\Lib\utils\fx\lib_ea_tester.php : 951] 
(step : B : j1 : Y : 1) position ==> taken
[01/18/2020 15:50:51 : \app\Lib\utils\fx\lib_ea_tester.php : 1050] (step : D : 1 : 1) for-loop : continue admin

[01/18/2020 15:50:51 : \app\Lib\utils\fx\lib_ea_tester.php : 1073] (step : D : 1 : 2-2) C4

[01/18/2020 15:50:51 : \app\Lib\utils\fx\lib_ea_tester.php : 1075] 
(show_Basic_Pos_Data)
$pos->st_idx	0	$pos->st_pr	75.942
$pos->cu_idx	0	$pos->cu_pr	75.955
$pos->rf_idx	0	$pos->rf_pr	75.970
$pos->ext_idx	-1	$pos->ext_pr	0.000
$pos->val_TP	0.100	$pos->val_SL	0.050	$pos->val_SPREAD	0.010
$pos->pr_TP	76.052	$pos->pr_SL	75.882
$pos->trail_starting_idx	-1	$pos->trail_starting_pr	75.982

[01/18/2020 15:50:51 : \app\Lib\utils\fx\lib_ea_tester.php : 908] (step : B : 1) ========================= [loop : $i = 10]

[01/18/2020 15:50:51 : \app\Lib\utils\fx\lib_ea_tester.php : 925] 
(step : B : 2) stopper : loop ==> maxed out : $cntOf_Loop = 11 / $maxOf_Loop = 10
breaking the loop...
[01/18/2020 15:50:51 : \app\Controller\FxTestController.php : 162] (controller::fx_tester_T_1 : step : D : 1 : 2-4 : 2)
tester ==> exec ==> comp
$flg_Position	true
$typeOf_Bar	C4
$pos->st_idx	0
$lo_BarDatas[$pos->st_idx]->dateTime	2020.01.16 10:00
$numOf_Loop	10


[01/18/2020 15:50:51 : \app\Controller\FxTestController.php : 175] while ==> comp

[01/18/2020 15:52:59 : \app\Controller\FxTestController.php : 75] 

******************************** fx_tester_T_1() [01/18/2020 15:52:59] ********************************


[01/18/2020 15:52:59 : \app\Lib\utils\libfx.php : 170] file opened => C:\WORKS_2\WS\WS_Others.prog\prog\D-7\2_2\VIRTUAL\Admin_Projects\curr\data\csv_raw\44_5.1_10_rawdata.(AUDJPY).(Period-M15).(NumOfUnits-18000).(Bars-18000).20200116_171429.[SLICE-30].csv
[01/18/2020 15:52:59 : \app\Lib\utils\fx\lib_ea_tester.php : 908] (step : B : 1) ========================= [loop : $i = 0]

[01/18/2020 15:52:59 : \app\Lib\utils\fx\lib_ea_tester.php : 661] 
(loop_J1_N :: step : B : j1 : N : 1) position ==> NOT taken
[01/18/2020 15:52:59 : \app\Lib\utils\fx\lib_ea_tester.php : 689] 
(loop_J1_N :: step : B : j2 : Y : 1) pattern ==> detected
[01/18/2020 15:52:59 : \app\Lib\utils\fx\lib_ea_tester.php : 727] 
(* step : B : j2 : Y : 3) calc ==> comp
$pr_Open = 75.94199999999999
$pr_TP = 76.052
$pr_SL = 75.882
$val_TP = 0.1
$val_SL = 0.05
$val_SPREAD = 0.01
[01/18/2020 15:52:59 : \app\Lib\utils\fx\lib_ea_tester.php : 518] 
(step : B : j2 : Y : 4) Pos ==> init comp. !!
$pos->st_idx	0	$pos->st_pr	75.942
$pos->val_TP	0.100	$pos->val_SL	0.050
$pos->pr_TP	76.052	$pos->pr_SL	75.882
$pos->trail_starting_idx	-1	$pos->trail_starting_pr	75.982

[01/18/2020 15:52:59 : \app\Lib\utils\fx\lib_ea_tester.php : 758] 
(show_Basic_Pos_Data)
$pos->st_idx	0	$pos->st_pr	75.942
$pos->cu_idx	0	$pos->cu_pr	75.955
$pos->rf_idx	0	$pos->rf_pr	75.970
$pos->ext_idx	-1	$pos->ext_pr	0.000
$pos->val_TP	0.100	$pos->val_SL	0.050	$pos->val_SPREAD	0.010
$pos->pr_TP	76.052	$pos->pr_SL	75.882
$pos->trail_starting_idx	-1	$pos->trail_starting_pr	75.982

[01/18/2020 15:52:59 : \app\Lib\utils\fx\lib_ea_tester.php : 407] 
(get_Bar_Type : step : j1 : A2 : BUY)
$typeOf_Position => BUY

[01/18/2020 15:52:59 : \app\Lib\utils\fx\lib_ea_tester.php : 103] 
(get_Bar_Type : step : j1 : N : 1) $bd->price_Low > $pos->pr_SL (not SL)
$bd->price_Low	75.933
$pos->pr_SL	75.882
$bd->price_Low - $pos->pr_SL	0.051

[01/18/2020 15:52:59 : \app\Lib\utils\fx\lib_ea_tester.php : 167] 
(get_Bar_Type : step : j2 : Y : 1) $bd->price_High < $pos->pr_TP (not TP)
$bd->price_High	75.970
$pos->pr_TP	76.052
$bd->price_High - $pos->pr_TP	-0.082

[01/18/2020 15:52:59 : \app\Lib\utils\fx\lib_ea_tester.php : 230] 
(step : j3 : N : 1) $bd->price_High < $pos->trail_starting_pr (trail ==> NOT start)
$bd->price_High	75.970
$pos->trail_starting_pr	75.982

[01/18/2020 15:52:59 : \app\Lib\utils\fx\lib_ea_tester.php : 307] $bd->price_High <> $bd->price_Close
$bd->price_High	75.970
$bd->price_Close	75.955
$bd->price_Close - $bd->price_High	-0.015

[01/18/2020 15:52:59 : \app\Lib\utils\fx\lib_ea_tester.php : 420] $typeOf_Bar => C4

[01/18/2020 15:52:59 : \app\Lib\utils\fx\lib_ea_tester.php : 779] 
(loop_J1_N :: step : B : j2 : Y : 5) get ==> bar type ; C4

[01/18/2020 15:52:59 : \app\Lib\utils\fx\lib_ea_tester.php : 1017] 
(step : C : post-j1 : 1) LibEaTester::loop_J1_N ==> returned
$flg_Position	true
$pos : st_idx = 0(2020.01.16 10:00)) / $pos->st_pr = 75.94199999999999
$typeOf_Bar	C4

[01/18/2020 15:52:59 : \app\Lib\utils\fx\lib_ea_tester.php : 1050] (step : D : 1 : 1) for-loop : continue admin

[01/18/2020 15:52:59 : \app\Lib\utils\fx\lib_ea_tester.php : 1073] (step : D : 1 : 2-2) C4

[01/18/2020 15:52:59 : \app\Lib\utils\fx\lib_ea_tester.php : 1075] 
(show_Basic_Pos_Data)
$pos->st_idx	0	$pos->st_pr	75.942
$pos->cu_idx	0	$pos->cu_pr	75.955
$pos->rf_idx	0	$pos->rf_pr	75.970
$pos->ext_idx	-1	$pos->ext_pr	0.000
$pos->val_TP	0.100	$pos->val_SL	0.050	$pos->val_SPREAD	0.010
$pos->pr_TP	76.052	$pos->pr_SL	75.882
$pos->trail_starting_idx	-1	$pos->trail_starting_pr	75.982

[01/18/2020 15:52:59 : \app\Lib\utils\fx\lib_ea_tester.php : 908] (step : B : 1) ========================= [loop : $i = 1]

[01/18/2020 15:52:59 : \app\Lib\utils\fx\lib_ea_tester.php : 951] 
(step : B : j1 : Y : 1) position ==> taken
[01/18/2020 15:52:59 : \app\Lib\utils\fx\lib_ea_tester.php : 1050] (step : D : 1 : 1) for-loop : continue admin

[01/18/2020 15:52:59 : \app\Lib\utils\fx\lib_ea_tester.php : 1073] (step : D : 1 : 2-2) C4

[01/18/2020 15:52:59 : \app\Lib\utils\fx\lib_ea_tester.php : 1075] 
(show_Basic_Pos_Data)
$pos->st_idx	0	$pos->st_pr	75.942
$pos->cu_idx	0	$pos->cu_pr	75.955
$pos->rf_idx	0	$pos->rf_pr	75.970
$pos->ext_idx	-1	$pos->ext_pr	0.000
$pos->val_TP	0.100	$pos->val_SL	0.050	$pos->val_SPREAD	0.010
$pos->pr_TP	76.052	$pos->pr_SL	75.882
$pos->trail_starting_idx	-1	$pos->trail_starting_pr	75.982

[01/18/2020 15:52:59 : \app\Lib\utils\fx\lib_ea_tester.php : 908] (step : B : 1) ========================= [loop : $i = 2]

[01/18/2020 15:52:59 : \app\Lib\utils\fx\lib_ea_tester.php : 951] 
(step : B : j1 : Y : 1) position ==> taken
[01/18/2020 15:52:59 : \app\Lib\utils\fx\lib_ea_tester.php : 1050] (step : D : 1 : 1) for-loop : continue admin

[01/18/2020 15:52:59 : \app\Lib\utils\fx\lib_ea_tester.php : 1073] (step : D : 1 : 2-2) C4

[01/18/2020 15:52:59 : \app\Lib\utils\fx\lib_ea_tester.php : 1075] 
(show_Basic_Pos_Data)
$pos->st_idx	0	$pos->st_pr	75.942
$pos->cu_idx	0	$pos->cu_pr	75.955
$pos->rf_idx	0	$pos->rf_pr	75.970
$pos->ext_idx	-1	$pos->ext_pr	0.000
$pos->val_TP	0.100	$pos->val_SL	0.050	$pos->val_SPREAD	0.010
$pos->pr_TP	76.052	$pos->pr_SL	75.882
$pos->trail_starting_idx	-1	$pos->trail_starting_pr	75.982

[01/18/2020 15:52:59 : \app\Lib\utils\fx\lib_ea_tester.php : 908] (step : B : 1) ========================= [loop : $i = 3]

[01/18/2020 15:52:59 : \app\Lib\utils\fx\lib_ea_tester.php : 951] 
(step : B : j1 : Y : 1) position ==> taken
[01/18/2020 15:52:59 : \app\Lib\utils\fx\lib_ea_tester.php : 1050] (step : D : 1 : 1) for-loop : continue admin

[01/18/2020 15:52:59 : \app\Lib\utils\fx\lib_ea_tester.php : 1073] (step : D : 1 : 2-2) C4

[01/18/2020 15:52:59 : \app\Lib\utils\fx\lib_ea_tester.php : 1075] 
(show_Basic_Pos_Data)
$pos->st_idx	0	$pos->st_pr	75.942
$pos->cu_idx	0	$pos->cu_pr	75.955
$pos->rf_idx	0	$pos->rf_pr	75.970
$pos->ext_idx	-1	$pos->ext_pr	0.000
$pos->val_TP	0.100	$pos->val_SL	0.050	$pos->val_SPREAD	0.010
$pos->pr_TP	76.052	$pos->pr_SL	75.882
$pos->trail_starting_idx	-1	$pos->trail_starting_pr	75.982

[01/18/2020 15:52:59 : \app\Lib\utils\fx\lib_ea_tester.php : 908] (step : B : 1) ========================= [loop : $i = 4]

[01/18/2020 15:52:59 : \app\Lib\utils\fx\lib_ea_tester.php : 951] 
(step : B : j1 : Y : 1) position ==> taken
[01/18/2020 15:52:59 : \app\Lib\utils\fx\lib_ea_tester.php : 1050] (step : D : 1 : 1) for-loop : continue admin

[01/18/2020 15:52:59 : \app\Lib\utils\fx\lib_ea_tester.php : 1073] (step : D : 1 : 2-2) C4

[01/18/2020 15:52:59 : \app\Lib\utils\fx\lib_ea_tester.php : 1075] 
(show_Basic_Pos_Data)
$pos->st_idx	0	$pos->st_pr	75.942
$pos->cu_idx	0	$pos->cu_pr	75.955
$pos->rf_idx	0	$pos->rf_pr	75.970
$pos->ext_idx	-1	$pos->ext_pr	0.000
$pos->val_TP	0.100	$pos->val_SL	0.050	$pos->val_SPREAD	0.010
$pos->pr_TP	76.052	$pos->pr_SL	75.882
$pos->trail_starting_idx	-1	$pos->trail_starting_pr	75.982

[01/18/2020 15:52:59 : \app\Lib\utils\fx\lib_ea_tester.php : 908] (step : B : 1) ========================= [loop : $i = 5]

[01/18/2020 15:52:59 : \app\Lib\utils\fx\lib_ea_tester.php : 951] 
(step : B : j1 : Y : 1) position ==> taken
[01/18/2020 15:52:59 : \app\Lib\utils\fx\lib_ea_tester.php : 1050] (step : D : 1 : 1) for-loop : continue admin

[01/18/2020 15:52:59 : \app\Lib\utils\fx\lib_ea_tester.php : 1073] (step : D : 1 : 2-2) C4

[01/18/2020 15:52:59 : \app\Lib\utils\fx\lib_ea_tester.php : 1075] 
(show_Basic_Pos_Data)
$pos->st_idx	0	$pos->st_pr	75.942
$pos->cu_idx	0	$pos->cu_pr	75.955
$pos->rf_idx	0	$pos->rf_pr	75.970
$pos->ext_idx	-1	$pos->ext_pr	0.000
$pos->val_TP	0.100	$pos->val_SL	0.050	$pos->val_SPREAD	0.010
$pos->pr_TP	76.052	$pos->pr_SL	75.882
$pos->trail_starting_idx	-1	$pos->trail_starting_pr	75.982

[01/18/2020 15:52:59 : \app\Lib\utils\fx\lib_ea_tester.php : 908] (step : B : 1) ========================= [loop : $i = 6]

[01/18/2020 15:52:59 : \app\Lib\utils\fx\lib_ea_tester.php : 951] 
(step : B : j1 : Y : 1) position ==> taken
[01/18/2020 15:52:59 : \app\Lib\utils\fx\lib_ea_tester.php : 1050] (step : D : 1 : 1) for-loop : continue admin

[01/18/2020 15:52:59 : \app\Lib\utils\fx\lib_ea_tester.php : 1073] (step : D : 1 : 2-2) C4

[01/18/2020 15:52:59 : \app\Lib\utils\fx\lib_ea_tester.php : 1075] 
(show_Basic_Pos_Data)
$pos->st_idx	0	$pos->st_pr	75.942
$pos->cu_idx	0	$pos->cu_pr	75.955
$pos->rf_idx	0	$pos->rf_pr	75.970
$pos->ext_idx	-1	$pos->ext_pr	0.000
$pos->val_TP	0.100	$pos->val_SL	0.050	$pos->val_SPREAD	0.010
$pos->pr_TP	76.052	$pos->pr_SL	75.882
$pos->trail_starting_idx	-1	$pos->trail_starting_pr	75.982

[01/18/2020 15:52:59 : \app\Lib\utils\fx\lib_ea_tester.php : 908] (step : B : 1) ========================= [loop : $i = 7]

[01/18/2020 15:52:59 : \app\Lib\utils\fx\lib_ea_tester.php : 951] 
(step : B : j1 : Y : 1) position ==> taken
[01/18/2020 15:52:59 : \app\Lib\utils\fx\lib_ea_tester.php : 1050] (step : D : 1 : 1) for-loop : continue admin

[01/18/2020 15:52:59 : \app\Lib\utils\fx\lib_ea_tester.php : 1073] (step : D : 1 : 2-2) C4

[01/18/2020 15:52:59 : \app\Lib\utils\fx\lib_ea_tester.php : 1075] 
(show_Basic_Pos_Data)
$pos->st_idx	0	$pos->st_pr	75.942
$pos->cu_idx	0	$pos->cu_pr	75.955
$pos->rf_idx	0	$pos->rf_pr	75.970
$pos->ext_idx	-1	$pos->ext_pr	0.000
$pos->val_TP	0.100	$pos->val_SL	0.050	$pos->val_SPREAD	0.010
$pos->pr_TP	76.052	$pos->pr_SL	75.882
$pos->trail_starting_idx	-1	$pos->trail_starting_pr	75.982

[01/18/2020 15:52:59 : \app\Lib\utils\fx\lib_ea_tester.php : 908] (step : B : 1) ========================= [loop : $i = 8]

[01/18/2020 15:52:59 : \app\Lib\utils\fx\lib_ea_tester.php : 951] 
(step : B : j1 : Y : 1) position ==> taken
[01/18/2020 15:52:59 : \app\Lib\utils\fx\lib_ea_tester.php : 1050] (step : D : 1 : 1) for-loop : continue admin

[01/18/2020 15:52:59 : \app\Lib\utils\fx\lib_ea_tester.php : 1073] (step : D : 1 : 2-2) C4

[01/18/2020 15:53:00 : \app\Lib\utils\fx\lib_ea_tester.php : 1075] 
(show_Basic_Pos_Data)
$pos->st_idx	0	$pos->st_pr	75.942
$pos->cu_idx	0	$pos->cu_pr	75.955
$pos->rf_idx	0	$pos->rf_pr	75.970
$pos->ext_idx	-1	$pos->ext_pr	0.000
$pos->val_TP	0.100	$pos->val_SL	0.050	$pos->val_SPREAD	0.010
$pos->pr_TP	76.052	$pos->pr_SL	75.882
$pos->trail_starting_idx	-1	$pos->trail_starting_pr	75.982

[01/18/2020 15:53:00 : \app\Lib\utils\fx\lib_ea_tester.php : 908] (step : B : 1) ========================= [loop : $i = 9]

[01/18/2020 15:53:00 : \app\Lib\utils\fx\lib_ea_tester.php : 951] 
(step : B : j1 : Y : 1) position ==> taken
[01/18/2020 15:53:00 : \app\Lib\utils\fx\lib_ea_tester.php : 1050] (step : D : 1 : 1) for-loop : continue admin

[01/18/2020 15:53:00 : \app\Lib\utils\fx\lib_ea_tester.php : 1073] (step : D : 1 : 2-2) C4

[01/18/2020 15:53:00 : \app\Lib\utils\fx\lib_ea_tester.php : 1075] 
(show_Basic_Pos_Data)
$pos->st_idx	0	$pos->st_pr	75.942
$pos->cu_idx	0	$pos->cu_pr	75.955
$pos->rf_idx	0	$pos->rf_pr	75.970
$pos->ext_idx	-1	$pos->ext_pr	0.000
$pos->val_TP	0.100	$pos->val_SL	0.050	$pos->val_SPREAD	0.010
$pos->pr_TP	76.052	$pos->pr_SL	75.882
$pos->trail_starting_idx	-1	$pos->trail_starting_pr	75.982

[01/18/2020 15:53:00 : \app\Lib\utils\fx\lib_ea_tester.php : 908] (step : B : 1) ========================= [loop : $i = 10]

[01/18/2020 15:53:00 : \app\Lib\utils\fx\lib_ea_tester.php : 925] 
(step : B : 2) stopper : loop ==> maxed out : $cntOf_Loop = 11 / $maxOf_Loop = 10
breaking the loop...
[01/18/2020 15:53:00 : \app\Controller\FxTestController.php : 166] (controller::fx_tester_T_1 : step : D : 1 : 2-4 : 2)
tester ==> exec ==> comp
$flg_Position	true
$typeOf_Bar	C4
$pos->st_idx	0
$lo_BarDatas[$pos->st_idx]->dateTime	2020.01.16 10:00
$numOf_Loop	10


[01/18/2020 15:53:00 : \app\Controller\FxTestController.php : 179] while ==> comp

[01/18/2020 15:55:23 : \app\Controller\FxTestController.php : 75] 

******************************** fx_tester_T_1() [01/18/2020 15:55:23] ********************************


[01/18/2020 15:55:23 : \app\Lib\utils\libfx.php : 170] file opened => C:\WORKS_2\WS\WS_Others.prog\prog\D-7\2_2\VIRTUAL\Admin_Projects\curr\data\csv_raw\44_5.1_10_rawdata.(AUDJPY).(Period-M15).(NumOfUnits-18000).(Bars-18000).20200116_171429.[SLICE-30].csv
[01/18/2020 15:55:23 : \app\Lib\utils\fx\lib_ea_tester.php : 908] (step : B : 1) ========================= [loop : $i = 0]

[01/18/2020 15:55:23 : \app\Lib\utils\fx\lib_ea_tester.php : 661] 
(loop_J1_N :: step : B : j1 : N : 1) position ==> NOT taken
[01/18/2020 15:55:23 : \app\Lib\utils\fx\lib_ea_tester.php : 689] 
(loop_J1_N :: step : B : j2 : Y : 1) pattern ==> detected
[01/18/2020 15:55:23 : \app\Lib\utils\fx\lib_ea_tester.php : 727] 
(* step : B : j2 : Y : 3) calc ==> comp
$pr_Open = 75.94199999999999
$pr_TP = 76.052
$pr_SL = 75.882
$val_TP = 0.1
$val_SL = 0.05
$val_SPREAD = 0.01
[01/18/2020 15:55:23 : \app\Lib\utils\fx\lib_ea_tester.php : 518] 
(step : B : j2 : Y : 4) Pos ==> init comp. !!
$pos->st_idx	0	$pos->st_pr	75.942
$pos->val_TP	0.100	$pos->val_SL	0.050
$pos->pr_TP	76.052	$pos->pr_SL	75.882
$pos->trail_starting_idx	-1	$pos->trail_starting_pr	75.982

[01/18/2020 15:55:23 : \app\Lib\utils\fx\lib_ea_tester.php : 758] 
(show_Basic_Pos_Data)
$pos->st_idx	0	$pos->st_pr	75.942
$pos->cu_idx	0	$pos->cu_pr	75.955
$pos->rf_idx	0	$pos->rf_pr	75.970
$pos->ext_idx	-1	$pos->ext_pr	0.000
$pos->val_TP	0.100	$pos->val_SL	0.050	$pos->val_SPREAD	0.010
$pos->pr_TP	76.052	$pos->pr_SL	75.882
$pos->trail_starting_idx	-1	$pos->trail_starting_pr	75.982

[01/18/2020 15:55:23 : \app\Lib\utils\fx\lib_ea_tester.php : 407] 
(get_Bar_Type : step : j1 : A2 : BUY)
$typeOf_Position => BUY

[01/18/2020 15:55:23 : \app\Lib\utils\fx\lib_ea_tester.php : 103] 
(get_Bar_Type : step : j1 : N : 1) $bd->price_Low > $pos->pr_SL (not SL)
$bd->price_Low	75.933
$pos->pr_SL	75.882
$bd->price_Low - $pos->pr_SL	0.051

[01/18/2020 15:55:23 : \app\Lib\utils\fx\lib_ea_tester.php : 167] 
(get_Bar_Type : step : j2 : Y : 1) $bd->price_High < $pos->pr_TP (not TP)
$bd->price_High	75.970
$pos->pr_TP	76.052
$bd->price_High - $pos->pr_TP	-0.082

[01/18/2020 15:55:23 : \app\Lib\utils\fx\lib_ea_tester.php : 230] 
(step : j3 : N : 1) $bd->price_High < $pos->trail_starting_pr (trail ==> NOT start)
$bd->price_High	75.970
$pos->trail_starting_pr	75.982

[01/18/2020 15:55:23 : \app\Lib\utils\fx\lib_ea_tester.php : 307] $bd->price_High <> $bd->price_Close
$bd->price_High	75.970
$bd->price_Close	75.955
$bd->price_Close - $bd->price_High	-0.015

[01/18/2020 15:55:23 : \app\Lib\utils\fx\lib_ea_tester.php : 420] $typeOf_Bar => C4

[01/18/2020 15:55:23 : \app\Lib\utils\fx\lib_ea_tester.php : 779] 
(loop_J1_N :: step : B : j2 : Y : 5) get ==> bar type ; C4

[01/18/2020 15:55:23 : \app\Lib\utils\fx\lib_ea_tester.php : 1017] 
(step : C : post-j1 : 1) LibEaTester::loop_J1_N ==> returned
$flg_Position	true
$pos : st_idx = 0(2020.01.16 10:00)) / $pos->st_pr = 75.94199999999999
$typeOf_Bar	C4

[01/18/2020 15:55:23 : \app\Lib\utils\fx\lib_ea_tester.php : 1050] (step : D : 1 : 1) for-loop : continue admin

[01/18/2020 15:55:23 : \app\Lib\utils\fx\lib_ea_tester.php : 1073] (step : D : 1 : 2-2) C4

[01/18/2020 15:55:23 : \app\Lib\utils\fx\lib_ea_tester.php : 1075] 
(show_Basic_Pos_Data)
$pos->st_idx	0	$pos->st_pr	75.942
$pos->cu_idx	0	$pos->cu_pr	75.955
$pos->rf_idx	0	$pos->rf_pr	75.970
$pos->ext_idx	-1	$pos->ext_pr	0.000
$pos->val_TP	0.100	$pos->val_SL	0.050	$pos->val_SPREAD	0.010
$pos->pr_TP	76.052	$pos->pr_SL	75.882
$pos->trail_starting_idx	-1	$pos->trail_starting_pr	75.982

[01/18/2020 15:55:23 : \app\Lib\utils\fx\lib_ea_tester.php : 908] (step : B : 1) ========================= [loop : $i = 1]

[01/18/2020 15:55:23 : \app\Lib\utils\fx\lib_ea_tester.php : 951] 
(step : B : j1 : Y : 1) position ==> taken
[01/18/2020 15:55:23 : \app\Lib\utils\fx\lib_ea_tester.php : 1050] (step : D : 1 : 1) for-loop : continue admin

[01/18/2020 15:55:23 : \app\Lib\utils\fx\lib_ea_tester.php : 1073] (step : D : 1 : 2-2) C4

[01/18/2020 15:55:23 : \app\Lib\utils\fx\lib_ea_tester.php : 1075] 
(show_Basic_Pos_Data)
$pos->st_idx	0	$pos->st_pr	75.942
$pos->cu_idx	0	$pos->cu_pr	75.955
$pos->rf_idx	0	$pos->rf_pr	75.970
$pos->ext_idx	-1	$pos->ext_pr	0.000
$pos->val_TP	0.100	$pos->val_SL	0.050	$pos->val_SPREAD	0.010
$pos->pr_TP	76.052	$pos->pr_SL	75.882
$pos->trail_starting_idx	-1	$pos->trail_starting_pr	75.982

[01/18/2020 15:55:23 : \app\Lib\utils\fx\lib_ea_tester.php : 908] (step : B : 1) ========================= [loop : $i = 2]

[01/18/2020 15:55:23 : \app\Lib\utils\fx\lib_ea_tester.php : 951] 
(step : B : j1 : Y : 1) position ==> taken
[01/18/2020 15:55:23 : \app\Lib\utils\fx\lib_ea_tester.php : 1050] (step : D : 1 : 1) for-loop : continue admin

[01/18/2020 15:55:23 : \app\Lib\utils\fx\lib_ea_tester.php : 1073] (step : D : 1 : 2-2) C4

[01/18/2020 15:55:23 : \app\Lib\utils\fx\lib_ea_tester.php : 1075] 
(show_Basic_Pos_Data)
$pos->st_idx	0	$pos->st_pr	75.942
$pos->cu_idx	0	$pos->cu_pr	75.955
$pos->rf_idx	0	$pos->rf_pr	75.970
$pos->ext_idx	-1	$pos->ext_pr	0.000
$pos->val_TP	0.100	$pos->val_SL	0.050	$pos->val_SPREAD	0.010
$pos->pr_TP	76.052	$pos->pr_SL	75.882
$pos->trail_starting_idx	-1	$pos->trail_starting_pr	75.982

[01/18/2020 15:55:23 : \app\Lib\utils\fx\lib_ea_tester.php : 908] (step : B : 1) ========================= [loop : $i = 3]

[01/18/2020 15:55:23 : \app\Lib\utils\fx\lib_ea_tester.php : 951] 
(step : B : j1 : Y : 1) position ==> taken
[01/18/2020 15:55:23 : \app\Lib\utils\fx\lib_ea_tester.php : 1050] (step : D : 1 : 1) for-loop : continue admin

[01/18/2020 15:55:23 : \app\Lib\utils\fx\lib_ea_tester.php : 1073] (step : D : 1 : 2-2) C4

[01/18/2020 15:55:23 : \app\Lib\utils\fx\lib_ea_tester.php : 1075] 
(show_Basic_Pos_Data)
$pos->st_idx	0	$pos->st_pr	75.942
$pos->cu_idx	0	$pos->cu_pr	75.955
$pos->rf_idx	0	$pos->rf_pr	75.970
$pos->ext_idx	-1	$pos->ext_pr	0.000
$pos->val_TP	0.100	$pos->val_SL	0.050	$pos->val_SPREAD	0.010
$pos->pr_TP	76.052	$pos->pr_SL	75.882
$pos->trail_starting_idx	-1	$pos->trail_starting_pr	75.982

[01/18/2020 15:55:23 : \app\Lib\utils\fx\lib_ea_tester.php : 908] (step : B : 1) ========================= [loop : $i = 4]

[01/18/2020 15:55:23 : \app\Lib\utils\fx\lib_ea_tester.php : 951] 
(step : B : j1 : Y : 1) position ==> taken
[01/18/2020 15:55:23 : \app\Lib\utils\fx\lib_ea_tester.php : 1050] (step : D : 1 : 1) for-loop : continue admin

[01/18/2020 15:55:23 : \app\Lib\utils\fx\lib_ea_tester.php : 1073] (step : D : 1 : 2-2) C4

[01/18/2020 15:55:23 : \app\Lib\utils\fx\lib_ea_tester.php : 1075] 
(show_Basic_Pos_Data)
$pos->st_idx	0	$pos->st_pr	75.942
$pos->cu_idx	0	$pos->cu_pr	75.955
$pos->rf_idx	0	$pos->rf_pr	75.970
$pos->ext_idx	-1	$pos->ext_pr	0.000
$pos->val_TP	0.100	$pos->val_SL	0.050	$pos->val_SPREAD	0.010
$pos->pr_TP	76.052	$pos->pr_SL	75.882
$pos->trail_starting_idx	-1	$pos->trail_starting_pr	75.982

[01/18/2020 15:55:23 : \app\Lib\utils\fx\lib_ea_tester.php : 908] (step : B : 1) ========================= [loop : $i = 5]

[01/18/2020 15:55:23 : \app\Lib\utils\fx\lib_ea_tester.php : 951] 
(step : B : j1 : Y : 1) position ==> taken
[01/18/2020 15:55:23 : \app\Lib\utils\fx\lib_ea_tester.php : 1050] (step : D : 1 : 1) for-loop : continue admin

[01/18/2020 15:55:23 : \app\Lib\utils\fx\lib_ea_tester.php : 1073] (step : D : 1 : 2-2) C4

[01/18/2020 15:55:23 : \app\Lib\utils\fx\lib_ea_tester.php : 1075] 
(show_Basic_Pos_Data)
$pos->st_idx	0	$pos->st_pr	75.942
$pos->cu_idx	0	$pos->cu_pr	75.955
$pos->rf_idx	0	$pos->rf_pr	75.970
$pos->ext_idx	-1	$pos->ext_pr	0.000
$pos->val_TP	0.100	$pos->val_SL	0.050	$pos->val_SPREAD	0.010
$pos->pr_TP	76.052	$pos->pr_SL	75.882
$pos->trail_starting_idx	-1	$pos->trail_starting_pr	75.982

[01/18/2020 15:55:23 : \app\Lib\utils\fx\lib_ea_tester.php : 908] (step : B : 1) ========================= [loop : $i = 6]

[01/18/2020 15:55:23 : \app\Lib\utils\fx\lib_ea_tester.php : 951] 
(step : B : j1 : Y : 1) position ==> taken
[01/18/2020 15:55:23 : \app\Lib\utils\fx\lib_ea_tester.php : 1050] (step : D : 1 : 1) for-loop : continue admin

[01/18/2020 15:55:23 : \app\Lib\utils\fx\lib_ea_tester.php : 1073] (step : D : 1 : 2-2) C4

[01/18/2020 15:55:23 : \app\Lib\utils\fx\lib_ea_tester.php : 1075] 
(show_Basic_Pos_Data)
$pos->st_idx	0	$pos->st_pr	75.942
$pos->cu_idx	0	$pos->cu_pr	75.955
$pos->rf_idx	0	$pos->rf_pr	75.970
$pos->ext_idx	-1	$pos->ext_pr	0.000
$pos->val_TP	0.100	$pos->val_SL	0.050	$pos->val_SPREAD	0.010
$pos->pr_TP	76.052	$pos->pr_SL	75.882
$pos->trail_starting_idx	-1	$pos->trail_starting_pr	75.982

[01/18/2020 15:55:23 : \app\Lib\utils\fx\lib_ea_tester.php : 908] (step : B : 1) ========================= [loop : $i = 7]

[01/18/2020 15:55:23 : \app\Lib\utils\fx\lib_ea_tester.php : 951] 
(step : B : j1 : Y : 1) position ==> taken
[01/18/2020 15:55:23 : \app\Lib\utils\fx\lib_ea_tester.php : 1050] (step : D : 1 : 1) for-loop : continue admin

[01/18/2020 15:55:23 : \app\Lib\utils\fx\lib_ea_tester.php : 1073] (step : D : 1 : 2-2) C4

[01/18/2020 15:55:23 : \app\Lib\utils\fx\lib_ea_tester.php : 1075] 
(show_Basic_Pos_Data)
$pos->st_idx	0	$pos->st_pr	75.942
$pos->cu_idx	0	$pos->cu_pr	75.955
$pos->rf_idx	0	$pos->rf_pr	75.970
$pos->ext_idx	-1	$pos->ext_pr	0.000
$pos->val_TP	0.100	$pos->val_SL	0.050	$pos->val_SPREAD	0.010
$pos->pr_TP	76.052	$pos->pr_SL	75.882
$pos->trail_starting_idx	-1	$pos->trail_starting_pr	75.982

[01/18/2020 15:55:23 : \app\Lib\utils\fx\lib_ea_tester.php : 908] (step : B : 1) ========================= [loop : $i = 8]

[01/18/2020 15:55:23 : \app\Lib\utils\fx\lib_ea_tester.php : 951] 
(step : B : j1 : Y : 1) position ==> taken
[01/18/2020 15:55:23 : \app\Lib\utils\fx\lib_ea_tester.php : 1050] (step : D : 1 : 1) for-loop : continue admin

[01/18/2020 15:55:24 : \app\Lib\utils\fx\lib_ea_tester.php : 1073] (step : D : 1 : 2-2) C4

[01/18/2020 15:55:24 : \app\Lib\utils\fx\lib_ea_tester.php : 1075] 
(show_Basic_Pos_Data)
$pos->st_idx	0	$pos->st_pr	75.942
$pos->cu_idx	0	$pos->cu_pr	75.955
$pos->rf_idx	0	$pos->rf_pr	75.970
$pos->ext_idx	-1	$pos->ext_pr	0.000
$pos->val_TP	0.100	$pos->val_SL	0.050	$pos->val_SPREAD	0.010
$pos->pr_TP	76.052	$pos->pr_SL	75.882
$pos->trail_starting_idx	-1	$pos->trail_starting_pr	75.982

[01/18/2020 15:55:24 : \app\Lib\utils\fx\lib_ea_tester.php : 908] (step : B : 1) ========================= [loop : $i = 9]

[01/18/2020 15:55:24 : \app\Lib\utils\fx\lib_ea_tester.php : 951] 
(step : B : j1 : Y : 1) position ==> taken
[01/18/2020 15:55:24 : \app\Lib\utils\fx\lib_ea_tester.php : 1050] (step : D : 1 : 1) for-loop : continue admin

[01/18/2020 15:55:24 : \app\Lib\utils\fx\lib_ea_tester.php : 1073] (step : D : 1 : 2-2) C4

[01/18/2020 15:55:24 : \app\Lib\utils\fx\lib_ea_tester.php : 1075] 
(show_Basic_Pos_Data)
$pos->st_idx	0	$pos->st_pr	75.942
$pos->cu_idx	0	$pos->cu_pr	75.955
$pos->rf_idx	0	$pos->rf_pr	75.970
$pos->ext_idx	-1	$pos->ext_pr	0.000
$pos->val_TP	0.100	$pos->val_SL	0.050	$pos->val_SPREAD	0.010
$pos->pr_TP	76.052	$pos->pr_SL	75.882
$pos->trail_starting_idx	-1	$pos->trail_starting_pr	75.982

[01/18/2020 15:55:24 : \app\Lib\utils\fx\lib_ea_tester.php : 908] (step : B : 1) ========================= [loop : $i = 10]

[01/18/2020 15:55:24 : \app\Lib\utils\fx\lib_ea_tester.php : 925] 
(step : B : 2) stopper : loop ==> maxed out : $cntOf_Loop = 11 / $maxOf_Loop = 10
breaking the loop...
[01/18/2020 15:55:24 : \app\Controller\FxTestController.php : 166] (controller::fx_tester_T_1 : step : D : 1 : 2-4 : 2)
tester ==> exec ==> comp
$flg_Position	true
$typeOf_Bar	C4
$pos->st_idx	0
$lo_BarDatas[$pos->st_idx]->dateTime	2020.01.16 10:00
$numOf_Loop	10


[01/18/2020 15:55:24 : \app\Controller\FxTestController.php : 185] while ==> comp

