[10/30/2020 16:10:49 : 37_21.9_math-physics.php : 90] test_1

[10/30/2020 16:16:23 : 37_21.9_math-physics.php : 90] test_1

[10/30/2020 16:17:50 : 37_21.9_math-physics.php : 90] test_1

[10/30/2020 16:19:15 : 37_21.9_math-physics.php : 90] test_1

[10/30/2020 16:19:15 : 37_21.9_math-physics.php : 124] $aryOf_Random_Integers_0_1
1	0	0	0	0	1	0	1	0	0	0	1	0	1	0	1	0	0	0	1

[10/30/2020 16:19:21 : 37_21.9_math-physics.php : 90] test_1

[10/30/2020 16:19:21 : 37_21.9_math-physics.php : 124] $aryOf_Random_Integers_0_1
0	0	0	0	1	1	1	1	0	1	1	1	1	0	1	1	1	1	0	0

[10/30/2020 16:23:46 : 37_21.9_math-physics.php : 90] test_1

[10/30/2020 16:23:46 : 37_21.9_math-physics.php : 123] $aryOf_Random_Integers_0_1
0	1	0	1	1	1	0	0	1	1	1	1	1	0	0	0	0	1	0	1

[10/30/2020 16:23:46 : 37_21.9_math-physics.php : 175] $cntOf_0	9
$cntOf_1	11
[10/30/2020 16:24:12 : 37_21.9_math-physics.php : 90] test_1

[10/30/2020 16:24:12 : 37_21.9_math-physics.php : 123] $aryOf_Random_Integers_0_1
0	1	1	1	0	1	0	0	0	0	0	1	0	1	0	0	1	1	0	0

[10/30/2020 16:24:12 : 37_21.9_math-physics.php : 177] 
$cntOf_0	12
$cntOf_1	8
[10/30/2020 16:29:48 : 37_21.9_math-physics.php : 90] test_1

[10/30/2020 16:29:48 : 37_21.9_math-physics.php : 123] $aryOf_Random_Integers_0_1
0	0	1	1	1	1	0	1	0	0	0	0	1	0	0	1	1	0	1	1

[10/30/2020 16:29:48 : 37_21.9_math-physics.php : 192] 
$cntOf_0	10
$cntOf_1	10
$sumOf_Order_0	89	$sumOf_Order_1	101
[10/30/2020 16:30:11 : 37_21.9_math-physics.php : 90] test_1

[10/30/2020 16:30:11 : 37_21.9_math-physics.php : 123] $aryOf_Random_Integers_0_1
1	0	0	1	1	0	1	1	1	0	1	0	1	1	1	0	0	0	1	1

[10/30/2020 16:30:11 : 37_21.9_math-physics.php : 192] 
$cntOf_0	8
$cntOf_1	12
$sumOf_Order_0	76	$sumOf_Order_1	114
[10/30/2020 16:31:31 : 37_21.9_math-physics.php : 90] test_1

[10/30/2020 16:31:31 : 37_21.9_math-physics.php : 123] $aryOf_Random_Integers_0_1
1	0	1	1	0	0	1	0	1	0	1	0	0	0	1	1	1	1	1	1

[10/30/2020 16:31:31 : 37_21.9_math-physics.php : 192] 
$cntOf_0	8
$cntOf_1	12
$sumOf_Order_0	62
$sumOf_Order_1	128
[10/31/2020 17:12:53 : 37_21.9_math-physics.php : 232] test_1

[10/31/2020 17:12:53 : 37_21.9_math-physics.php : 265] $aryOf_Random_Integers_0_1
1	1	1	1	0	1	1	0	1	1	0	0	1	1	0	1	1	0	0	1

[10/31/2020 17:12:53 : 37_21.9_math-physics.php : 334] 
$cntOf_0	7
$cntOf_1	13
$sumOf_Order_0	81
$sumOf_Order_1	109
[10/31/2020 17:28:12 : 37_21.9_math-physics.php : 309] test_1

[10/31/2020 17:28:12 : 37_21.9_math-physics.php : 342] $aryOf_Random_Integers_0_1
0	0	1	1	1	0	0	1	1	0	0	1	1	0	0	1	1	1	0	0

[10/31/2020 17:28:12 : 37_21.9_math-physics.php : 408] 
$cntOf_0	10
$cntOf_1	10
$sumOf_Order_0	95
$sumOf_Order_1	95
[10/31/2020 17:28:12 : 37_21.9_math-physics.php : 309] test_1

[10/31/2020 17:28:12 : 37_21.9_math-physics.php : 342] $aryOf_Random_Integers_0_1
0	1	0	0	1	0	0	1	0	1	0	0	0	1	0	0	1	0	0	1

[10/31/2020 17:28:12 : 37_21.9_math-physics.php : 408] 
$cntOf_0	13
$cntOf_1	7
$sumOf_Order_0	121
$sumOf_Order_1	69
[10/31/2020 17:28:12 : 37_21.9_math-physics.php : 309] test_1

[10/31/2020 17:28:12 : 37_21.9_math-physics.php : 342] $aryOf_Random_Integers_0_1
1	1	0	0	1	1	1	1	0	0	0	1	0	1	1	0	0	1	1	1

[10/31/2020 17:28:12 : 37_21.9_math-physics.php : 408] 
$cntOf_0	8
$cntOf_1	12
$sumOf_Order_0	75
$sumOf_Order_1	115
[10/31/2020 17:28:12 : 37_21.9_math-physics.php : 309] test_1

[10/31/2020 17:28:12 : 37_21.9_math-physics.php : 342] $aryOf_Random_Integers_0_1
0	1	0	0	1	0	1	0	1	1	0	0	0	0	1	1	1	1	0	1

[10/31/2020 17:28:12 : 37_21.9_math-physics.php : 408] 
$cntOf_0	10
$cntOf_1	10
$sumOf_Order_0	81
$sumOf_Order_1	109
[10/31/2020 17:28:12 : 37_21.9_math-physics.php : 145] 
sn.	$cntOf_0	$cntOf_1	$sumOf_Order_0	$sumOf_Order_1
1	10	10	95	95
2	13	7	121	69
3	8	12	75	115
4	10	10	81	109

[10/31/2020 17:30:10 : 37_21.9_math-physics.php : 310] test_1

[10/31/2020 17:30:10 : 37_21.9_math-physics.php : 343] $aryOf_Random_Integers_0_1
1	1	0	1	1	0	1	1	0	0	1	0	0	1	0	1	1	0	1	0

[10/31/2020 17:30:10 : 37_21.9_math-physics.php : 409] 
$cntOf_0	9
$cntOf_1	11
$sumOf_Order_0	97
$sumOf_Order_1	93
[10/31/2020 17:30:10 : 37_21.9_math-physics.php : 310] test_1

[10/31/2020 17:30:10 : 37_21.9_math-physics.php : 343] $aryOf_Random_Integers_0_1
1	1	1	1	1	1	1	0	1	1	0	1	1	0	0	1	0	0	1	1

[10/31/2020 17:30:10 : 37_21.9_math-physics.php : 409] 
$cntOf_0	6
$cntOf_1	14
$sumOf_Order_0	77
$sumOf_Order_1	113
[10/31/2020 17:30:10 : 37_21.9_math-physics.php : 310] test_1

[10/31/2020 17:30:10 : 37_21.9_math-physics.php : 343] $aryOf_Random_Integers_0_1
1	1	1	1	0	1	1	1	0	0	0	0	1	0	1	0	1	1	1	0

[10/31/2020 17:30:10 : 37_21.9_math-physics.php : 409] 
$cntOf_0	8
$cntOf_1	12
$sumOf_Order_0	89
$sumOf_Order_1	101
[10/31/2020 17:30:10 : 37_21.9_math-physics.php : 310] test_1

[10/31/2020 17:30:10 : 37_21.9_math-physics.php : 343] $aryOf_Random_Integers_0_1
1	0	0	0	0	0	0	1	1	1	0	0	1	1	0	0	0	1	0	0

[10/31/2020 17:30:10 : 37_21.9_math-physics.php : 409] 
$cntOf_0	13
$cntOf_1	7
$sumOf_Order_0	124
$sumOf_Order_1	66
[10/31/2020 17:30:10 : 37_21.9_math-physics.php : 310] test_1

[10/31/2020 17:30:10 : 37_21.9_math-physics.php : 343] $aryOf_Random_Integers_0_1
0	1	0	0	0	0	0	0	1	0	1	1	0	1	1	1	1	1	1	0

[10/31/2020 17:30:10 : 37_21.9_math-physics.php : 409] 
$cntOf_0	10
$cntOf_1	10
$sumOf_Order_0	67
$sumOf_Order_1	123
[10/31/2020 17:30:10 : 37_21.9_math-physics.php : 310] test_1

[10/31/2020 17:30:10 : 37_21.9_math-physics.php : 343] $aryOf_Random_Integers_0_1
0	1	1	0	1	1	0	0	0	1	0	1	0	1	0	1	1	1	0	1

[10/31/2020 17:30:10 : 37_21.9_math-physics.php : 409] 
$cntOf_0	9
$cntOf_1	11
$sumOf_Order_0	78
$sumOf_Order_1	112
[10/31/2020 17:30:10 : 37_21.9_math-physics.php : 310] test_1

[10/31/2020 17:30:10 : 37_21.9_math-physics.php : 343] $aryOf_Random_Integers_0_1
0	0	0	1	0	0	1	0	1	1	1	0	0	0	1	0	0	0	0	0

[10/31/2020 17:30:10 : 37_21.9_math-physics.php : 409] 
$cntOf_0	14
$cntOf_1	6
$sumOf_Order_0	140
$sumOf_Order_1	50
[10/31/2020 17:30:10 : 37_21.9_math-physics.php : 310] test_1

[10/31/2020 17:30:10 : 37_21.9_math-physics.php : 343] $aryOf_Random_Integers_0_1
0	0	0	0	1	0	1	0	1	1	1	1	1	1	0	1	1	0	1	1

[10/31/2020 17:30:10 : 37_21.9_math-physics.php : 409] 
$cntOf_0	8
$cntOf_1	12
$sumOf_Order_0	49
$sumOf_Order_1	141
[10/31/2020 17:30:10 : 37_21.9_math-physics.php : 310] test_1

[10/31/2020 17:30:10 : 37_21.9_math-physics.php : 343] $aryOf_Random_Integers_0_1
0	1	1	1	0	1	1	1	0	0	1	0	1	0	1	1	0	0	1	1

[10/31/2020 17:30:10 : 37_21.9_math-physics.php : 409] 
$cntOf_0	8
$cntOf_1	12
$sumOf_Order_0	78
$sumOf_Order_1	112
[10/31/2020 17:30:10 : 37_21.9_math-physics.php : 310] test_1

[10/31/2020 17:30:10 : 37_21.9_math-physics.php : 343] $aryOf_Random_Integers_0_1
1	0	1	0	0	1	1	1	0	0	0	0	0	0	1	1	0	1	0	0

[10/31/2020 17:30:10 : 37_21.9_math-physics.php : 409] 
$cntOf_0	12
$cntOf_1	8
$sumOf_Order_0	124
$sumOf_Order_1	66
[10/31/2020 17:30:10 : 37_21.9_math-physics.php : 310] test_1

[10/31/2020 17:30:10 : 37_21.9_math-physics.php : 343] $aryOf_Random_Integers_0_1
1	1	1	0	0	1	0	1	0	1	0	1	0	0	1	0	1	1	0	0

[10/31/2020 17:30:10 : 37_21.9_math-physics.php : 409] 
$cntOf_0	10
$cntOf_1	10
$sumOf_Order_0	108
$sumOf_Order_1	82
[10/31/2020 17:30:10 : 37_21.9_math-physics.php : 310] test_1

[10/31/2020 17:30:10 : 37_21.9_math-physics.php : 343] $aryOf_Random_Integers_0_1
0	0	0	0	0	0	1	0	0	0	1	0	1	0	0	1	1	0	1	1

[10/31/2020 17:30:10 : 37_21.9_math-physics.php : 409] 
$cntOf_0	13
$cntOf_1	7
$sumOf_Order_0	94
$sumOf_Order_1	96
[10/31/2020 17:30:10 : 37_21.9_math-physics.php : 310] test_1

[10/31/2020 17:30:10 : 37_21.9_math-physics.php : 343] $aryOf_Random_Integers_0_1
1	1	1	0	1	1	0	0	1	1	0	0	0	0	1	0	1	1	0	0

[10/31/2020 17:30:10 : 37_21.9_math-physics.php : 409] 
$cntOf_0	10
$cntOf_1	10
$sumOf_Order_0	114
$sumOf_Order_1	76
[10/31/2020 17:30:10 : 37_21.9_math-physics.php : 310] test_1

[10/31/2020 17:30:10 : 37_21.9_math-physics.php : 343] $aryOf_Random_Integers_0_1
1	0	0	0	1	0	0	0	0	0	1	1	0	1	0	0	0	0	0	0

[10/31/2020 17:30:10 : 37_21.9_math-physics.php : 409] 
$cntOf_0	15
$cntOf_1	5
$sumOf_Order_0	152
$sumOf_Order_1	38
[10/31/2020 17:30:10 : 37_21.9_math-physics.php : 310] test_1

[10/31/2020 17:30:10 : 37_21.9_math-physics.php : 343] $aryOf_Random_Integers_0_1
1	0	1	1	0	0	1	0	1	0	1	0	1	0	1	1	0	0	0	1

[10/31/2020 17:30:10 : 37_21.9_math-physics.php : 409] 
$cntOf_0	10
$cntOf_1	10
$sumOf_Order_0	101
$sumOf_Order_1	89
[10/31/2020 17:30:10 : 37_21.9_math-physics.php : 310] test_1

[10/31/2020 17:30:10 : 37_21.9_math-physics.php : 343] $aryOf_Random_Integers_0_1
0	0	0	1	0	1	1	0	0	1	0	0	1	1	1	1	0	1	1	1

[10/31/2020 17:30:10 : 37_21.9_math-physics.php : 409] 
$cntOf_0	9
$cntOf_1	11
$sumOf_Order_0	59
$sumOf_Order_1	131
[10/31/2020 17:30:10 : 37_21.9_math-physics.php : 310] test_1

[10/31/2020 17:30:10 : 37_21.9_math-physics.php : 343] $aryOf_Random_Integers_0_1
0	1	0	0	1	1	1	1	0	1	1	0	0	0	0	0	1	1	0	1

[10/31/2020 17:30:10 : 37_21.9_math-physics.php : 409] 
$cntOf_0	10
$cntOf_1	10
$sumOf_Order_0	96
$sumOf_Order_1	94
[10/31/2020 17:30:10 : 37_21.9_math-physics.php : 310] test_1

[10/31/2020 17:30:10 : 37_21.9_math-physics.php : 343] $aryOf_Random_Integers_0_1
1	1	0	1	1	0	1	0	1	0	0	0	1	1	1	1	0	1	1	0

[10/31/2020 17:30:10 : 37_21.9_math-physics.php : 409] 
$cntOf_0	8
$cntOf_1	12
$sumOf_Order_0	79
$sumOf_Order_1	111
[10/31/2020 17:30:10 : 37_21.9_math-physics.php : 310] test_1

[10/31/2020 17:30:10 : 37_21.9_math-physics.php : 343] $aryOf_Random_Integers_0_1
0	0	1	0	1	0	0	1	1	0	1	1	1	0	0	0	0	1	0	0

[10/31/2020 17:30:10 : 37_21.9_math-physics.php : 409] 
$cntOf_0	12
$cntOf_1	8
$sumOf_Order_0	119
$sumOf_Order_1	71
[10/31/2020 17:30:10 : 37_21.9_math-physics.php : 310] test_1

[10/31/2020 17:30:10 : 37_21.9_math-physics.php : 343] $aryOf_Random_Integers_0_1
1	0	1	1	1	1	0	0	0	0	1	1	0	0	1	0	0	0	1	0

[10/31/2020 17:30:10 : 37_21.9_math-physics.php : 409] 
$cntOf_0	11
$cntOf_1	9
$sumOf_Order_0	123
$sumOf_Order_1	67
[10/31/2020 17:30:10 : 37_21.9_math-physics.php : 146] 
sn.	$cntOf_0	$cntOf_1	$sumOf_Order_0	$sumOf_Order_1
1	9	11	97	93
2	6	14	77	113
3	8	12	89	101
4	13	7	124	66
5	10	10	67	123
6	9	11	78	112
7	14	6	140	50
8	8	12	49	141
9	8	12	78	112
10	12	8	124	66
11	10	10	108	82
12	13	7	94	96
13	10	10	114	76
14	15	5	152	38
15	10	10	101	89
16	9	11	59	131
17	10	10	96	94
18	8	12	79	111
19	12	8	119	71
20	11	9	123	67

[10/31/2020 17:36:58 : 37_21.9_math-physics.php : 329] test_1

[10/31/2020 17:36:58 : 37_21.9_math-physics.php : 362] $aryOf_Random_Integers_0_1
1	1	1	0	1	0	0	1	1	0	1	0	1	0	1	0	0	1	1	0

[10/31/2020 17:36:58 : 37_21.9_math-physics.php : 428] 
$cntOf_0	9
$cntOf_1	11
$sumOf_Order_0	97
$sumOf_Order_1	93
[10/31/2020 17:36:58 : 37_21.9_math-physics.php : 329] test_1

[10/31/2020 17:36:58 : 37_21.9_math-physics.php : 362] $aryOf_Random_Integers_0_1
0	1	0	0	0	0	1	0	1	0	1	0	1	1	0	0	0	0	1	0

[10/31/2020 17:36:58 : 37_21.9_math-physics.php : 428] 
$cntOf_0	13
$cntOf_1	7
$sumOf_Order_0	122
$sumOf_Order_1	68
[10/31/2020 17:36:58 : 37_21.9_math-physics.php : 329] test_1

[10/31/2020 17:36:58 : 37_21.9_math-physics.php : 362] $aryOf_Random_Integers_0_1
1	1	1	0	1	1	0	1	1	0	0	1	0	0	1	0	0	0	1	0

[10/31/2020 17:36:58 : 37_21.9_math-physics.php : 428] 
$cntOf_0	10
$cntOf_1	10
$sumOf_Order_0	120
$sumOf_Order_1	70
[10/31/2020 17:36:58 : 37_21.9_math-physics.php : 329] test_1

[10/31/2020 17:36:58 : 37_21.9_math-physics.php : 362] $aryOf_Random_Integers_0_1
0	0	1	1	1	0	1	1	1	0	0	0	0	0	1	1	0	1	0	0

[10/31/2020 17:36:58 : 37_21.9_math-physics.php : 428] 
$cntOf_0	11
$cntOf_1	9
$sumOf_Order_0	114
$sumOf_Order_1	76
[10/31/2020 17:36:58 : 37_21.9_math-physics.php : 329] test_1

[10/31/2020 17:36:58 : 37_21.9_math-physics.php : 362] $aryOf_Random_Integers_0_1
1	0	0	0	0	1	0	0	0	0	1	1	0	1	0	1	0	1	0	0

[10/31/2020 17:36:58 : 37_21.9_math-physics.php : 428] 
$cntOf_0	13
$cntOf_1	7
$sumOf_Order_0	119
$sumOf_Order_1	71
[10/31/2020 17:36:58 : 37_21.9_math-physics.php : 329] test_1

[10/31/2020 17:36:58 : 37_21.9_math-physics.php : 362] $aryOf_Random_Integers_0_1
0	1	0	1	1	0	1	1	1	0	1	0	0	1	1	0	1	1	0	1

[10/31/2020 17:36:58 : 37_21.9_math-physics.php : 428] 
$cntOf_0	8
$cntOf_1	12
$sumOf_Order_0	72
$sumOf_Order_1	118
[10/31/2020 17:36:58 : 37_21.9_math-physics.php : 329] test_1

[10/31/2020 17:36:58 : 37_21.9_math-physics.php : 362] $aryOf_Random_Integers_0_1
0	0	0	1	0	1	0	1	0	1	0	0	0	1	1	0	0	1	0	1

[10/31/2020 17:36:58 : 37_21.9_math-physics.php : 428] 
$cntOf_0	12
$cntOf_1	8
$sumOf_Order_0	103
$sumOf_Order_1	87
[10/31/2020 17:36:58 : 37_21.9_math-physics.php : 329] test_1

[10/31/2020 17:36:58 : 37_21.9_math-physics.php : 362] $aryOf_Random_Integers_0_1
0	1	1	0	0	1	1	0	0	0	0	1	0	0	0	0	0	0	0	0

[10/31/2020 17:36:58 : 37_21.9_math-physics.php : 428] 
$cntOf_0	15
$cntOf_1	5
$sumOf_Order_0	165
$sumOf_Order_1	25
[10/31/2020 17:36:58 : 37_21.9_math-physics.php : 329] test_1

[10/31/2020 17:36:58 : 37_21.9_math-physics.php : 362] $aryOf_Random_Integers_0_1
1	0	0	1	0	1	0	0	1	0	1	0	1	1	1	0	0	1	1	1

[10/31/2020 17:36:58 : 37_21.9_math-physics.php : 428] 
$cntOf_0	9
$cntOf_1	11
$sumOf_Order_0	71
$sumOf_Order_1	119
[10/31/2020 17:36:58 : 37_21.9_math-physics.php : 329] test_1

[10/31/2020 17:36:58 : 37_21.9_math-physics.php : 362] $aryOf_Random_Integers_0_1
1	0	0	0	1	1	1	0	1	1	0	0	0	1	0	1	0	0	0	0

[10/31/2020 17:36:58 : 37_21.9_math-physics.php : 428] 
$cntOf_0	12
$cntOf_1	8
$sumOf_Order_0	130
$sumOf_Order_1	60
[10/31/2020 17:36:58 : 37_21.9_math-physics.php : 329] test_1

[10/31/2020 17:36:58 : 37_21.9_math-physics.php : 362] $aryOf_Random_Integers_0_1
1	1	0	0	1	0	0	0	0	0	1	1	0	1	1	1	1	0	1	0

[10/31/2020 17:36:58 : 37_21.9_math-physics.php : 428] 
$cntOf_0	10
$cntOf_1	10
$sumOf_Order_0	88
$sumOf_Order_1	102
[10/31/2020 17:36:58 : 37_21.9_math-physics.php : 329] test_1

[10/31/2020 17:36:58 : 37_21.9_math-physics.php : 362] $aryOf_Random_Integers_0_1
0	0	1	1	1	0	0	1	0	0	0	1	1	0	1	1	1	0	1	1

[10/31/2020 17:36:58 : 37_21.9_math-physics.php : 428] 
$cntOf_0	9
$cntOf_1	11
$sumOf_Order_0	69
$sumOf_Order_1	121
[10/31/2020 17:36:58 : 37_21.9_math-physics.php : 329] test_1

[10/31/2020 17:36:58 : 37_21.9_math-physics.php : 362] $aryOf_Random_Integers_0_1
1	1	1	0	1	0	1	1	0	1	0	1	1	1	1	0	1	1	0	0

[10/31/2020 17:36:58 : 37_21.9_math-physics.php : 428] 
$cntOf_0	7
$cntOf_1	13
$sumOf_Order_0	78
$sumOf_Order_1	112
[10/31/2020 17:36:58 : 37_21.9_math-physics.php : 329] test_1

[10/31/2020 17:36:58 : 37_21.9_math-physics.php : 362] $aryOf_Random_Integers_0_1
1	1	1	0	1	1	1	0	1	0	1	1	1	0	0	0	1	0	0	0

[10/31/2020 17:36:58 : 37_21.9_math-physics.php : 428] 
$cntOf_0	9
$cntOf_1	11
$sumOf_Order_0	115
$sumOf_Order_1	75
[10/31/2020 17:36:58 : 37_21.9_math-physics.php : 329] test_1

[10/31/2020 17:36:58 : 37_21.9_math-physics.php : 362] $aryOf_Random_Integers_0_1
0	0	0	1	0	0	0	0	1	1	1	0	0	0	0	1	0	0	1	0

[10/31/2020 17:36:58 : 37_21.9_math-physics.php : 428] 
$cntOf_0	14
$cntOf_1	6
$sumOf_Order_0	127
$sumOf_Order_1	63
[10/31/2020 17:36:58 : 37_21.9_math-physics.php : 329] test_1

[10/31/2020 17:36:58 : 37_21.9_math-physics.php : 362] $aryOf_Random_Integers_0_1
0	1	1	1	0	1	1	0	1	1	0	0	1	0	0	1	0	1	0	1

[10/31/2020 17:36:58 : 37_21.9_math-physics.php : 428] 
$cntOf_0	9
$cntOf_1	11
$sumOf_Order_0	93
$sumOf_Order_1	97
[10/31/2020 17:36:58 : 37_21.9_math-physics.php : 329] test_1

[10/31/2020 17:36:58 : 37_21.9_math-physics.php : 362] $aryOf_Random_Integers_0_1
1	1	0	1	1	0	0	1	0	1	1	1	0	1	0	0	1	1	0	1

[10/31/2020 17:36:58 : 37_21.9_math-physics.php : 428] 
$cntOf_0	8
$cntOf_1	12
$sumOf_Order_0	80
$sumOf_Order_1	110
[10/31/2020 17:36:58 : 37_21.9_math-physics.php : 329] test_1

[10/31/2020 17:36:58 : 37_21.9_math-physics.php : 362] $aryOf_Random_Integers_0_1
1	0	1	0	1	0	0	0	1	0	1	0	1	0	0	0	0	1	1	0

[10/31/2020 17:36:58 : 37_21.9_math-physics.php : 428] 
$cntOf_0	12
$cntOf_1	8
$sumOf_Order_0	119
$sumOf_Order_1	71
[10/31/2020 17:36:58 : 37_21.9_math-physics.php : 329] test_1

[10/31/2020 17:36:58 : 37_21.9_math-physics.php : 362] $aryOf_Random_Integers_0_1
1	1	1	1	1	0	0	0	1	0	1	1	0	1	1	0	1	0	1	0

[10/31/2020 17:36:58 : 37_21.9_math-physics.php : 428] 
$cntOf_0	8
$cntOf_1	12
$sumOf_Order_0	90
$sumOf_Order_1	100
[10/31/2020 17:36:58 : 37_21.9_math-physics.php : 329] test_1

[10/31/2020 17:36:58 : 37_21.9_math-physics.php : 362] $aryOf_Random_Integers_0_1
1	0	1	1	0	1	1	1	0	1	1	1	0	0	0	1	0	1	1	1

[10/31/2020 17:36:58 : 37_21.9_math-physics.php : 428] 
$cntOf_0	7
$cntOf_1	13
$sumOf_Order_0	68
$sumOf_Order_1	122
[10/31/2020 17:37:00 : 37_21.9_math-physics.php : 165] 
$num_Iteratetion	20
sn.	$cntOf_0	$cntOf_1	$sumOf_Order_0	$sumOf_Order_1	ratio_cnt_0/1	ratio_sum_0/1
1	9	11	97	93	
2	13	7	122	68	
3	10	10	120	70	
4	11	9	114	76	
5	13	7	119	71	
6	8	12	72	118	
7	12	8	103	87	
8	15	5	165	25	
9	9	11	71	119	
10	12	8	130	60	
11	10	10	88	102	
12	9	11	69	121	
13	7	13	78	112	
14	9	11	115	75	
15	14	6	127	63	
16	9	11	93	97	
17	8	12	80	110	
18	12	8	119	71	
19	8	12	90	100	
20	7	13	68	122	

[10/31/2020 17:43:14 : 37_21.9_math-physics.php : 337] test_1

[10/31/2020 17:43:15 : 37_21.9_math-physics.php : 370] $aryOf_Random_Integers_0_1
0	0	1	1	0	0	1	0	1	0	1	1	1	0	1	0	0	0	0	1

[10/31/2020 17:43:15 : 37_21.9_math-physics.php : 436] 
$cntOf_0	11
$cntOf_1	9
$sumOf_Order_0	105
$sumOf_Order_1	85
[10/31/2020 17:43:15 : 37_21.9_math-physics.php : 337] test_1

[10/31/2020 17:43:15 : 37_21.9_math-physics.php : 370] $aryOf_Random_Integers_0_1
1	0	0	0	1	1	0	0	0	0	1	1	1	0	1	1	0	0	0	0

[10/31/2020 17:43:15 : 37_21.9_math-physics.php : 436] 
$cntOf_0	12
$cntOf_1	8
$sumOf_Order_0	119
$sumOf_Order_1	71
[10/31/2020 17:43:15 : 37_21.9_math-physics.php : 337] test_1

[10/31/2020 17:43:15 : 37_21.9_math-physics.php : 370] $aryOf_Random_Integers_0_1
0	1	0	0	0	0	0	1	1	0	0	1	1	0	1	0	1	1	1	0

[10/31/2020 17:43:15 : 37_21.9_math-physics.php : 436] 
$cntOf_0	11
$cntOf_1	9
$sumOf_Order_0	86
$sumOf_Order_1	104
[10/31/2020 17:43:15 : 37_21.9_math-physics.php : 337] test_1

[10/31/2020 17:43:15 : 37_21.9_math-physics.php : 370] $aryOf_Random_Integers_0_1
1	0	1	0	1	0	0	0	0	0	0	0	0	0	1	0	0	1	0	0

[10/31/2020 17:43:15 : 37_21.9_math-physics.php : 436] 
$cntOf_0	15
$cntOf_1	5
$sumOf_Order_0	153
$sumOf_Order_1	37
[10/31/2020 17:43:15 : 37_21.9_math-physics.php : 337] test_1

[10/31/2020 17:43:15 : 37_21.9_math-physics.php : 370] $aryOf_Random_Integers_0_1
1	1	0	0	1	1	1	1	1	0	1	1	0	0	0	0	1	0	1	1

[10/31/2020 17:43:15 : 37_21.9_math-physics.php : 436] 
$cntOf_0	8
$cntOf_1	12
$sumOf_Order_0	85
$sumOf_Order_1	105
[10/31/2020 17:43:15 : 37_21.9_math-physics.php : 337] test_1

[10/31/2020 17:43:15 : 37_21.9_math-physics.php : 370] $aryOf_Random_Integers_0_1
1	1	0	1	1	0	0	1	0	0	0	1	0	0	1	0	1	0	1	1

[10/31/2020 17:43:15 : 37_21.9_math-physics.php : 436] 
$cntOf_0	10
$cntOf_1	10
$sumOf_Order_0	97
$sumOf_Order_1	93
[10/31/2020 17:43:15 : 37_21.9_math-physics.php : 337] test_1

[10/31/2020 17:43:15 : 37_21.9_math-physics.php : 370] $aryOf_Random_Integers_0_1
0	0	0	0	1	0	0	1	1	0	0	1	1	0	1	0	1	1	0	0

[10/31/2020 17:43:15 : 37_21.9_math-physics.php : 436] 
$cntOf_0	12
$cntOf_1	8
$sumOf_Order_0	101
$sumOf_Order_1	89
[10/31/2020 17:43:15 : 37_21.9_math-physics.php : 337] test_1

[10/31/2020 17:43:15 : 37_21.9_math-physics.php : 370] $aryOf_Random_Integers_0_1
1	1	1	1	0	0	1	1	1	0	0	0	0	1	1	1	0	0	0	1

[10/31/2020 17:43:15 : 37_21.9_math-physics.php : 436] 
$cntOf_0	9
$cntOf_1	11
$sumOf_Order_0	102
$sumOf_Order_1	88
[10/31/2020 17:43:15 : 37_21.9_math-physics.php : 337] test_1

[10/31/2020 17:43:15 : 37_21.9_math-physics.php : 370] $aryOf_Random_Integers_0_1
1	0	1	1	1	1	0	1	1	1	1	1	0	1	1	1	1	1	1	1

[10/31/2020 17:43:15 : 37_21.9_math-physics.php : 436] 
$cntOf_0	3
$cntOf_1	17
$sumOf_Order_0	19
$sumOf_Order_1	171
[10/31/2020 17:43:15 : 37_21.9_math-physics.php : 337] test_1

[10/31/2020 17:43:15 : 37_21.9_math-physics.php : 370] $aryOf_Random_Integers_0_1
1	0	1	1	1	0	1	0	0	1	1	1	0	1	1	0	0	0	0	0

[10/31/2020 17:43:15 : 37_21.9_math-physics.php : 436] 
$cntOf_0	10
$cntOf_1	10
$sumOf_Order_0	118
$sumOf_Order_1	72
[10/31/2020 17:43:15 : 37_21.9_math-physics.php : 337] test_1

[10/31/2020 17:43:15 : 37_21.9_math-physics.php : 370] $aryOf_Random_Integers_0_1
0	0	1	0	1	1	0	1	0	1	1	0	1	1	0	0	0	0	0	0

[10/31/2020 17:43:15 : 37_21.9_math-physics.php : 436] 
$cntOf_0	12
$cntOf_1	8
$sumOf_Order_0	128
$sumOf_Order_1	62
[10/31/2020 17:43:15 : 37_21.9_math-physics.php : 337] test_1

[10/31/2020 17:43:15 : 37_21.9_math-physics.php : 370] $aryOf_Random_Integers_0_1
1	0	1	1	1	0	1	0	0	1	0	1	0	0	1	0	0	1	1	0

[10/31/2020 17:43:15 : 37_21.9_math-physics.php : 436] 
$cntOf_0	10
$cntOf_1	10
$sumOf_Order_0	106
$sumOf_Order_1	84
[10/31/2020 17:43:15 : 37_21.9_math-physics.php : 337] test_1

[10/31/2020 17:43:15 : 37_21.9_math-physics.php : 370] $aryOf_Random_Integers_0_1
0	1	1	0	1	1	0	0	1	1	0	0	1	1	0	0	0	1	1	1

[10/31/2020 17:43:15 : 37_21.9_math-physics.php : 436] 
$cntOf_0	9
$cntOf_1	11
$sumOf_Order_0	82
$sumOf_Order_1	108
[10/31/2020 17:43:15 : 37_21.9_math-physics.php : 337] test_1

[10/31/2020 17:43:15 : 37_21.9_math-physics.php : 370] $aryOf_Random_Integers_0_1
1	1	0	1	0	1	0	0	0	1	1	1	1	1	1	0	0	0	1	0

[10/31/2020 17:43:15 : 37_21.9_math-physics.php : 436] 
$cntOf_0	9
$cntOf_1	11
$sumOf_Order_0	94
$sumOf_Order_1	96
[10/31/2020 17:43:15 : 37_21.9_math-physics.php : 337] test_1

[10/31/2020 17:43:15 : 37_21.9_math-physics.php : 370] $aryOf_Random_Integers_0_1
0	1	0	0	1	1	0	1	1	0	1	0	0	1	0	1	0	0	0	0

[10/31/2020 17:43:15 : 37_21.9_math-physics.php : 436] 
$cntOf_0	12
$cntOf_1	8
$sumOf_Order_0	127
$sumOf_Order_1	63
[10/31/2020 17:43:15 : 37_21.9_math-physics.php : 337] test_1

[10/31/2020 17:43:15 : 37_21.9_math-physics.php : 370] $aryOf_Random_Integers_0_1
0	0	0	1	0	0	1	0	0	1	1	0	1	1	0	0	0	0	0	0

[10/31/2020 17:43:15 : 37_21.9_math-physics.php : 436] 
$cntOf_0	14
$cntOf_1	6
$sumOf_Order_0	137
$sumOf_Order_1	53
[10/31/2020 17:43:15 : 37_21.9_math-physics.php : 337] test_1

[10/31/2020 17:43:15 : 37_21.9_math-physics.php : 370] $aryOf_Random_Integers_0_1
1	0	0	0	1	1	1	1	0	1	0	1	0	0	0	1	0	1	1	1

[10/31/2020 17:43:15 : 37_21.9_math-physics.php : 436] 
$cntOf_0	9
$cntOf_1	11
$sumOf_Order_0	79
$sumOf_Order_1	111
[10/31/2020 17:43:15 : 37_21.9_math-physics.php : 337] test_1

[10/31/2020 17:43:15 : 37_21.9_math-physics.php : 370] $aryOf_Random_Integers_0_1
1	1	1	0	0	0	1	1	0	0	1	1	1	0	1	1	1	0	1	1

[10/31/2020 17:43:15 : 37_21.9_math-physics.php : 436] 
$cntOf_0	7
$cntOf_1	13
$sumOf_Order_0	59
$sumOf_Order_1	131
[10/31/2020 17:43:15 : 37_21.9_math-physics.php : 337] test_1

[10/31/2020 17:43:15 : 37_21.9_math-physics.php : 370] $aryOf_Random_Integers_0_1
1	1	1	1	0	1	0	0	1	0	0	0	0	0	0	1	1	0	0	1

[10/31/2020 17:43:15 : 37_21.9_math-physics.php : 436] 
$cntOf_0	11
$cntOf_1	9
$sumOf_Order_0	121
$sumOf_Order_1	69
[10/31/2020 17:43:15 : 37_21.9_math-physics.php : 337] test_1

[10/31/2020 17:43:15 : 37_21.9_math-physics.php : 370] $aryOf_Random_Integers_0_1
0	0	1	1	1	0	1	0	1	0	1	0	0	0	1	0	1	1	1	0

[10/31/2020 17:43:15 : 37_21.9_math-physics.php : 436] 
$cntOf_0	10
$cntOf_1	10
$sumOf_Order_0	92
$sumOf_Order_1	98
[10/31/2020 17:44:38 : 37_21.9_math-physics.php : 340] test_1

[10/31/2020 17:44:38 : 37_21.9_math-physics.php : 373] $aryOf_Random_Integers_0_1
0	1	1	1	0	1	0	0	1	1	1	1	1	1	1	0	0	0	0	1

[10/31/2020 17:44:38 : 37_21.9_math-physics.php : 439] 
$cntOf_0	8
$cntOf_1	12
$sumOf_Order_0	83
$sumOf_Order_1	107
[10/31/2020 17:44:38 : 37_21.9_math-physics.php : 340] test_1

[10/31/2020 17:44:38 : 37_21.9_math-physics.php : 373] $aryOf_Random_Integers_0_1
1	0	0	0	1	0	0	1	0	1	0	0	1	1	1	1	1	0	1	1

[10/31/2020 17:44:38 : 37_21.9_math-physics.php : 439] 
$cntOf_0	9
$cntOf_1	11
$sumOf_Order_0	63
$sumOf_Order_1	127
[10/31/2020 17:44:38 : 37_21.9_math-physics.php : 340] test_1

[10/31/2020 17:44:38 : 37_21.9_math-physics.php : 373] $aryOf_Random_Integers_0_1
1	1	0	1	0	1	1	0	1	0	0	0	1	0	0	0	1	0	1	0

[10/31/2020 17:44:38 : 37_21.9_math-physics.php : 439] 
$cntOf_0	11
$cntOf_1	9
$sumOf_Order_0	121
$sumOf_Order_1	69
[10/31/2020 17:44:38 : 37_21.9_math-physics.php : 340] test_1

[10/31/2020 17:44:38 : 37_21.9_math-physics.php : 373] $aryOf_Random_Integers_0_1
1	1	1	1	0	1	1	0	1	0	1	1	1	0	0	1	1	0	1	0

[10/31/2020 17:44:38 : 37_21.9_math-physics.php : 439] 
$cntOf_0	7
$cntOf_1	13
$sumOf_Order_0	83
$sumOf_Order_1	107
[10/31/2020 17:44:38 : 37_21.9_math-physics.php : 340] test_1

[10/31/2020 17:44:38 : 37_21.9_math-physics.php : 373] $aryOf_Random_Integers_0_1
0	1	0	0	0	0	1	0	1	1	1	0	1	1	1	1	1	0	1	1

[10/31/2020 17:44:38 : 37_21.9_math-physics.php : 439] 
$cntOf_0	8
$cntOf_1	12
$sumOf_Order_0	49
$sumOf_Order_1	141
[10/31/2020 17:46:00 : 37_21.9_math-physics.php : 345] test_1

[10/31/2020 17:46:00 : 37_21.9_math-physics.php : 378] $aryOf_Random_Integers_0_1
0	1	1	1	0	1	0	1	1	1	0	1	0	0	1	1	1	1	1	1

[10/31/2020 17:46:00 : 37_21.9_math-physics.php : 444] 
$cntOf_0	6
$cntOf_1	14
$sumOf_Order_0	45
$sumOf_Order_1	145
[10/31/2020 17:46:00 : 37_21.9_math-physics.php : 345] test_1

[10/31/2020 17:46:00 : 37_21.9_math-physics.php : 378] $aryOf_Random_Integers_0_1
1	0	0	0	0	1	1	0	0	0	1	0	0	1	0	1	0	0	1	1

[10/31/2020 17:46:00 : 37_21.9_math-physics.php : 444] 
$cntOf_0	12
$cntOf_1	8
$sumOf_Order_0	104
$sumOf_Order_1	86
[10/31/2020 17:46:00 : 37_21.9_math-physics.php : 345] test_1

[10/31/2020 17:46:00 : 37_21.9_math-physics.php : 378] $aryOf_Random_Integers_0_1
1	1	1	0	1	1	1	1	0	1	0	1	1	0	1	0	0	0	1	0

[10/31/2020 17:46:00 : 37_21.9_math-physics.php : 444] 
$cntOf_0	8
$cntOf_1	12
$sumOf_Order_0	101
$sumOf_Order_1	89
[10/31/2020 17:46:00 : 37_21.9_math-physics.php : 345] test_1

[10/31/2020 17:46:00 : 37_21.9_math-physics.php : 378] $aryOf_Random_Integers_0_1
0	0	1	0	1	0	1	1	1	1	0	1	1	0	1	0	1	1	1	0

[10/31/2020 17:46:00 : 37_21.9_math-physics.php : 444] 
$cntOf_0	8
$cntOf_1	12
$sumOf_Order_0	66
$sumOf_Order_1	124
[10/31/2020 17:46:00 : 37_21.9_math-physics.php : 345] test_1

[10/31/2020 17:46:00 : 37_21.9_math-physics.php : 378] $aryOf_Random_Integers_0_1
0	1	1	0	1	0	0	1	0	0	0	0	1	0	1	1	1	0	1	1

[10/31/2020 17:46:00 : 37_21.9_math-physics.php : 444] 
$cntOf_0	10
$cntOf_1	10
$sumOf_Order_0	82
$sumOf_Order_1	108
[10/31/2020 17:47:55 : 37_21.9_math-physics.php : 346] test_1

[10/31/2020 17:47:56 : 37_21.9_math-physics.php : 379] $aryOf_Random_Integers_0_1
0	1	0	1	1	1	1	1	1	1	0	0	1	0	1	1	1	0	1	0

[10/31/2020 17:47:56 : 37_21.9_math-physics.php : 445] 
$cntOf_0	7
$cntOf_1	13
$sumOf_Order_0	72
$sumOf_Order_1	118
[10/31/2020 17:47:56 : 37_21.9_math-physics.php : 346] test_1

[10/31/2020 17:47:56 : 37_21.9_math-physics.php : 379] $aryOf_Random_Integers_0_1
1	0	1	1	0	1	1	0	1	1	1	0	1	1	1	1	0	0	0	1

[10/31/2020 17:47:56 : 37_21.9_math-physics.php : 445] 
$cntOf_0	7
$cntOf_1	13
$sumOf_Order_0	74
$sumOf_Order_1	116
[10/31/2020 17:47:56 : 37_21.9_math-physics.php : 346] test_1

[10/31/2020 17:47:56 : 37_21.9_math-physics.php : 379] $aryOf_Random_Integers_0_1
0	0	0	0	1	0	1	1	0	1	1	0	1	0	0	1	1	0	0	0

[10/31/2020 17:47:56 : 37_21.9_math-physics.php : 445] 
$cntOf_0	12
$cntOf_1	8
$sumOf_Order_0	111
$sumOf_Order_1	79
[10/31/2020 17:47:56 : 37_21.9_math-physics.php : 346] test_1

[10/31/2020 17:47:56 : 37_21.9_math-physics.php : 379] $aryOf_Random_Integers_0_1
1	0	0	1	0	0	0	0	0	1	1	1	0	1	1	1	0	1	1	1

[10/31/2020 17:47:56 : 37_21.9_math-physics.php : 445] 
$cntOf_0	9
$cntOf_1	11
$sumOf_Order_0	61
$sumOf_Order_1	129
[10/31/2020 17:47:56 : 37_21.9_math-physics.php : 346] test_1

[10/31/2020 17:47:56 : 37_21.9_math-physics.php : 379] $aryOf_Random_Integers_0_1
0	1	0	0	1	0	1	1	0	1	1	1	1	1	0	0	1	1	0	0

[10/31/2020 17:47:56 : 37_21.9_math-physics.php : 445] 
$cntOf_0	9
$cntOf_1	11
$sumOf_Order_0	84
$sumOf_Order_1	106
[10/31/2020 17:48:53 : 37_21.9_math-physics.php : 346] test_1

[10/31/2020 17:48:53 : 37_21.9_math-physics.php : 379] $aryOf_Random_Integers_0_1
1	0	0	0	1	0	1	0	1	0	1	1	0	0	1	1	0	0	0	1

[10/31/2020 17:48:53 : 37_21.9_math-physics.php : 445] 
$cntOf_0	11
$cntOf_1	9
$sumOf_Order_0	103
$sumOf_Order_1	87
[10/31/2020 17:48:53 : 37_21.9_math-physics.php : 346] test_1

[10/31/2020 17:48:53 : 37_21.9_math-physics.php : 379] $aryOf_Random_Integers_0_1
1	1	0	0	0	1	1	1	0	0	1	1	1	1	1	1	0	0	0	0

[10/31/2020 17:48:53 : 37_21.9_math-physics.php : 445] 
$cntOf_0	9
$cntOf_1	11
$sumOf_Order_0	96
$sumOf_Order_1	94
[10/31/2020 17:48:53 : 37_21.9_math-physics.php : 346] test_1

[10/31/2020 17:48:53 : 37_21.9_math-physics.php : 379] $aryOf_Random_Integers_0_1
1	1	0	1	0	1	1	0	1	0	1	1	1	0	1	0	1	0	0	1

[10/31/2020 17:48:53 : 37_21.9_math-physics.php : 445] 
$cntOf_0	8
$cntOf_1	12
$sumOf_Order_0	85
$sumOf_Order_1	105
[10/31/2020 17:48:53 : 37_21.9_math-physics.php : 346] test_1

[10/31/2020 17:48:53 : 37_21.9_math-physics.php : 379] $aryOf_Random_Integers_0_1
0	1	1	0	0	0	1	0	1	0	1	0	1	0	0	1	1	1	0	1

[10/31/2020 17:48:53 : 37_21.9_math-physics.php : 445] 
$cntOf_0	10
$cntOf_1	10
$sumOf_Order_0	84
$sumOf_Order_1	106
[10/31/2020 17:48:53 : 37_21.9_math-physics.php : 346] test_1

[10/31/2020 17:48:53 : 37_21.9_math-physics.php : 379] $aryOf_Random_Integers_0_1
0	1	0	1	0	1	0	0	1	1	1	1	1	1	1	1	0	0	0	0

[10/31/2020 17:48:53 : 37_21.9_math-physics.php : 445] 
$cntOf_0	9
$cntOf_1	11
$sumOf_Order_0	89
$sumOf_Order_1	101
[10/31/2020 17:48:53 : 37_21.9_math-physics.php : 182] 
$num_Iteratetion	5
sn.	$cntOf_0	$cntOf_1	$sumOf_Order_0	$sumOf_Order_1	ratio_cnt_0/1	ratio_sum_0/1
1	11	9	103	87	
2	9	11	96	94	
3	8	12	85	105	
4	10	10	84	106	
5	9	11	89	101	

[10/31/2020 17:50:50 : 37_21.9_math-physics.php : 351] test_1

[10/31/2020 17:50:50 : 37_21.9_math-physics.php : 384] $aryOf_Random_Integers_0_1
0	0	0	1	1	1	1	0	1	0	1	1	0	0	0	0	1	1	1	0

[10/31/2020 17:50:50 : 37_21.9_math-physics.php : 450] 
$cntOf_0	10
$cntOf_1	10
$sumOf_Order_0	92
$sumOf_Order_1	98
[10/31/2020 17:50:50 : 37_21.9_math-physics.php : 351] test_1

[10/31/2020 17:50:50 : 37_21.9_math-physics.php : 384] $aryOf_Random_Integers_0_1
0	1	0	1	1	0	1	1	0	0	0	0	1	0	0	1	1	1	0	0

[10/31/2020 17:50:50 : 37_21.9_math-physics.php : 450] 
$cntOf_0	11
$cntOf_1	9
$sumOf_Order_0	109
$sumOf_Order_1	81
[10/31/2020 17:50:50 : 37_21.9_math-physics.php : 351] test_1

[10/31/2020 17:50:50 : 37_21.9_math-physics.php : 384] $aryOf_Random_Integers_0_1
1	1	1	0	0	1	1	0	1	0	0	1	0	1	0	0	0	0	0	0

[10/31/2020 17:50:50 : 37_21.9_math-physics.php : 450] 
$cntOf_0	12
$cntOf_1	8
$sumOf_Order_0	144
$sumOf_Order_1	46
[10/31/2020 17:50:50 : 37_21.9_math-physics.php : 351] test_1

[10/31/2020 17:50:50 : 37_21.9_math-physics.php : 384] $aryOf_Random_Integers_0_1
0	0	0	0	0	0	0	0	1	0	1	0	1	0	0	0	0	0	0	0

[10/31/2020 17:50:50 : 37_21.9_math-physics.php : 450] 
$cntOf_0	17
$cntOf_1	3
$sumOf_Order_0	160
$sumOf_Order_1	30
[10/31/2020 17:50:50 : 37_21.9_math-physics.php : 351] test_1

[10/31/2020 17:50:50 : 37_21.9_math-physics.php : 384] $aryOf_Random_Integers_0_1
1	0	1	1	1	0	1	0	0	0	0	1	1	1	1	0	1	1	1	0

[10/31/2020 17:50:50 : 37_21.9_math-physics.php : 450] 
$cntOf_0	8
$cntOf_1	12
$sumOf_Order_0	74
$sumOf_Order_1	116
[10/31/2020 17:50:50 : 37_21.9_math-physics.php : 187] 
$num_Iteratetion	5
sn.	$cntOf_0	$cntOf_1	$sumOf_Order_0	$sumOf_Order_1	ratio_cnt_0/1	ratio_sum_0/1
1	10	10	92	98	1.00	0.94
2	11	9	109	81	1.22	1.35
3	12	8	144	46	1.50	3.13
4	17	3	160	30	5.67	5.33
5	8	12	74	116	0.67	0.64

[10/31/2020 17:51:36 : 37_21.9_math-physics.php : 351] test_1

[10/31/2020 17:51:36 : 37_21.9_math-physics.php : 384] $aryOf_Random_Integers_0_1
1	0	1	1	1	1	1	0	1	1	0	0	1	1	1	0	1	1	0	0

[10/31/2020 17:51:36 : 37_21.9_math-physics.php : 450] 
$cntOf_0	7
$cntOf_1	13
$sumOf_Order_0	81
$sumOf_Order_1	109
[10/31/2020 17:51:37 : 37_21.9_math-physics.php : 351] test_1

[10/31/2020 17:51:37 : 37_21.9_math-physics.php : 384] $aryOf_Random_Integers_0_1
0	0	0	1	1	1	1	0	1	1	0	1	0	0	0	0	0	1	0	1

[10/31/2020 17:51:37 : 37_21.9_math-physics.php : 450] 
$cntOf_0	11
$cntOf_1	9
$sumOf_Order_0	108
$sumOf_Order_1	82
[10/31/2020 17:51:37 : 37_21.9_math-physics.php : 351] test_1

[10/31/2020 17:51:37 : 37_21.9_math-physics.php : 384] $aryOf_Random_Integers_0_1
1	0	1	0	1	1	1	1	1	1	0	1	1	0	0	1	0	0	1	1

[10/31/2020 17:51:37 : 37_21.9_math-physics.php : 450] 
$cntOf_0	7
$cntOf_1	13
$sumOf_Order_0	74
$sumOf_Order_1	116
[10/31/2020 17:51:37 : 37_21.9_math-physics.php : 351] test_1

[10/31/2020 17:51:37 : 37_21.9_math-physics.php : 384] $aryOf_Random_Integers_0_1
0	1	1	0	0	0	0	1	1	0	0	0	0	0	1	1	1	0	0	1

[10/31/2020 17:51:37 : 37_21.9_math-physics.php : 450] 
$cntOf_0	12
$cntOf_1	8
$sumOf_Order_0	108
$sumOf_Order_1	82
[10/31/2020 17:51:37 : 37_21.9_math-physics.php : 351] test_1

[10/31/2020 17:51:37 : 37_21.9_math-physics.php : 384] $aryOf_Random_Integers_0_1
1	0	0	1	1	0	0	1	0	1	1	1	1	1	0	1	1	1	0	0

[10/31/2020 17:51:37 : 37_21.9_math-physics.php : 450] 
$cntOf_0	8
$cntOf_1	12
$sumOf_Order_0	73
$sumOf_Order_1	117
[10/31/2020 17:51:37 : 37_21.9_math-physics.php : 351] test_1

[10/31/2020 17:51:37 : 37_21.9_math-physics.php : 384] $aryOf_Random_Integers_0_1
0	0	1	0	1	1	0	0	0	0	0	0	1	0	0	0	0	0	1	0

[10/31/2020 17:51:37 : 37_21.9_math-physics.php : 450] 
$cntOf_0	15
$cntOf_1	5
$sumOf_Order_0	149
$sumOf_Order_1	41
[10/31/2020 17:51:37 : 37_21.9_math-physics.php : 351] test_1

[10/31/2020 17:51:37 : 37_21.9_math-physics.php : 384] $aryOf_Random_Integers_0_1
1	1	0	1	0	1	0	0	0	0	1	0	0	0	0	0	1	1	1	1

[10/31/2020 17:51:37 : 37_21.9_math-physics.php : 450] 
$cntOf_0	11
$cntOf_1	9
$sumOf_Order_0	101
$sumOf_Order_1	89
[10/31/2020 17:51:37 : 37_21.9_math-physics.php : 351] test_1

[10/31/2020 17:51:37 : 37_21.9_math-physics.php : 384] $aryOf_Random_Integers_0_1
0	1	1	0	0	1	0	0	0	0	1	1	1	1	1	1	1	1	1	0

[10/31/2020 17:51:37 : 37_21.9_math-physics.php : 450] 
$cntOf_0	8
$cntOf_1	12
$sumOf_Order_0	56
$sumOf_Order_1	134
[10/31/2020 17:51:37 : 37_21.9_math-physics.php : 351] test_1

[10/31/2020 17:51:37 : 37_21.9_math-physics.php : 384] $aryOf_Random_Integers_0_1
0	1	1	1	1	1	0	0	0	1	1	0	0	1	0	1	1	1	0	1

[10/31/2020 17:51:37 : 37_21.9_math-physics.php : 450] 
$cntOf_0	8
$cntOf_1	12
$sumOf_Order_0	76
$sumOf_Order_1	114
[10/31/2020 17:51:37 : 37_21.9_math-physics.php : 351] test_1

[10/31/2020 17:51:37 : 37_21.9_math-physics.php : 384] $aryOf_Random_Integers_0_1
0	1	0	1	1	0	0	1	1	0	1	0	0	0	0	1	1	1	1	1

[10/31/2020 17:51:37 : 37_21.9_math-physics.php : 450] 
$cntOf_0	9
$cntOf_1	11
$sumOf_Order_0	72
$sumOf_Order_1	118
[10/31/2020 17:51:37 : 37_21.9_math-physics.php : 351] test_1

[10/31/2020 17:51:37 : 37_21.9_math-physics.php : 384] $aryOf_Random_Integers_0_1
0	0	0	1	0	0	0	0	0	0	1	0	1	1	1	0	0	0	1	0

[10/31/2020 17:51:37 : 37_21.9_math-physics.php : 450] 
$cntOf_0	14
$cntOf_1	6
$sumOf_Order_0	120
$sumOf_Order_1	70
[10/31/2020 17:51:37 : 37_21.9_math-physics.php : 351] test_1

[10/31/2020 17:51:37 : 37_21.9_math-physics.php : 384] $aryOf_Random_Integers_0_1
1	1	0	0	1	0	1	0	1	0	1	1	0	0	1	1	0	1	1	1

[10/31/2020 17:51:37 : 37_21.9_math-physics.php : 450] 
$cntOf_0	8
$cntOf_1	12
$sumOf_Order_0	67
$sumOf_Order_1	123
[10/31/2020 17:51:37 : 37_21.9_math-physics.php : 351] test_1

[10/31/2020 17:51:37 : 37_21.9_math-physics.php : 384] $aryOf_Random_Integers_0_1
1	0	1	0	1	0	1	0	0	1	1	1	1	0	1	0	0	0	1	0

[10/31/2020 17:51:37 : 37_21.9_math-physics.php : 450] 
$cntOf_0	10
$cntOf_1	10
$sumOf_Order_0	104
$sumOf_Order_1	86
[10/31/2020 17:51:37 : 37_21.9_math-physics.php : 351] test_1

[10/31/2020 17:51:37 : 37_21.9_math-physics.php : 384] $aryOf_Random_Integers_0_1
0	1	0	0	1	1	0	1	1	0	1	1	1	0	1	1	1	0	0	0

[10/31/2020 17:51:37 : 37_21.9_math-physics.php : 450] 
$cntOf_0	9
$cntOf_1	11
$sumOf_Order_0	87
$sumOf_Order_1	103
[10/31/2020 17:51:37 : 37_21.9_math-physics.php : 351] test_1

[10/31/2020 17:51:37 : 37_21.9_math-physics.php : 384] $aryOf_Random_Integers_0_1
1	0	0	0	1	1	1	1	1	0	0	1	0	1	1	0	1	1	1	1

[10/31/2020 17:51:37 : 37_21.9_math-physics.php : 450] 
$cntOf_0	7
$cntOf_1	13
$sumOf_Order_0	52
$sumOf_Order_1	138
[10/31/2020 17:51:37 : 37_21.9_math-physics.php : 351] test_1

[10/31/2020 17:51:37 : 37_21.9_math-physics.php : 384] $aryOf_Random_Integers_0_1
0	1	1	1	1	0	0	1	0	1	0	1	0	1	1	1	0	1	0	0

[10/31/2020 17:51:37 : 37_21.9_math-physics.php : 450] 
$cntOf_0	9
$cntOf_1	11
$sumOf_Order_0	94
$sumOf_Order_1	96
[10/31/2020 17:51:37 : 37_21.9_math-physics.php : 351] test_1

[10/31/2020 17:51:37 : 37_21.9_math-physics.php : 384] $aryOf_Random_Integers_0_1
1	0	0	0	1	0	1	1	0	0	1	0	0	1	0	1	1	1	0	1

[10/31/2020 17:51:37 : 37_21.9_math-physics.php : 450] 
$cntOf_0	10
$cntOf_1	10
$sumOf_Order_0	83
$sumOf_Order_1	107
[10/31/2020 17:51:37 : 37_21.9_math-physics.php : 351] test_1

[10/31/2020 17:51:37 : 37_21.9_math-physics.php : 384] $aryOf_Random_Integers_0_1
0	1	0	1	0	1	1	1	0	0	1	1	0	1	0	1	0	0	1	1

[10/31/2020 17:51:37 : 37_21.9_math-physics.php : 450] 
$cntOf_0	9
$cntOf_1	11
$sumOf_Order_0	82
$sumOf_Order_1	108
[10/31/2020 17:51:37 : 37_21.9_math-physics.php : 351] test_1

[10/31/2020 17:51:37 : 37_21.9_math-physics.php : 384] $aryOf_Random_Integers_0_1
0	0	1	1	1	1	0	1	1	1	1	1	1	1	1	0	1	1	0	1

[10/31/2020 17:51:37 : 37_21.9_math-physics.php : 450] 
$cntOf_0	5
$cntOf_1	15
$sumOf_Order_0	40
$sumOf_Order_1	150
[10/31/2020 17:51:37 : 37_21.9_math-physics.php : 351] test_1

[10/31/2020 17:51:37 : 37_21.9_math-physics.php : 384] $aryOf_Random_Integers_0_1
0	1	1	0	1	0	1	0	0	0	1	1	0	0	0	0	1	1	1	0

[10/31/2020 17:51:37 : 37_21.9_math-physics.php : 450] 
$cntOf_0	11
$cntOf_1	9
$sumOf_Order_0	105
$sumOf_Order_1	85
[10/31/2020 17:51:37 : 37_21.9_math-physics.php : 187] 
$num_Iteratetion	20
sn.	$cntOf_0	$cntOf_1	$sumOf_Order_0	$sumOf_Order_1	ratio_cnt_0/1	ratio_sum_0/1
1	7	13	81	109	0.54	0.74
2	11	9	108	82	1.22	1.32
3	7	13	74	116	0.54	0.64
4	12	8	108	82	1.50	1.32
5	8	12	73	117	0.67	0.62
6	15	5	149	41	3.00	3.63
7	11	9	101	89	1.22	1.13
8	8	12	56	134	0.67	0.42
9	8	12	76	114	0.67	0.67
10	9	11	72	118	0.82	0.61
11	14	6	120	70	2.33	1.71
12	8	12	67	123	0.67	0.54
13	10	10	104	86	1.00	1.21
14	9	11	87	103	0.82	0.84
15	7	13	52	138	0.54	0.38
16	9	11	94	96	0.82	0.98
17	10	10	83	107	1.00	0.78
18	9	11	82	108	0.82	0.76
19	5	15	40	150	0.33	0.27
20	11	9	105	85	1.22	1.24

[10/31/2020 17:55:36 : 37_21.9_math-physics.php : 352] test_1

[10/31/2020 17:55:36 : 37_21.9_math-physics.php : 385] $aryOf_Random_Integers_0_1
1	1	1	1	1	1	0	1	1	0	1	1	1	0	0	0	1	1	1	1

[10/31/2020 17:55:36 : 37_21.9_math-physics.php : 451] 
$cntOf_0	5
$cntOf_1	15
$sumOf_Order_0	57
$sumOf_Order_1	133
[10/31/2020 17:55:36 : 37_21.9_math-physics.php : 352] test_1

[10/31/2020 17:55:36 : 37_21.9_math-physics.php : 385] $aryOf_Random_Integers_0_1
1	1	1	1	0	1	0	1	1	0	0	0	0	0	0	1	1	0	1	0

[10/31/2020 17:55:36 : 37_21.9_math-physics.php : 451] 
$cntOf_0	10
$cntOf_1	10
$sumOf_Order_0	115
$sumOf_Order_1	75
[10/31/2020 17:55:36 : 37_21.9_math-physics.php : 352] test_1

[10/31/2020 17:55:36 : 37_21.9_math-physics.php : 385] $aryOf_Random_Integers_0_1
1	0	0	1	0	0	1	0	1	0	1	1	0	1	1	1	1	1	0	1

[10/31/2020 17:55:36 : 37_21.9_math-physics.php : 451] 
$cntOf_0	8
$cntOf_1	12
$sumOf_Order_0	58
$sumOf_Order_1	132
[10/31/2020 17:55:36 : 37_21.9_math-physics.php : 352] test_1

[10/31/2020 17:55:36 : 37_21.9_math-physics.php : 385] $aryOf_Random_Integers_0_1
1	1	0	1	0	1	1	0	0	1	1	1	1	0	0	1	0	0	1	1

[10/31/2020 17:55:36 : 37_21.9_math-physics.php : 451] 
$cntOf_0	8
$cntOf_1	12
$sumOf_Order_0	81
$sumOf_Order_1	109
[10/31/2020 17:55:36 : 37_21.9_math-physics.php : 352] test_1

[10/31/2020 17:55:36 : 37_21.9_math-physics.php : 385] $aryOf_Random_Integers_0_1
0	0	1	1	0	0	1	0	1	0	1	0	1	0	0	0	0	1	1	1

[10/31/2020 17:55:36 : 37_21.9_math-physics.php : 451] 
$cntOf_0	11
$cntOf_1	9
$sumOf_Order_0	95
$sumOf_Order_1	95
[10/31/2020 17:55:36 : 37_21.9_math-physics.php : 352] test_1

[10/31/2020 17:55:36 : 37_21.9_math-physics.php : 385] $aryOf_Random_Integers_0_1
1	0	0	1	1	0	0	1	0	0	0	1	1	1	0	0	1	1	0	1

[10/31/2020 17:55:36 : 37_21.9_math-physics.php : 451] 
$cntOf_0	10
$cntOf_1	10
$sumOf_Order_0	88
$sumOf_Order_1	102
[10/31/2020 17:55:36 : 37_21.9_math-physics.php : 352] test_1

[10/31/2020 17:55:36 : 37_21.9_math-physics.php : 385] $aryOf_Random_Integers_0_1
0	0	0	0	1	1	0	1	0	0	0	0	0	0	0	0	1	0	0	0

[10/31/2020 17:55:36 : 37_21.9_math-physics.php : 451] 
$cntOf_0	16
$cntOf_1	4
$sumOf_Order_0	158
$sumOf_Order_1	32
[10/31/2020 17:55:36 : 37_21.9_math-physics.php : 352] test_1

[10/31/2020 17:55:36 : 37_21.9_math-physics.php : 385] $aryOf_Random_Integers_0_1
0	0	0	1	1	0	1	1	1	1	0	1	0	0	0	0	1	0	0	1

[10/31/2020 17:55:36 : 37_21.9_math-physics.php : 451] 
$cntOf_0	11
$cntOf_1	9
$sumOf_Order_0	107
$sumOf_Order_1	83
[10/31/2020 17:55:36 : 37_21.9_math-physics.php : 352] test_1

[10/31/2020 17:55:36 : 37_21.9_math-physics.php : 385] $aryOf_Random_Integers_0_1
1	0	0	1	1	0	0	1	0	1	1	0	0	1	1	1	0	0	0	0

[10/31/2020 17:55:36 : 37_21.9_math-physics.php : 451] 
$cntOf_0	11
$cntOf_1	9
$sumOf_Order_0	115
$sumOf_Order_1	75
[10/31/2020 17:55:36 : 37_21.9_math-physics.php : 352] test_1

[10/31/2020 17:55:36 : 37_21.9_math-physics.php : 385] $aryOf_Random_Integers_0_1
0	0	1	0	1	0	1	1	1	1	1	1	0	1	0	0	1	0	0	0

[10/31/2020 17:55:36 : 37_21.9_math-physics.php : 451] 
$cntOf_0	10
$cntOf_1	10
$sumOf_Order_0	104
$sumOf_Order_1	86
[10/31/2020 17:55:36 : 37_21.9_math-physics.php : 352] test_1

[10/31/2020 17:55:36 : 37_21.9_math-physics.php : 385] $aryOf_Random_Integers_0_1
1	1	1	0	1	0	1	1	1	1	1	1	0	0	1	0	0	0	1	1

[10/31/2020 17:55:36 : 37_21.9_math-physics.php : 451] 
$cntOf_0	7
$cntOf_1	13
$sumOf_Order_0	81
$sumOf_Order_1	109
[10/31/2020 17:55:36 : 37_21.9_math-physics.php : 352] test_1

[10/31/2020 17:55:36 : 37_21.9_math-physics.php : 385] $aryOf_Random_Integers_0_1
0	1	0	1	1	0	1	1	1	0	0	1	0	1	0	1	0	0	1	0

[10/31/2020 17:55:36 : 37_21.9_math-physics.php : 451] 
$cntOf_0	10
$cntOf_1	10
$sumOf_Order_0	104
$sumOf_Order_1	86
[10/31/2020 17:55:36 : 37_21.9_math-physics.php : 352] test_1

[10/31/2020 17:55:36 : 37_21.9_math-physics.php : 385] $aryOf_Random_Integers_0_1
0	1	0	1	0	1	0	0	1	1	1	1	1	1	1	1	0	0	0	0

[10/31/2020 17:55:36 : 37_21.9_math-physics.php : 451] 
$cntOf_0	9
$cntOf_1	11
$sumOf_Order_0	89
$sumOf_Order_1	101
[10/31/2020 17:55:36 : 37_21.9_math-physics.php : 352] test_1

[10/31/2020 17:55:36 : 37_21.9_math-physics.php : 385] $aryOf_Random_Integers_0_1
1	1	1	1	1	0	0	1	1	0	1	1	1	1	0	1	0	0	0	0

[10/31/2020 17:55:36 : 37_21.9_math-physics.php : 451] 
$cntOf_0	8
$cntOf_1	12
$sumOf_Order_0	104
$sumOf_Order_1	86
[10/31/2020 17:55:36 : 37_21.9_math-physics.php : 352] test_1

[10/31/2020 17:55:36 : 37_21.9_math-physics.php : 385] $aryOf_Random_Integers_0_1
1	0	0	1	1	1	0	0	0	1	0	0	1	0	0	1	1	0	1	0

[10/31/2020 17:55:36 : 37_21.9_math-physics.php : 451] 
$cntOf_0	11
$cntOf_1	9
$sumOf_Order_0	108
$sumOf_Order_1	82
[10/31/2020 17:55:36 : 37_21.9_math-physics.php : 352] test_1

[10/31/2020 17:55:36 : 37_21.9_math-physics.php : 385] $aryOf_Random_Integers_0_1
0	1	0	1	1	0	0	1	0	0	0	0	0	1	0	1	0	1	0	0

[10/31/2020 17:55:36 : 37_21.9_math-physics.php : 451] 
$cntOf_0	13
$cntOf_1	7
$sumOf_Order_0	130
$sumOf_Order_1	60
[10/31/2020 17:55:36 : 37_21.9_math-physics.php : 352] test_1

[10/31/2020 17:55:36 : 37_21.9_math-physics.php : 385] $aryOf_Random_Integers_0_1
0	0	0	1	0	1	1	1	1	1	1	1	0	0	0	0	1	0	0	1

[10/31/2020 17:55:36 : 37_21.9_math-physics.php : 451] 
$cntOf_0	10
$cntOf_1	10
$sumOf_Order_0	96
$sumOf_Order_1	94
[10/31/2020 17:55:36 : 37_21.9_math-physics.php : 352] test_1

[10/31/2020 17:55:36 : 37_21.9_math-physics.php : 385] $aryOf_Random_Integers_0_1
1	1	0	0	1	0	1	1	0	0	0	0	0	1	1	0	1	0	0	1

[10/31/2020 17:55:36 : 37_21.9_math-physics.php : 451] 
$cntOf_0	11
$cntOf_1	9
$sumOf_Order_0	110
$sumOf_Order_1	80
[10/31/2020 17:55:36 : 37_21.9_math-physics.php : 352] test_1

[10/31/2020 17:55:36 : 37_21.9_math-physics.php : 385] $aryOf_Random_Integers_0_1
1	0	1	1	0	1	1	0	1	1	1	0	0	0	1	0	1	0	0	1

[10/31/2020 17:55:36 : 37_21.9_math-physics.php : 451] 
$cntOf_0	9
$cntOf_1	11
$sumOf_Order_0	98
$sumOf_Order_1	92
[10/31/2020 17:55:36 : 37_21.9_math-physics.php : 352] test_1

[10/31/2020 17:55:36 : 37_21.9_math-physics.php : 385] $aryOf_Random_Integers_0_1
0	0	0	1	0	0	1	1	0	0	0	0	1	1	1	0	0	1	1	1

[10/31/2020 17:55:36 : 37_21.9_math-physics.php : 451] 
$cntOf_0	11
$cntOf_1	9
$sumOf_Order_0	81
$sumOf_Order_1	109
[10/31/2020 17:55:36 : 37_21.9_math-physics.php : 352] test_1

[10/31/2020 17:55:36 : 37_21.9_math-physics.php : 385] $aryOf_Random_Integers_0_1
0	0	0	1	1	0	0	0	1	0	1	1	0	0	0	1	1	1	1	0

[10/31/2020 17:55:36 : 37_21.9_math-physics.php : 451] 
$cntOf_0	11
$cntOf_1	9
$sumOf_Order_0	88
$sumOf_Order_1	102
[10/31/2020 17:55:36 : 37_21.9_math-physics.php : 352] test_1

[10/31/2020 17:55:36 : 37_21.9_math-physics.php : 385] $aryOf_Random_Integers_0_1
1	0	0	1	0	0	1	0	1	0	0	0	0	1	1	0	1	1	1	1

[10/31/2020 17:55:36 : 37_21.9_math-physics.php : 451] 
$cntOf_0	10
$cntOf_1	10
$sumOf_Order_0	76
$sumOf_Order_1	114
[10/31/2020 17:55:36 : 37_21.9_math-physics.php : 352] test_1

[10/31/2020 17:55:36 : 37_21.9_math-physics.php : 385] $aryOf_Random_Integers_0_1
0	1	1	0	1	1	1	0	1	0	1	0	1	0	0	0	1	1	0	1

[10/31/2020 17:55:36 : 37_21.9_math-physics.php : 451] 
$cntOf_0	9
$cntOf_1	11
$sumOf_Order_0	90
$sumOf_Order_1	100
[10/31/2020 17:55:36 : 37_21.9_math-physics.php : 352] test_1

[10/31/2020 17:55:36 : 37_21.9_math-physics.php : 385] $aryOf_Random_Integers_0_1
1	0	0	0	1	1	0	1	1	1	0	1	1	0	1	0	0	1	0	1

[10/31/2020 17:55:36 : 37_21.9_math-physics.php : 451] 
$cntOf_0	9
$cntOf_1	11
$sumOf_Order_0	84
$sumOf_Order_1	106
[10/31/2020 17:55:36 : 37_21.9_math-physics.php : 352] test_1

[10/31/2020 17:55:36 : 37_21.9_math-physics.php : 385] $aryOf_Random_Integers_0_1
0	1	1	0	1	0	1	1	0	0	1	0	0	0	0	1	1	1	0	1

[10/31/2020 17:55:36 : 37_21.9_math-physics.php : 451] 
$cntOf_0	10
$cntOf_1	10
$sumOf_Order_0	93
$sumOf_Order_1	97
[10/31/2020 17:55:36 : 37_21.9_math-physics.php : 352] test_1

[10/31/2020 17:55:36 : 37_21.9_math-physics.php : 385] $aryOf_Random_Integers_0_1
1	1	0	1	0	0	1	1	1	0	1	1	0	1	0	1	1	1	1	0

[10/31/2020 17:55:36 : 37_21.9_math-physics.php : 451] 
$cntOf_0	7
$cntOf_1	13
$sumOf_Order_0	65
$sumOf_Order_1	125
[10/31/2020 17:55:36 : 37_21.9_math-physics.php : 352] test_1

[10/31/2020 17:55:36 : 37_21.9_math-physics.php : 385] $aryOf_Random_Integers_0_1
0	1	0	0	1	1	0	0	0	1	1	1	1	1	0	0	0	0	1	0

[10/31/2020 17:55:36 : 37_21.9_math-physics.php : 451] 
$cntOf_0	11
$cntOf_1	9
$sumOf_Order_0	107
$sumOf_Order_1	83
[10/31/2020 17:55:36 : 37_21.9_math-physics.php : 352] test_1

[10/31/2020 17:55:36 : 37_21.9_math-physics.php : 385] $aryOf_Random_Integers_0_1
0	1	0	0	1	0	1	1	1	0	0	1	1	1	0	0	1	1	1	1

[10/31/2020 17:55:36 : 37_21.9_math-physics.php : 451] 
$cntOf_0	8
$cntOf_1	12
$sumOf_Order_0	58
$sumOf_Order_1	132
[10/31/2020 17:55:36 : 37_21.9_math-physics.php : 352] test_1

[10/31/2020 17:55:36 : 37_21.9_math-physics.php : 385] $aryOf_Random_Integers_0_1
0	1	1	1	1	1	0	0	0	0	0	0	0	1	0	0	1	1	0	0

[10/31/2020 17:55:36 : 37_21.9_math-physics.php : 451] 
$cntOf_0	12
$cntOf_1	8
$sumOf_Order_0	129
$sumOf_Order_1	61
[10/31/2020 17:55:36 : 37_21.9_math-physics.php : 352] test_1

[10/31/2020 17:55:36 : 37_21.9_math-physics.php : 385] $aryOf_Random_Integers_0_1
0	0	0	0	1	0	0	0	0	1	1	0	0	1	0	1	0	1	0	1

[10/31/2020 17:55:36 : 37_21.9_math-physics.php : 451] 
$cntOf_0	13
$cntOf_1	7
$sumOf_Order_0	103
$sumOf_Order_1	87
[10/31/2020 17:55:36 : 37_21.9_math-physics.php : 352] test_1

[10/31/2020 17:55:36 : 37_21.9_math-physics.php : 385] $aryOf_Random_Integers_0_1
0	1	1	1	1	0	0	0	1	0	1	0	1	0	1	1	1	1	0	0

[10/31/2020 17:55:36 : 37_21.9_math-physics.php : 451] 
$cntOf_0	9
$cntOf_1	11
$sumOf_Order_0	88
$sumOf_Order_1	102
[10/31/2020 17:55:36 : 37_21.9_math-physics.php : 352] test_1

[10/31/2020 17:55:36 : 37_21.9_math-physics.php : 385] $aryOf_Random_Integers_0_1
0	1	0	0	0	1	0	0	1	1	1	1	0	1	0	1	1	0	0	1

[10/31/2020 17:55:36 : 37_21.9_math-physics.php : 451] 
$cntOf_0	10
$cntOf_1	10
$sumOf_Order_0	83
$sumOf_Order_1	107
[10/31/2020 17:55:36 : 37_21.9_math-physics.php : 352] test_1

[10/31/2020 17:55:36 : 37_21.9_math-physics.php : 385] $aryOf_Random_Integers_0_1
0	1	1	0	0	1	1	1	0	1	0	1	1	1	0	0	0	1	1	1

[10/31/2020 17:55:36 : 37_21.9_math-physics.php : 451] 
$cntOf_0	8
$cntOf_1	12
$sumOf_Order_0	70
$sumOf_Order_1	120
[10/31/2020 17:55:36 : 37_21.9_math-physics.php : 352] test_1

[10/31/2020 17:55:36 : 37_21.9_math-physics.php : 385] $aryOf_Random_Integers_0_1
0	1	1	1	0	0	1	1	0	0	0	1	0	1	1	1	1	0	1	1

[10/31/2020 17:55:36 : 37_21.9_math-physics.php : 451] 
$cntOf_0	8
$cntOf_1	12
$sumOf_Order_0	65
$sumOf_Order_1	125
[10/31/2020 17:55:36 : 37_21.9_math-physics.php : 352] test_1

[10/31/2020 17:55:36 : 37_21.9_math-physics.php : 385] $aryOf_Random_Integers_0_1
0	0	0	1	1	1	1	1	1	1	0	0	0	0	0	0	1	1	1	0

[10/31/2020 17:55:36 : 37_21.9_math-physics.php : 451] 
$cntOf_0	10
$cntOf_1	10
$sumOf_Order_0	97
$sumOf_Order_1	93
[10/31/2020 17:55:36 : 37_21.9_math-physics.php : 352] test_1

[10/31/2020 17:55:36 : 37_21.9_math-physics.php : 385] $aryOf_Random_Integers_0_1
0	0	1	0	1	1	1	1	1	1	1	1	1	0	1	1	0	1	1	1

[10/31/2020 17:55:36 : 37_21.9_math-physics.php : 451] 
$cntOf_0	5
$cntOf_1	15
$sumOf_Order_0	33
$sumOf_Order_1	157
[10/31/2020 17:55:36 : 37_21.9_math-physics.php : 352] test_1

[10/31/2020 17:55:36 : 37_21.9_math-physics.php : 385] $aryOf_Random_Integers_0_1
0	0	1	1	0	0	0	0	0	1	1	0	1	0	0	1	0	0	1	1

[10/31/2020 17:55:36 : 37_21.9_math-physics.php : 451] 
$cntOf_0	12
$cntOf_1	8
$sumOf_Order_0	102
$sumOf_Order_1	88
[10/31/2020 17:55:36 : 37_21.9_math-physics.php : 352] test_1

[10/31/2020 17:55:36 : 37_21.9_math-physics.php : 385] $aryOf_Random_Integers_0_1
1	0	1	0	0	1	0	0	1	1	1	0	1	1	1	1	0	0	1	0

[10/31/2020 17:55:36 : 37_21.9_math-physics.php : 451] 
$cntOf_0	9
$cntOf_1	11
$sumOf_Order_0	84
$sumOf_Order_1	106
[10/31/2020 17:55:36 : 37_21.9_math-physics.php : 352] test_1

[10/31/2020 17:55:36 : 37_21.9_math-physics.php : 385] $aryOf_Random_Integers_0_1
1	0	1	0	0	0	1	0	1	0	0	0	1	0	0	0	0	0	1	0

[10/31/2020 17:55:36 : 37_21.9_math-physics.php : 451] 
$cntOf_0	14
$cntOf_1	6
$sumOf_Order_0	144
$sumOf_Order_1	46
[10/31/2020 17:55:36 : 37_21.9_math-physics.php : 352] test_1

[10/31/2020 17:55:36 : 37_21.9_math-physics.php : 385] $aryOf_Random_Integers_0_1
0	0	1	0	1	0	1	1	0	0	1	1	1	0	1	0	1	0	0	0

[10/31/2020 17:55:36 : 37_21.9_math-physics.php : 451] 
$cntOf_0	11
$cntOf_1	9
$sumOf_Order_0	108
$sumOf_Order_1	82
[10/31/2020 17:55:36 : 37_21.9_math-physics.php : 352] test_1

[10/31/2020 17:55:36 : 37_21.9_math-physics.php : 385] $aryOf_Random_Integers_0_1
1	1	1	0	1	0	1	1	1	0	1	1	1	0	0	0	0	1	1	1

[10/31/2020 17:55:36 : 37_21.9_math-physics.php : 451] 
$cntOf_0	7
$cntOf_1	13
$sumOf_Order_0	75
$sumOf_Order_1	115
[10/31/2020 17:55:36 : 37_21.9_math-physics.php : 352] test_1

[10/31/2020 17:55:36 : 37_21.9_math-physics.php : 385] $aryOf_Random_Integers_0_1
0	0	1	1	1	0	0	0	1	0	0	0	1	1	0	1	0	0	0	0

[10/31/2020 17:55:36 : 37_21.9_math-physics.php : 451] 
$cntOf_0	13
$cntOf_1	7
$sumOf_Order_0	133
$sumOf_Order_1	57
[10/31/2020 17:55:36 : 37_21.9_math-physics.php : 352] test_1

[10/31/2020 17:55:36 : 37_21.9_math-physics.php : 385] $aryOf_Random_Integers_0_1
1	0	0	0	1	1	0	1	0	1	1	1	1	0	0	0	1	1	1	1

[10/31/2020 17:55:36 : 37_21.9_math-physics.php : 451] 
$cntOf_0	8
$cntOf_1	12
$sumOf_Order_0	62
$sumOf_Order_1	128
[10/31/2020 17:55:36 : 37_21.9_math-physics.php : 352] test_1

[10/31/2020 17:55:36 : 37_21.9_math-physics.php : 385] $aryOf_Random_Integers_0_1
1	1	0	1	1	1	0	1	0	0	0	0	1	0	0	1	1	0	1	1

[10/31/2020 17:55:36 : 37_21.9_math-physics.php : 451] 
$cntOf_0	9
$cntOf_1	11
$sumOf_Order_0	90
$sumOf_Order_1	100
[10/31/2020 17:55:36 : 37_21.9_math-physics.php : 352] test_1

[10/31/2020 17:55:36 : 37_21.9_math-physics.php : 385] $aryOf_Random_Integers_0_1
1	1	0	0	0	0	0	1	1	1	0	0	1	0	0	0	1	0	1	1

[10/31/2020 17:55:36 : 37_21.9_math-physics.php : 451] 
$cntOf_0	11
$cntOf_1	9
$sumOf_Order_0	100
$sumOf_Order_1	90
[10/31/2020 17:55:36 : 37_21.9_math-physics.php : 352] test_1

[10/31/2020 17:55:36 : 37_21.9_math-physics.php : 385] $aryOf_Random_Integers_0_1
0	1	1	1	0	0	1	1	1	0	1	1	1	1	0	0	1	0	1	0

[10/31/2020 17:55:36 : 37_21.9_math-physics.php : 451] 
$cntOf_0	8
$cntOf_1	12
$sumOf_Order_0	83
$sumOf_Order_1	107
[10/31/2020 17:55:36 : 37_21.9_math-physics.php : 352] test_1

[10/31/2020 17:55:36 : 37_21.9_math-physics.php : 385] $aryOf_Random_Integers_0_1
0	1	1	0	1	1	0	0	0	0	1	0	1	0	1	1	0	1	1	1

[10/31/2020 17:55:36 : 37_21.9_math-physics.php : 451] 
$cntOf_0	9
$cntOf_1	11
$sumOf_Order_0	73
$sumOf_Order_1	117
[10/31/2020 17:55:36 : 37_21.9_math-physics.php : 352] test_1

[10/31/2020 17:55:36 : 37_21.9_math-physics.php : 385] $aryOf_Random_Integers_0_1
1	1	0	1	0	1	1	0	1	1	0	1	0	1	1	0	0	0	1	0

[10/31/2020 17:55:36 : 37_21.9_math-physics.php : 451] 
$cntOf_0	9
$cntOf_1	11
$sumOf_Order_0	102
$sumOf_Order_1	88
[10/31/2020 17:55:36 : 37_21.9_math-physics.php : 352] test_1

[10/31/2020 17:55:36 : 37_21.9_math-physics.php : 385] $aryOf_Random_Integers_0_1
1	0	1	0	1	1	1	1	1	1	0	0	0	0	0	1	1	0	1	1

[10/31/2020 17:55:36 : 37_21.9_math-physics.php : 451] 
$cntOf_0	8
$cntOf_1	12
$sumOf_Order_0	81
$sumOf_Order_1	109
[10/31/2020 17:55:36 : 37_21.9_math-physics.php : 352] test_1

[10/31/2020 17:55:36 : 37_21.9_math-physics.php : 385] $aryOf_Random_Integers_0_1
0	1	1	0	1	1	0	1	0	0	0	0	0	1	0	0	0	1	0	0

[10/31/2020 17:55:36 : 37_21.9_math-physics.php : 451] 
$cntOf_0	13
$cntOf_1	7
$sumOf_Order_0	141
$sumOf_Order_1	49
[10/31/2020 17:55:36 : 37_21.9_math-physics.php : 188] 
$num_Iteratetion	50
sn.	$cntOf_0	$cntOf_1	$sumOf_Order_0	$sumOf_Order_1	ratio_cnt_0/1	ratio_sum_0/1
1	5	15	57	133	0.33	0.43
2	10	10	115	75	1.00	1.53
3	8	12	58	132	0.67	0.44
4	8	12	81	109	0.67	0.74
5	11	9	95	95	1.22	1.00
6	10	10	88	102	1.00	0.86
7	16	4	158	32	4.00	4.94
8	11	9	107	83	1.22	1.29
9	11	9	115	75	1.22	1.53
10	10	10	104	86	1.00	1.21
11	7	13	81	109	0.54	0.74
12	10	10	104	86	1.00	1.21
13	9	11	89	101	0.82	0.88
14	8	12	104	86	0.67	1.21
15	11	9	108	82	1.22	1.32
16	13	7	130	60	1.86	2.17
17	10	10	96	94	1.00	1.02
18	11	9	110	80	1.22	1.38
19	9	11	98	92	0.82	1.07
20	11	9	81	109	1.22	0.74
21	11	9	88	102	1.22	0.86
22	10	10	76	114	1.00	0.67
23	9	11	90	100	0.82	0.90
24	9	11	84	106	0.82	0.79
25	10	10	93	97	1.00	0.96
26	7	13	65	125	0.54	0.52
27	11	9	107	83	1.22	1.29
28	8	12	58	132	0.67	0.44
29	12	8	129	61	1.50	2.11
30	13	7	103	87	1.86	1.18
31	9	11	88	102	0.82	0.86
32	10	10	83	107	1.00	0.78
33	8	12	70	120	0.67	0.58
34	8	12	65	125	0.67	0.52
35	10	10	97	93	1.00	1.04
36	5	15	33	157	0.33	0.21
37	12	8	102	88	1.50	1.16
38	9	11	84	106	0.82	0.79
39	14	6	144	46	2.33	3.13
40	11	9	108	82	1.22	1.32
41	7	13	75	115	0.54	0.65
42	13	7	133	57	1.86	2.33
43	8	12	62	128	0.67	0.48
44	9	11	90	100	0.82	0.90
45	11	9	100	90	1.22	1.11
46	8	12	83	107	0.67	0.78
47	9	11	73	117	0.82	0.62
48	9	11	102	88	0.82	1.16
49	8	12	81	109	0.67	0.74
50	13	7	141	49	1.86	2.88

